 13:06:14.8386  WARN  -------------------ShClone Started:---------------------------------  Stack:Service1.<.cctor>b__2 => SHCloneBulkCopy.DoWork => SHCloneBulkCopy.LogWarn
 13:10:08.8400  WARN  -------------------ShClone Started:---------------------------------  Stack:Service1.<.cctor>b__2 => SHCloneBulkCopy.DoWork => SHCloneBulkCopy.LogWarn
 13:24:42.1593  WARN  -------------------ShClone Started:---------------------------------  Stack:Service1.<.cctor>b__2 => SHCloneBulkCopy.DoWork => SHCloneBulkCopy.LogWarn
 13:24:48.2899  INFO  -------------------ShClone Update Start Work:-----------------------  Stack:Service1.<.cctor>b__2 => SHCloneBulkCopy.DoWork => SHCloneBulkCopy.LogInfo
 13:24:48.6939  INFO  ShAVRItem_2015-11-09_12.35.05_33517.1.xls  Stack:SHCloneBulkCopy.DoWork => SHCloneBulkCopy.GetFiles => SHCloneBulkCopy.LogInfo
 13:24:48.7149  INFO  ShSite_2015-11-09_12.39.09_33540.zip  Stack:SHCloneBulkCopy.DoWork => SHCloneBulkCopy.GetFiles => SHCloneBulkCopy.LogInfo
 13:24:48.7149  INFO  ShAVRS_2015-11-09_08.02.50_32908.1.xls  Stack:SHCloneBulkCopy.DoWork => SHCloneBulkCopy.GetFiles => SHCloneBulkCopy.LogInfo
 13:24:48.7559  INFO  ShVCRequests_2015-11-09_08.01.56_32894.1.xls  Stack:SHCloneBulkCopy.DoWork => SHCloneBulkCopy.GetFiles => SHCloneBulkCopy.LogInfo
 13:24:48.7559  INFO  ShLimits_2015-11-09_08.01.56_32893.1.xls  Stack:SHCloneBulkCopy.DoWork => SHCloneBulkCopy.GetFiles => SHCloneBulkCopy.LogInfo
 13:24:49.8310  INFO  Unpacked: ShSite_2015-11-09_12.39.09_33540.zip  Stack:SHCloneBulkCopy.DoWork => SHCloneBulkCopy.UnZipFiles => SHCloneBulkCopy.LogInfo
 13:24:50.2991  INFO  Ожидали:AVRItemId, FIXId, FOLId, SiteId, Description, Price, Quantity, Unit, ECRType, ECRApprove, Region, AVRS_AVRId, Limit_LimitCode, LimitCounted, WorkReason, StartDate, EndDate, Note; Нашли:AVRItemId, Description, Price, Quantity, AVRS_AVRId, FIXId, FOLId, SiteId, Unit, ECRType, ECRApprove, Region, Limit_LimitCode, LimitCounted, WorkReason, StartDate, EndDate, Note  Stack:SHCloneBulkCopy.PrepareQueries => UniReportBulkCopy.ReadFiles => UniReportProtoType.FieldMatching
 13:24:50.3011  INFO  Начинаем чтение файла:ShAVRItem_2015-11-09_12.35.05_33517.1.xls  Stack:SHCloneBulkCopy.PrepareQueries => UniReportBulkCopy.ReadFiles => UniReportBulkCopy.Read
 13:24:50.7261  INFO  Прочли:4939 строк;ShAVRItem_2015-11-09_12.35.05_33517.1.xls  Stack:SHCloneBulkCopy.PrepareQueries => UniReportBulkCopy.ReadFiles => UniReportBulkCopy.Read
 13:24:51.4092  INFO  Ожидали:Site, SiteName, Address, Branch, City, MacroRegion, DataVvodaVeqspluatatciu, TipAMS, KolvoAMS, VidTOAMS, MarkaSKV, KolvoSKV, TipSKV, VidTOSKV, TippSKV, KolvopSKV, TipMobilnoiGU, TipStatcionarnoiGU, KolvoStacionarnihGU, KolvoMobilnihGU, TipAUGPT, KolvoAUGPT, Index; Нашли:Site, Address, Branch, City, MacroRegion, DataVvodaVeqspluatatciu, TipAMS, KolvoAMS, VidTOAMS, MarkaSKV, KolvoSKV, TipSKV, VidTOSKV, TippSKV, KolvopSKV, TipMobilnoiGU, TipStatcionarnoiGU, TipAUGPT, KolvoAUGPT, KolvoStacionarnihGU, Index, KolvoMobilnihGU, SiteName  Stack:SHCloneBulkCopy.PrepareQueries => UniReportBulkCopy.ReadFiles => UniReportProtoType.FieldMatching
 13:24:51.4092  INFO  Начинаем чтение файла:ShSite_2015-11-09_12.39.09_33540.1.xls  Stack:SHCloneBulkCopy.PrepareQueries => UniReportBulkCopy.ReadFiles => UniReportBulkCopy.Read
 13:27:27.3148  WARN  -------------------ShClone Started:---------------------------------  Stack:Service1.<.cctor>b__2 => SHCloneBulkCopy.DoWork => SHCloneBulkCopy.LogWarn
 13:27:34.3265  INFO  -------------------ShClone Update Start Work:-----------------------  Stack:Service1.<.cctor>b__2 => SHCloneBulkCopy.DoWork => SHCloneBulkCopy.LogInfo
 13:27:34.8895  INFO  ShAVRItem_2015-11-09_12.35.05_33517.1.xls  Stack:SHCloneBulkCopy.DoWork => SHCloneBulkCopy.GetFiles => SHCloneBulkCopy.LogInfo
 13:27:34.8895  INFO  ShSite_2015-11-09_12.39.09_33540.zip  Stack:SHCloneBulkCopy.DoWork => SHCloneBulkCopy.GetFiles => SHCloneBulkCopy.LogInfo
 13:27:34.9095  INFO  ShAVRS_2015-11-09_08.02.50_32908.1.xls  Stack:SHCloneBulkCopy.DoWork => SHCloneBulkCopy.GetFiles => SHCloneBulkCopy.LogInfo
 13:27:34.9726  INFO  ShVCRequests_2015-11-09_08.01.56_32894.1.xls  Stack:SHCloneBulkCopy.DoWork => SHCloneBulkCopy.GetFiles => SHCloneBulkCopy.LogInfo
 13:27:34.9726  INFO  ShLimits_2015-11-09_08.01.56_32893.1.xls  Stack:SHCloneBulkCopy.DoWork => SHCloneBulkCopy.GetFiles => SHCloneBulkCopy.LogInfo
 13:27:36.3397  INFO  Unpacked: ShSite_2015-11-09_12.39.09_33540.zip  Stack:SHCloneBulkCopy.DoWork => SHCloneBulkCopy.UnZipFiles => SHCloneBulkCopy.LogInfo
 13:27:36.8097  INFO  Ожидали:AVRItemId, FIXId, FOLId, SiteId, Description, Price, Quantity, Unit, ECRType, ECRApprove, Region, AVRS_AVRId, Limit_LimitCode, LimitCounted, WorkReason, StartDate, EndDate, Note; Нашли:AVRItemId, Description, Price, Quantity, AVRS_AVRId, FIXId, FOLId, SiteId, Unit, ECRType, ECRApprove, Region, Limit_LimitCode, LimitCounted, WorkReason, StartDate, EndDate, Note  Stack:SHCloneBulkCopy.PrepareQueries => UniReportBulkCopy.ReadFiles => UniReportProtoType.FieldMatching
 13:27:36.8097  INFO  Начинаем чтение файла:ShAVRItem_2015-11-09_12.35.05_33517.1.xls  Stack:SHCloneBulkCopy.PrepareQueries => UniReportBulkCopy.ReadFiles => UniReportBulkCopy.Read
 13:27:37.3398  INFO  Прочли:4939 строк;ShAVRItem_2015-11-09_12.35.05_33517.1.xls  Stack:SHCloneBulkCopy.PrepareQueries => UniReportBulkCopy.ReadFiles => UniReportBulkCopy.Read
 13:27:38.2589  INFO  Ожидали:Site, SiteName, Address, Branch, City, MacroRegion, DataVvodaVeqspluatatciu, TipAMS, KolvoAMS, VidTOAMS, MarkaSKV, KolvoSKV, TipSKV, VidTOSKV, TippSKV, KolvopSKV, TipMobilnoiGU, TipStatcionarnoiGU, KolvoStacionarnihGU, KolvoMobilnihGU, TipAUGPT, KolvoAUGPT, Index; Нашли:Site, Address, Branch, City, MacroRegion, DataVvodaVeqspluatatciu, TipAMS, KolvoAMS, VidTOAMS, MarkaSKV, KolvoSKV, TipSKV, VidTOSKV, TippSKV, KolvopSKV, TipMobilnoiGU, TipStatcionarnoiGU, TipAUGPT, KolvoAUGPT, KolvoStacionarnihGU, Index, KolvoMobilnihGU, SiteName  Stack:SHCloneBulkCopy.PrepareQueries => UniReportBulkCopy.ReadFiles => UniReportProtoType.FieldMatching
 13:27:38.2589  INFO  Начинаем чтение файла:ShSite_2015-11-09_12.39.09_33540.1.xls  Stack:SHCloneBulkCopy.PrepareQueries => UniReportBulkCopy.ReadFiles => UniReportBulkCopy.Read
 13:27:49.2100  INFO  Прочли:11131 строк;ShSite_2015-11-09_12.39.09_33540.1.xls  Stack:SHCloneBulkCopy.PrepareQueries => UniReportBulkCopy.ReadFiles => UniReportBulkCopy.Read
 13:27:49.2100  INFO  Начинаем чтение файла:ShSite_2015-11-09_12.39.09_33540.2.xls  Stack:SHCloneBulkCopy.PrepareQueries => UniReportBulkCopy.ReadFiles => UniReportBulkCopy.Read
 13:27:51.1772  INFO  Прочли:11131 строк;ShSite_2015-11-09_12.39.09_33540.2.xls  Stack:SHCloneBulkCopy.PrepareQueries => UniReportBulkCopy.ReadFiles => UniReportBulkCopy.Read
 13:27:51.1772  INFO  Начинаем чтение файла:ShSite_2015-11-09_12.39.09_33540.3.xls  Stack:SHCloneBulkCopy.PrepareQueries => UniReportBulkCopy.ReadFiles => UniReportBulkCopy.Read
 13:27:52.6153  INFO  Прочли:10302 строк;ShSite_2015-11-09_12.39.09_33540.3.xls  Stack:SHCloneBulkCopy.PrepareQueries => UniReportBulkCopy.ReadFiles => UniReportBulkCopy.Read
 13:27:52.6473  INFO  Ожидали:ObjectCreationDateTime, TaskSubcontractorNumber, DepartmentManager, BranchManagar, FactVypolneniiaRabotPodtverzhdaiuCB, FactVypolneniiaRabotPodtverzhdaiuRukOtd, ZayavkaECRAdmPoluchenaVobrabotku, DataVipuskaPO, PORotpravlenVOD, KomentariiECRAdmKzayavke, SentToSourcing, ApproovedBySoursing, Signed, SentToSubcontractor, BillNumber, FacruteNumber, KZDPoluchen, StatusRassmotreniya, CommentarijRassmotreniya, PeredanoVOplatu, OtpravlenoPodryadchikuDlyaRassmotreniya, DeliveryNumber, RukRegionApproval, MSIPApprove, AVRType, Network, ActivityCode, PaymentDate, ClearingDate, Year, CreatedByEmail, RukOtdelaEmail, Priority, AVRId, Subregion, TotalAmount, WorkStart, WorkEnd, Subcontractor, Project, Region, PurchaseOrderNumber, CreationPORdate, RukOtdela, RukFiliala, SubcontractorRef; Нашли:AVRId, Subregion, TotalAmount, WorkStart, WorkEnd, CreationPORdate, RukOtdela, RukFiliala, Subcontractor, Project, Region, PurchaseOrderNumber, ObjectCreationDateTime, TaskSubcontractorNumber, DepartmentManager, BranchManagar, FactVypolneniiaRabotPodtverzhdaiuCB, FactVypolneniiaRabotPodtverzhdaiuRukOtd, ZayavkaECRAdmPoluchenaVobrabotku, DataVipuskaPO, PORotpravlenVOD, KomentariiECRAdmKzayavke, SentToSourcing, ApproovedBySoursing, Signed, SentToSubcontractor, BillNumber, FacruteNumber, KZDPoluchen, StatusRassmotreniya, CommentarijRassmotreniya, PeredanoVOplatu, OtpravlenoPodryadchikuDlyaRassmotreniya, DeliveryNumber, RukRegionApproval, SubcontractorRef, MSIPApprove, AVRType, Network, ActivityCode, PaymentDate, ClearingDate, Year, CreatedByEmail, RukOtdelaEmail, Priority  Stack:SHCloneBulkCopy.PrepareQueries => UniReportBulkCopy.ReadFiles => UniReportProtoType.FieldMatching
 13:27:52.6473  INFO  Начинаем чтение файла:ShAVRS_2015-11-09_08.02.50_32908.1.xls  Stack:SHCloneBulkCopy.PrepareQueries => UniReportBulkCopy.ReadFiles => UniReportBulkCopy.Read
 13:27:55.5266  INFO  Прочли:116 строк;ShAVRS_2015-11-09_08.02.50_32908.1.xls  Stack:SHCloneBulkCopy.PrepareQueries => UniReportBulkCopy.ReadFiles => UniReportBulkCopy.Read
 13:27:55.5806  INFO  Ожидали:Id, ShAVRs_AVRId, CreateDate, NotificationSend, RequestSend, RequestAccept, RequestReject, OrderSend, OrderAccept, OrderReject, RejectReason; Нашли:Id, ShAVRs_AVRId, NotificationSend, RequestSend, RequestAccept, RequestReject, OrderSend, OrderAccept, OrderReject, RejectReason, CreateDate  Stack:SHCloneBulkCopy.PrepareQueries => UniReportBulkCopy.ReadFiles => UniReportProtoType.FieldMatching
 13:27:55.5806  INFO  Начинаем чтение файла:ShVCRequests_2015-11-09_08.01.56_32894.1.xls  Stack:SHCloneBulkCopy.PrepareQueries => UniReportBulkCopy.ReadFiles => UniReportBulkCopy.Read
 13:27:55.5806  INFO  Прочли:4 строк;ShVCRequests_2015-11-09_08.01.56_32894.1.xls  Stack:SHCloneBulkCopy.PrepareQueries => UniReportBulkCopy.ReadFiles => UniReportBulkCopy.Read
 13:28:00.0981  ERROR  Количество найденых полей не совпадает с ожидаемым!  Stack:SHCloneBulkCopy.PrepareQueries => UniReportBulkCopy.ReadFiles => UniReportProtoType.FieldMatching
 13:28:01.1942  ERROR  Ожидали:LimitCode, StartDate, EndDate, Limit, SettedLimit, Executed, Units, Description, ShTestValue; Нашли:LimitCode, StartDate, EndDate, Limit, SettedLimit, Executed, Units, Description  Stack:SHCloneBulkCopy.PrepareQueries => UniReportBulkCopy.ReadFiles => UniReportProtoType.FieldMatching
 13:28:01.9143  ERROR  ShTestValue  Stack:SHCloneBulkCopy.PrepareQueries => UniReportBulkCopy.ReadFiles => UniReportProtoType.FieldMatching
 13:29:27.1508  WARN  -------------------ShClone Started:---------------------------------  Stack:Service1.<.cctor>b__2 => SHCloneBulkCopy.DoWork => SHCloneBulkCopy.LogWarn
 13:29:33.9375  INFO  -------------------ShClone Update Start Work:-----------------------  Stack:Service1.<.cctor>b__2 => SHCloneBulkCopy.DoWork => SHCloneBulkCopy.LogInfo
 13:29:34.3455  INFO  ShAVRItem_2015-11-09_12.35.05_33517.1.xls  Stack:SHCloneBulkCopy.DoWork => SHCloneBulkCopy.GetFiles => SHCloneBulkCopy.LogInfo
 13:29:34.3595  INFO  ShSite_2015-11-09_12.39.09_33540.zip  Stack:SHCloneBulkCopy.DoWork => SHCloneBulkCopy.GetFiles => SHCloneBulkCopy.LogInfo
 13:29:34.3595  INFO  ShAVRS_2015-11-09_08.02.50_32908.1.xls  Stack:SHCloneBulkCopy.DoWork => SHCloneBulkCopy.GetFiles => SHCloneBulkCopy.LogInfo
 13:29:34.4065  INFO  ShVCRequests_2015-11-09_08.01.56_32894.1.xls  Stack:SHCloneBulkCopy.DoWork => SHCloneBulkCopy.GetFiles => SHCloneBulkCopy.LogInfo
 13:29:34.4065  INFO  ShLimits_2015-11-09_08.01.56_32893.1.xls  Stack:SHCloneBulkCopy.DoWork => SHCloneBulkCopy.GetFiles => SHCloneBulkCopy.LogInfo
 13:29:35.5096  INFO  Unpacked: ShSite_2015-11-09_12.39.09_33540.zip  Stack:SHCloneBulkCopy.DoWork => SHCloneBulkCopy.UnZipFiles => SHCloneBulkCopy.LogInfo
 13:29:36.0967  INFO  Ожидали:AVRItemId, FIXId, FOLId, SiteId, Description, Price, Quantity, Unit, ECRType, ECRApprove, Region, AVRS_AVRId, Limit_LimitCode, LimitCounted, WorkReason, StartDate, EndDate, Note; Нашли:AVRItemId, Description, Price, Quantity, AVRS_AVRId, FIXId, FOLId, SiteId, Unit, ECRType, ECRApprove, Region, Limit_LimitCode, LimitCounted, WorkReason, StartDate, EndDate, Note  Stack:SHCloneBulkCopy.PrepareQueries => UniReportBulkCopy.ReadFiles => UniReportProtoType.FieldMatching
 13:29:36.0967  INFO  Начинаем чтение файла:ShAVRItem_2015-11-09_12.35.05_33517.1.xls  Stack:SHCloneBulkCopy.PrepareQueries => UniReportBulkCopy.ReadFiles => UniReportBulkCopy.Read
 13:29:36.6227  INFO  Прочли:4939 строк;ShAVRItem_2015-11-09_12.35.05_33517.1.xls  Stack:SHCloneBulkCopy.PrepareQueries => UniReportBulkCopy.ReadFiles => UniReportBulkCopy.Read
 13:29:37.4398  INFO  Ожидали:Site, SiteName, Address, Branch, City, MacroRegion, DataVvodaVeqspluatatciu, TipAMS, KolvoAMS, VidTOAMS, MarkaSKV, KolvoSKV, TipSKV, VidTOSKV, TippSKV, KolvopSKV, TipMobilnoiGU, TipStatcionarnoiGU, KolvoStacionarnihGU, KolvoMobilnihGU, TipAUGPT, KolvoAUGPT, Index; Нашли:Site, Address, Branch, City, MacroRegion, DataVvodaVeqspluatatciu, TipAMS, KolvoAMS, VidTOAMS, MarkaSKV, KolvoSKV, TipSKV, VidTOSKV, TippSKV, KolvopSKV, TipMobilnoiGU, TipStatcionarnoiGU, TipAUGPT, KolvoAUGPT, KolvoStacionarnihGU, Index, KolvoMobilnihGU, SiteName  Stack:SHCloneBulkCopy.PrepareQueries => UniReportBulkCopy.ReadFiles => UniReportProtoType.FieldMatching
 13:29:37.4398  INFO  Начинаем чтение файла:ShSite_2015-11-09_12.39.09_33540.1.xls  Stack:SHCloneBulkCopy.PrepareQueries => UniReportBulkCopy.ReadFiles => UniReportBulkCopy.Read
 13:29:41.1732  INFO  Прочли:11131 строк;ShSite_2015-11-09_12.39.09_33540.1.xls  Stack:SHCloneBulkCopy.PrepareQueries => UniReportBulkCopy.ReadFiles => UniReportBulkCopy.Read
 13:29:41.1732  INFO  Начинаем чтение файла:ShSite_2015-11-09_12.39.09_33540.2.xls  Stack:SHCloneBulkCopy.PrepareQueries => UniReportBulkCopy.ReadFiles => UniReportBulkCopy.Read
 13:29:42.7353  INFO  Прочли:11131 строк;ShSite_2015-11-09_12.39.09_33540.2.xls  Stack:SHCloneBulkCopy.PrepareQueries => UniReportBulkCopy.ReadFiles => UniReportBulkCopy.Read
 13:29:42.7353  INFO  Начинаем чтение файла:ShSite_2015-11-09_12.39.09_33540.3.xls  Stack:SHCloneBulkCopy.PrepareQueries => UniReportBulkCopy.ReadFiles => UniReportBulkCopy.Read
 13:29:44.5285  INFO  Прочли:10302 строк;ShSite_2015-11-09_12.39.09_33540.3.xls  Stack:SHCloneBulkCopy.PrepareQueries => UniReportBulkCopy.ReadFiles => UniReportBulkCopy.Read
 13:29:44.5825  INFO  Ожидали:ObjectCreationDateTime, TaskSubcontractorNumber, DepartmentManager, BranchManagar, FactVypolneniiaRabotPodtverzhdaiuCB, FactVypolneniiaRabotPodtverzhdaiuRukOtd, ZayavkaECRAdmPoluchenaVobrabotku, DataVipuskaPO, PORotpravlenVOD, KomentariiECRAdmKzayavke, SentToSourcing, ApproovedBySoursing, Signed, SentToSubcontractor, BillNumber, FacruteNumber, KZDPoluchen, StatusRassmotreniya, CommentarijRassmotreniya, PeredanoVOplatu, OtpravlenoPodryadchikuDlyaRassmotreniya, DeliveryNumber, RukRegionApproval, MSIPApprove, AVRType, Network, ActivityCode, PaymentDate, ClearingDate, Year, CreatedByEmail, RukOtdelaEmail, Priority, AVRId, Subregion, TotalAmount, WorkStart, WorkEnd, Subcontractor, Project, Region, PurchaseOrderNumber, CreationPORdate, RukOtdela, RukFiliala, SubcontractorRef; Нашли:AVRId, Subregion, TotalAmount, WorkStart, WorkEnd, CreationPORdate, RukOtdela, RukFiliala, Subcontractor, Project, Region, PurchaseOrderNumber, ObjectCreationDateTime, TaskSubcontractorNumber, DepartmentManager, BranchManagar, FactVypolneniiaRabotPodtverzhdaiuCB, FactVypolneniiaRabotPodtverzhdaiuRukOtd, ZayavkaECRAdmPoluchenaVobrabotku, DataVipuskaPO, PORotpravlenVOD, KomentariiECRAdmKzayavke, SentToSourcing, ApproovedBySoursing, Signed, SentToSubcontractor, BillNumber, FacruteNumber, KZDPoluchen, StatusRassmotreniya, CommentarijRassmotreniya, PeredanoVOplatu, OtpravlenoPodryadchikuDlyaRassmotreniya, DeliveryNumber, RukRegionApproval, SubcontractorRef, MSIPApprove, AVRType, Network, ActivityCode, PaymentDate, ClearingDate, Year, CreatedByEmail, RukOtdelaEmail, Priority  Stack:SHCloneBulkCopy.PrepareQueries => UniReportBulkCopy.ReadFiles => UniReportProtoType.FieldMatching
 13:29:44.5825  INFO  Начинаем чтение файла:ShAVRS_2015-11-09_08.02.50_32908.1.xls  Stack:SHCloneBulkCopy.PrepareQueries => UniReportBulkCopy.ReadFiles => UniReportBulkCopy.Read
 13:30:23.6654  INFO  Прочли:116 строк;ShAVRS_2015-11-09_08.02.50_32908.1.xls  Stack:SHCloneBulkCopy.PrepareQueries => UniReportBulkCopy.ReadFiles => UniReportBulkCopy.Read
 13:30:23.7084  INFO  Ожидали:Id, ShAVRs_AVRId, CreateDate, NotificationSend, RequestSend, RequestAccept, RequestReject, OrderSend, OrderAccept, OrderReject, RejectReason; Нашли:Id, ShAVRs_AVRId, NotificationSend, RequestSend, RequestAccept, RequestReject, OrderSend, OrderAccept, OrderReject, RejectReason, CreateDate  Stack:SHCloneBulkCopy.PrepareQueries => UniReportBulkCopy.ReadFiles => UniReportProtoType.FieldMatching
 13:30:23.7084  INFO  Начинаем чтение файла:ShVCRequests_2015-11-09_08.01.56_32894.1.xls  Stack:SHCloneBulkCopy.PrepareQueries => UniReportBulkCopy.ReadFiles => UniReportBulkCopy.Read
 13:30:23.7084  INFO  Прочли:4 строк;ShVCRequests_2015-11-09_08.01.56_32894.1.xls  Stack:SHCloneBulkCopy.PrepareQueries => UniReportBulkCopy.ReadFiles => UniReportBulkCopy.Read
 13:30:23.7354  INFO  Ожидали:LimitCode, StartDate, EndDate, Limit, SettedLimit, Executed, Units, Description, ShTestValue; Нашли:LimitCode, StartDate, EndDate, Limit, SettedLimit, Executed, Units, Description, ShTestValue  Stack:SHCloneBulkCopy.PrepareQueries => UniReportBulkCopy.ReadFiles => UniReportProtoType.FieldMatching
 13:30:23.7354  INFO  Начинаем чтение файла:ShLimits_2015-11-09_08.01.56_32893.1.xls  Stack:SHCloneBulkCopy.PrepareQueries => UniReportBulkCopy.ReadFiles => UniReportBulkCopy.Read
 13:30:23.7354  INFO  Прочли:2 строк;ShLimits_2015-11-09_08.01.56_32893.1.xls  Stack:SHCloneBulkCopy.PrepareQueries => UniReportBulkCopy.ReadFiles => UniReportBulkCopy.Read
 13:30:23.9395  INFO  ----->>> Добавлен таск:ShCloneUpdate  Stack:TaskManager.AddDbTasks => TaskManager.AddTask => TaskManager.LogInfo
 13:30:24.5055  INFO  -------------------ShClone Update End Work:-------------------------  Stack:Service1.<.cctor>b__2 => SHCloneBulkCopy.DoWork => SHCloneBulkCopy.LogInfo
 13:30:27.4108  DEBUG  ------>>> Старт таска: ShCloneUpdate  Stack:Task.InnerInvoke => Service1.<.cctor>b__3 => TaskManager.ProcessTasks
 13:30:27.4188  DEBUG  ShCloneUpdate: DbModels.DomainModels.DbTasks.TaskLog 1  Stack:List`1.ForEach => SHCloneBulkCopyHandler.<Handle>b__2 => TaskLogger.LogDebug
 13:30:27.4918  DEBUG  ShCloneUpdate: DbModels.DomainModels.DbTasks.DbTask 1  Stack:List`1.ForEach => SHCloneBulkCopyHandler.<Handle>b__2 => TaskLogger.LogDebug
 13:30:27.5068  DEBUG  ShCloneUpdate: Всего:4  Stack:TaskBase.Process => SHCloneBulkCopyHandler.Handle => TaskLogger.LogDebug
 13:33:09.9781  WARN  -------------------ShClone Started:---------------------------------  Stack:Service1.<.cctor>b__2 => SHCloneBulkCopy.DoWork => SHCloneBulkCopy.LogWarn
 13:33:22.9764  INFO  -------------------ShClone Update Start Work:-----------------------  Stack:Service1.<.cctor>b__2 => SHCloneBulkCopy.DoWork => SHCloneBulkCopy.LogInfo
 13:33:23.5184  INFO  Cannot find file of type:ShSite  Stack:SHCloneBulkCopy.DoWork => SHCloneBulkCopy.GetFiles => SHCloneBulkCopy.LogInfo
 13:33:23.5814  INFO  -------------------ShClone Update End Work:-------------------------  Stack:Service1.<.cctor>b__2 => SHCloneBulkCopy.DoWork => SHCloneBulkCopy.LogInfo
 13:33:54.7325  WARN  -------------------ShClone Started:---------------------------------  Stack:Service1.<.cctor>b__2 => SHCloneBulkCopy.DoWork => SHCloneBulkCopy.LogWarn
 13:34:03.8444  INFO  -------------------ShClone Update Start Work:-----------------------  Stack:Service1.<.cctor>b__2 => SHCloneBulkCopy.DoWork => SHCloneBulkCopy.LogInfo
 13:34:04.3005  INFO  ShSite_2015-11-09_12.39.09_33540.zip  Stack:SHCloneBulkCopy.DoWork => SHCloneBulkCopy.GetFiles => SHCloneBulkCopy.LogInfo
 13:34:04.3005  INFO  ShAVRS_2015-11-09_08.02.50_32908.1.xls  Stack:SHCloneBulkCopy.DoWork => SHCloneBulkCopy.GetFiles => SHCloneBulkCopy.LogInfo
 13:34:04.3695  INFO  ShVCRequests_2015-11-09_08.01.56_32894.1.xls  Stack:SHCloneBulkCopy.DoWork => SHCloneBulkCopy.GetFiles => SHCloneBulkCopy.LogInfo
 13:34:04.3695  INFO  ShAVRItem_2015-11-09_12.35.05_33517.1.xls  Stack:SHCloneBulkCopy.DoWork => SHCloneBulkCopy.GetFiles => SHCloneBulkCopy.LogInfo
 13:34:04.3695  INFO  ShLimits_2015-11-09_08.01.56_32893.1.xls  Stack:SHCloneBulkCopy.DoWork => SHCloneBulkCopy.GetFiles => SHCloneBulkCopy.LogInfo
 13:34:05.8666  INFO  Unpacked: ShSite_2015-11-09_12.39.09_33540.zip  Stack:SHCloneBulkCopy.DoWork => SHCloneBulkCopy.UnZipFiles => SHCloneBulkCopy.LogInfo
 13:34:07.1528  INFO  Ожидали:Site, SiteName, Address, Branch, City, MacroRegion, DataVvodaVeqspluatatciu, TipAMS, KolvoAMS, VidTOAMS, MarkaSKV, KolvoSKV, TipSKV, VidTOSKV, TippSKV, KolvopSKV, TipMobilnoiGU, TipStatcionarnoiGU, KolvoStacionarnihGU, KolvoMobilnihGU, TipAUGPT, KolvoAUGPT, Index; Нашли:Site, Address, Branch, City, MacroRegion, DataVvodaVeqspluatatciu, TipAMS, KolvoAMS, VidTOAMS, MarkaSKV, KolvoSKV, TipSKV, VidTOSKV, TippSKV, KolvopSKV, TipMobilnoiGU, TipStatcionarnoiGU, TipAUGPT, KolvoAUGPT, KolvoStacionarnihGU, Index, KolvoMobilnihGU, SiteName  Stack:SHCloneBulkCopy.PrepareQueries => UniReportBulkCopy.ReadFiles => UniReportProtoType.FieldMatching
 13:34:07.1548  INFO  Начинаем чтение файла:ShSite_2015-11-09_12.39.09_33540.1.xls  Stack:SHCloneBulkCopy.PrepareQueries => UniReportBulkCopy.ReadFiles => UniReportBulkCopy.Read
 13:34:10.9411  INFO  Прочли:11131 строк;ShSite_2015-11-09_12.39.09_33540.1.xls  Stack:SHCloneBulkCopy.PrepareQueries => UniReportBulkCopy.ReadFiles => UniReportBulkCopy.Read
 13:34:10.9411  INFO  Начинаем чтение файла:ShSite_2015-11-09_12.39.09_33540.2.xls  Stack:SHCloneBulkCopy.PrepareQueries => UniReportBulkCopy.ReadFiles => UniReportBulkCopy.Read
 13:34:12.6943  INFO  Прочли:11131 строк;ShSite_2015-11-09_12.39.09_33540.2.xls  Stack:SHCloneBulkCopy.PrepareQueries => UniReportBulkCopy.ReadFiles => UniReportBulkCopy.Read
 13:34:12.6943  INFO  Начинаем чтение файла:ShSite_2015-11-09_12.39.09_33540.3.xls  Stack:SHCloneBulkCopy.PrepareQueries => UniReportBulkCopy.ReadFiles => UniReportBulkCopy.Read
 13:34:14.2185  INFO  Прочли:10302 строк;ShSite_2015-11-09_12.39.09_33540.3.xls  Stack:SHCloneBulkCopy.PrepareQueries => UniReportBulkCopy.ReadFiles => UniReportBulkCopy.Read
 13:34:14.2585  INFO  Ожидали:ObjectCreationDateTime, TaskSubcontractorNumber, DepartmentManager, BranchManagar, FactVypolneniiaRabotPodtverzhdaiuCB, FactVypolneniiaRabotPodtverzhdaiuRukOtd, ZayavkaECRAdmPoluchenaVobrabotku, DataVipuskaPO, PORotpravlenVOD, KomentariiECRAdmKzayavke, SentToSourcing, ApproovedBySoursing, Signed, SentToSubcontractor, BillNumber, FacruteNumber, KZDPoluchen, StatusRassmotreniya, CommentarijRassmotreniya, PeredanoVOplatu, OtpravlenoPodryadchikuDlyaRassmotreniya, DeliveryNumber, RukRegionApproval, MSIPApprove, AVRType, Network, ActivityCode, PaymentDate, ClearingDate, Year, CreatedByEmail, RukOtdelaEmail, Priority, AVRId, Subregion, TotalAmount, WorkStart, WorkEnd, Subcontractor, Project, Region, PurchaseOrderNumber, CreationPORdate, RukOtdela, RukFiliala, SubcontractorRef; Нашли:AVRId, Subregion, TotalAmount, WorkStart, WorkEnd, CreationPORdate, RukOtdela, RukFiliala, Subcontractor, Project, Region, PurchaseOrderNumber, ObjectCreationDateTime, TaskSubcontractorNumber, DepartmentManager, BranchManagar, FactVypolneniiaRabotPodtverzhdaiuCB, FactVypolneniiaRabotPodtverzhdaiuRukOtd, ZayavkaECRAdmPoluchenaVobrabotku, DataVipuskaPO, PORotpravlenVOD, KomentariiECRAdmKzayavke, SentToSourcing, ApproovedBySoursing, Signed, SentToSubcontractor, BillNumber, FacruteNumber, KZDPoluchen, StatusRassmotreniya, CommentarijRassmotreniya, PeredanoVOplatu, OtpravlenoPodryadchikuDlyaRassmotreniya, DeliveryNumber, RukRegionApproval, SubcontractorRef, MSIPApprove, AVRType, Network, ActivityCode, PaymentDate, ClearingDate, Year, CreatedByEmail, RukOtdelaEmail, Priority  Stack:SHCloneBulkCopy.PrepareQueries => UniReportBulkCopy.ReadFiles => UniReportProtoType.FieldMatching
 13:34:14.2585  INFO  Начинаем чтение файла:ShAVRS_2015-11-09_08.02.50_32908.1.xls  Stack:SHCloneBulkCopy.PrepareQueries => UniReportBulkCopy.ReadFiles => UniReportBulkCopy.Read
 13:34:17.4378  INFO  Прочли:116 строк;ShAVRS_2015-11-09_08.02.50_32908.1.xls  Stack:SHCloneBulkCopy.PrepareQueries => UniReportBulkCopy.ReadFiles => UniReportBulkCopy.Read
 13:34:17.4978  INFO  Ожидали:Id, ShAVRs_AVRId, CreateDate, NotificationSend, RequestSend, RequestAccept, RequestReject, OrderSend, OrderAccept, OrderReject, RejectReason; Нашли:Id, ShAVRs_AVRId, NotificationSend, RequestSend, RequestAccept, RequestReject, OrderSend, OrderAccept, OrderReject, RejectReason, CreateDate  Stack:SHCloneBulkCopy.PrepareQueries => UniReportBulkCopy.ReadFiles => UniReportProtoType.FieldMatching
 13:34:17.4978  INFO  Начинаем чтение файла:ShVCRequests_2015-11-09_08.01.56_32894.1.xls  Stack:SHCloneBulkCopy.PrepareQueries => UniReportBulkCopy.ReadFiles => UniReportBulkCopy.Read
 13:34:17.4978  INFO  Прочли:4 строк;ShVCRequests_2015-11-09_08.01.56_32894.1.xls  Stack:SHCloneBulkCopy.PrepareQueries => UniReportBulkCopy.ReadFiles => UniReportBulkCopy.Read
 13:34:17.8618  INFO  Ожидали:AVRItemId, FIXId, FOLId, SiteId, Description, Price, Quantity, Unit, ECRType, ECRApprove, Region, AVRS_AVRId, Limit_LimitCode, LimitCounted, WorkReason, StartDate, EndDate, Note; Нашли:AVRItemId, Description, Price, Quantity, AVRS_AVRId, FIXId, FOLId, SiteId, Unit, ECRType, ECRApprove, Region, Limit_LimitCode, LimitCounted, WorkReason, StartDate, EndDate, Note  Stack:SHCloneBulkCopy.PrepareQueries => UniReportBulkCopy.ReadFiles => UniReportProtoType.FieldMatching
 13:34:17.8618  INFO  Начинаем чтение файла:ShAVRItem_2015-11-09_12.35.05_33517.1.xls  Stack:SHCloneBulkCopy.PrepareQueries => UniReportBulkCopy.ReadFiles => UniReportBulkCopy.Read
 13:34:18.3649  INFO  Прочли:4939 строк;ShAVRItem_2015-11-09_12.35.05_33517.1.xls  Stack:SHCloneBulkCopy.PrepareQueries => UniReportBulkCopy.ReadFiles => UniReportBulkCopy.Read
 13:34:18.3909  INFO  Ожидали:LimitCode, StartDate, EndDate, Limit, SettedLimit, Executed, Units, Description, ShTestValue; Нашли:LimitCode, StartDate, EndDate, Limit, SettedLimit, Executed, Units, Description, ShTestValue  Stack:SHCloneBulkCopy.PrepareQueries => UniReportBulkCopy.ReadFiles => UniReportProtoType.FieldMatching
 13:34:18.3909  INFO  Начинаем чтение файла:ShLimits_2015-11-09_08.01.56_32893.1.xls  Stack:SHCloneBulkCopy.PrepareQueries => UniReportBulkCopy.ReadFiles => UniReportBulkCopy.Read
 13:34:18.3909  INFO  Прочли:2 строк;ShLimits_2015-11-09_08.01.56_32893.1.xls  Stack:SHCloneBulkCopy.PrepareQueries => UniReportBulkCopy.ReadFiles => UniReportBulkCopy.Read
 13:34:18.5079  INFO  ----->>> Добавлен таск:ShCloneUpdate  Stack:TaskManager.AddDbTasks => TaskManager.AddTask => TaskManager.LogInfo
 13:34:18.6659  INFO  -------------------ShClone Update End Work:-------------------------  Stack:Service1.<.cctor>b__2 => SHCloneBulkCopy.DoWork => SHCloneBulkCopy.LogInfo
 13:34:18.8469  DEBUG  ------>>> Старт таска: ShCloneUpdate  Stack:Task.InnerInvoke => Service1.<.cctor>b__3 => TaskManager.ProcessTasks
 13:34:18.8469  DEBUG  ShCloneUpdate: DbModels.DomainModels.DbTasks.TaskLog 1  Stack:List`1.ForEach => SHCloneBulkCopyHandler.<Handle>b__2 => TaskLogger.LogDebug
 13:34:18.8999  DEBUG  ShCloneUpdate: DbModels.DomainModels.DbTasks.DbTask 1  Stack:List`1.ForEach => SHCloneBulkCopyHandler.<Handle>b__2 => TaskLogger.LogDebug
 13:34:18.9229  DEBUG  ShCloneUpdate: Всего:4  Stack:TaskBase.Process => SHCloneBulkCopyHandler.Handle => TaskLogger.LogDebug
 13:34:18.9449  WARN  ShCloneUpdate: ..!!..!!..!!..Очищаем таблицы   Stack:TaskBase.Process => SHCloneBulkCopyHandler.Handle => TaskLogger.LogWarn
 13:36:51.4282  WARN  -------------------ShClone Started:---------------------------------  Stack:Service1.<.cctor>b__2 => SHCloneBulkCopy.DoWork => SHCloneBulkCopy.LogWarn
 13:36:57.6678  INFO  -------------------ShClone Update Start Work:-----------------------  Stack:Service1.<.cctor>b__2 => SHCloneBulkCopy.DoWork => SHCloneBulkCopy.LogInfo
 13:36:58.0889  INFO  ShSite_2015-11-09_12.39.09_33540.zip  Stack:SHCloneBulkCopy.DoWork => SHCloneBulkCopy.GetFiles => SHCloneBulkCopy.LogInfo
 13:36:58.1299  INFO  ShVCRequests_2015-11-09_08.01.56_32894.1.xls  Stack:SHCloneBulkCopy.DoWork => SHCloneBulkCopy.GetFiles => SHCloneBulkCopy.LogInfo
 13:36:58.1299  INFO  ShAVRS_2015-11-09_08.02.50_32908.1.xls  Stack:SHCloneBulkCopy.DoWork => SHCloneBulkCopy.GetFiles => SHCloneBulkCopy.LogInfo
 13:36:58.1299  INFO  ShLimits_2015-11-09_08.01.56_32893.1.xls  Stack:SHCloneBulkCopy.DoWork => SHCloneBulkCopy.GetFiles => SHCloneBulkCopy.LogInfo
 13:36:58.1439  INFO  ShAVRItem_2015-11-09_12.35.05_33517.1.xls  Stack:SHCloneBulkCopy.DoWork => SHCloneBulkCopy.GetFiles => SHCloneBulkCopy.LogInfo
 13:36:59.2380  INFO  Unpacked: ShSite_2015-11-09_12.39.09_33540.zip  Stack:SHCloneBulkCopy.DoWork => SHCloneBulkCopy.UnZipFiles => SHCloneBulkCopy.LogInfo
 13:37:00.3761  INFO  Ожидали:Site, SiteName, Address, Branch, City, MacroRegion, DataVvodaVeqspluatatciu, TipAMS, KolvoAMS, VidTOAMS, MarkaSKV, KolvoSKV, TipSKV, VidTOSKV, TippSKV, KolvopSKV, TipMobilnoiGU, TipStatcionarnoiGU, KolvoStacionarnihGU, KolvoMobilnihGU, TipAUGPT, KolvoAUGPT, Index; Нашли:Site, Address, Branch, City, MacroRegion, DataVvodaVeqspluatatciu, TipAMS, KolvoAMS, VidTOAMS, MarkaSKV, KolvoSKV, TipSKV, VidTOSKV, TippSKV, KolvopSKV, TipMobilnoiGU, TipStatcionarnoiGU, TipAUGPT, KolvoAUGPT, KolvoStacionarnihGU, Index, KolvoMobilnihGU, SiteName  Stack:SHCloneBulkCopy.PrepareQueries => UniReportBulkCopy.ReadFiles => UniReportProtoType.FieldMatching
 13:37:00.3761  INFO  Начинаем чтение файла:ShSite_2015-11-09_12.39.09_33540.1.xls  Stack:SHCloneBulkCopy.PrepareQueries => UniReportBulkCopy.ReadFiles => UniReportBulkCopy.Read
 13:37:03.9404  INFO  Прочли:11131 строк;ShSite_2015-11-09_12.39.09_33540.1.xls  Stack:SHCloneBulkCopy.PrepareQueries => UniReportBulkCopy.ReadFiles => UniReportBulkCopy.Read
 13:37:03.9404  INFO  Начинаем чтение файла:ShSite_2015-11-09_12.39.09_33540.2.xls  Stack:SHCloneBulkCopy.PrepareQueries => UniReportBulkCopy.ReadFiles => UniReportBulkCopy.Read
 13:37:05.5096  INFO  Прочли:11131 строк;ShSite_2015-11-09_12.39.09_33540.2.xls  Stack:SHCloneBulkCopy.PrepareQueries => UniReportBulkCopy.ReadFiles => UniReportBulkCopy.Read
 13:37:05.5096  INFO  Начинаем чтение файла:ShSite_2015-11-09_12.39.09_33540.3.xls  Stack:SHCloneBulkCopy.PrepareQueries => UniReportBulkCopy.ReadFiles => UniReportBulkCopy.Read
 13:37:07.0018  INFO  Прочли:10302 строк;ShSite_2015-11-09_12.39.09_33540.3.xls  Stack:SHCloneBulkCopy.PrepareQueries => UniReportBulkCopy.ReadFiles => UniReportBulkCopy.Read
 13:37:07.0628  INFO  Ожидали:Id, ShAVRs_AVRId, CreateDate, NotificationSend, RequestSend, RequestAccept, RequestReject, OrderSend, OrderAccept, OrderReject, RejectReason; Нашли:Id, ShAVRs_AVRId, NotificationSend, RequestSend, RequestAccept, RequestReject, OrderSend, OrderAccept, OrderReject, RejectReason, CreateDate  Stack:SHCloneBulkCopy.PrepareQueries => UniReportBulkCopy.ReadFiles => UniReportProtoType.FieldMatching
 13:37:07.0628  INFO  Начинаем чтение файла:ShVCRequests_2015-11-09_08.01.56_32894.1.xls  Stack:SHCloneBulkCopy.PrepareQueries => UniReportBulkCopy.ReadFiles => UniReportBulkCopy.Read
 13:37:07.0628  INFO  Прочли:4 строк;ShVCRequests_2015-11-09_08.01.56_32894.1.xls  Stack:SHCloneBulkCopy.PrepareQueries => UniReportBulkCopy.ReadFiles => UniReportBulkCopy.Read
 13:37:12.3143  ERROR  Количество найденых полей не совпадает с ожидаемым!  Stack:SHCloneBulkCopy.PrepareQueries => UniReportBulkCopy.ReadFiles => UniReportProtoType.FieldMatching
 13:37:12.9453  ERROR  Ожидали:Site, SiteName, Address, Branch, City, MacroRegion, DataVvodaVeqspluatatciu, TipAMS, KolvoAMS, VidTOAMS, MarkaSKV, KolvoSKV, TipSKV, VidTOSKV, TippSKV, KolvopSKV, TipMobilnoiGU, TipStatcionarnoiGU, KolvoStacionarnihGU, KolvoMobilnihGU, TipAUGPT, KolvoAUGPT, Index; Нашли:  Stack:SHCloneBulkCopy.PrepareQueries => UniReportBulkCopy.ReadFiles => UniReportProtoType.FieldMatching
 13:37:48.4699  WARN  -------------------ShClone Started:---------------------------------  Stack:Service1.<.cctor>b__2 => SHCloneBulkCopy.DoWork => SHCloneBulkCopy.LogWarn
 13:37:55.0036  INFO  -------------------ShClone Update Start Work:-----------------------  Stack:Service1.<.cctor>b__2 => SHCloneBulkCopy.DoWork => SHCloneBulkCopy.LogInfo
 13:37:55.3886  INFO  ShPriceListItems_2015-11-11_11.37.31_39444.1.xls  Stack:SHCloneBulkCopy.DoWork => SHCloneBulkCopy.GetFiles => SHCloneBulkCopy.LogInfo
 13:37:55.3996  INFO  ShSite_2015-11-09_12.39.09_33540.zip  Stack:SHCloneBulkCopy.DoWork => SHCloneBulkCopy.GetFiles => SHCloneBulkCopy.LogInfo
 13:37:55.4186  INFO  ShSostavRabotTO_2015-11-11_11.37.31_39443.1.xls  Stack:SHCloneBulkCopy.DoWork => SHCloneBulkCopy.GetFiles => SHCloneBulkCopy.LogInfo
 13:37:55.4186  INFO  ShSostavRabotTOItems_2015-11-11_11.37.30_39442.1.xls  Stack:SHCloneBulkCopy.DoWork => SHCloneBulkCopy.GetFiles => SHCloneBulkCopy.LogInfo
 13:37:55.4296  INFO  ShVCRequests_2015-11-09_08.01.56_32894.1.xls  Stack:SHCloneBulkCopy.DoWork => SHCloneBulkCopy.GetFiles => SHCloneBulkCopy.LogInfo
 13:37:55.4296  INFO  ShAVRS_2015-11-09_08.02.50_32908.1.xls  Stack:SHCloneBulkCopy.DoWork => SHCloneBulkCopy.GetFiles => SHCloneBulkCopy.LogInfo
 13:37:55.4296  INFO  ShLimits_2015-11-09_08.01.56_32893.1.xls  Stack:SHCloneBulkCopy.DoWork => SHCloneBulkCopy.GetFiles => SHCloneBulkCopy.LogInfo
 13:37:55.4296  INFO  ShAVRItem_2015-11-09_12.35.05_33517.1.xls  Stack:SHCloneBulkCopy.DoWork => SHCloneBulkCopy.GetFiles => SHCloneBulkCopy.LogInfo
 13:37:56.6457  INFO  Unpacked: ShSite_2015-11-09_12.39.09_33540.zip  Stack:SHCloneBulkCopy.DoWork => SHCloneBulkCopy.UnZipFiles => SHCloneBulkCopy.LogInfo
 13:37:56.8997  INFO  Ожидали:PriceListItemsId, SapCodeNumber, Price, Description, RevisionId, Unit, SubContractor, PriceListNumber; Нашли:PriceListItemsId, Description, Price, PriceListNumber, RevisionId, Unit, SubContractor, SapCodeNumber  Stack:SHCloneBulkCopy.PrepareQueries => UniReportBulkCopy.ReadFiles => UniReportProtoType.FieldMatching
 13:37:56.8997  INFO  Начинаем чтение файла:ShPriceListItems_2015-11-11_11.37.31_39444.1.xls  Stack:SHCloneBulkCopy.PrepareQueries => UniReportBulkCopy.ReadFiles => UniReportBulkCopy.Read
 13:37:56.8997  INFO  Прочли:0 строк;ShPriceListItems_2015-11-11_11.37.31_39444.1.xls  Stack:SHCloneBulkCopy.PrepareQueries => UniReportBulkCopy.ReadFiles => UniReportBulkCopy.Read
 13:37:57.7228  INFO  Ожидали:Site, SiteName, Address, Branch, City, MacroRegion, DataVvodaVeqspluatatciu, TipAMS, KolvoAMS, VidTOAMS, MarkaSKV, KolvoSKV, TipSKV, VidTOSKV, TippSKV, KolvopSKV, TipMobilnoiGU, TipStatcionarnoiGU, KolvoStacionarnihGU, KolvoMobilnihGU, TipAUGPT, KolvoAUGPT, Index; Нашли:Site, Address, Branch, City, MacroRegion, DataVvodaVeqspluatatciu, TipAMS, KolvoAMS, VidTOAMS, MarkaSKV, KolvoSKV, TipSKV, VidTOSKV, TippSKV, KolvopSKV, TipMobilnoiGU, TipStatcionarnoiGU, TipAUGPT, KolvoAUGPT, KolvoStacionarnihGU, Index, KolvoMobilnihGU, SiteName  Stack:SHCloneBulkCopy.PrepareQueries => UniReportBulkCopy.ReadFiles => UniReportProtoType.FieldMatching
 13:37:57.7228  INFO  Начинаем чтение файла:ShSite_2015-11-09_12.39.09_33540.1.xls  Stack:SHCloneBulkCopy.PrepareQueries => UniReportBulkCopy.ReadFiles => UniReportBulkCopy.Read
 13:38:01.2082  INFO  Прочли:11131 строк;ShSite_2015-11-09_12.39.09_33540.1.xls  Stack:SHCloneBulkCopy.PrepareQueries => UniReportBulkCopy.ReadFiles => UniReportBulkCopy.Read
 13:38:01.2082  INFO  Начинаем чтение файла:ShSite_2015-11-09_12.39.09_33540.2.xls  Stack:SHCloneBulkCopy.PrepareQueries => UniReportBulkCopy.ReadFiles => UniReportBulkCopy.Read
 13:38:02.7313  INFO  Прочли:11131 строк;ShSite_2015-11-09_12.39.09_33540.2.xls  Stack:SHCloneBulkCopy.PrepareQueries => UniReportBulkCopy.ReadFiles => UniReportBulkCopy.Read
 13:38:02.7313  INFO  Начинаем чтение файла:ShSite_2015-11-09_12.39.09_33540.3.xls  Stack:SHCloneBulkCopy.PrepareQueries => UniReportBulkCopy.ReadFiles => UniReportBulkCopy.Read
 13:38:04.2405  INFO  Прочли:10302 строк;ShSite_2015-11-09_12.39.09_33540.3.xls  Stack:SHCloneBulkCopy.PrepareQueries => UniReportBulkCopy.ReadFiles => UniReportBulkCopy.Read
 13:38:04.2755  INFO  Ожидали:SostavRabotTOid; Нашли:SostavRabotTOid  Stack:SHCloneBulkCopy.PrepareQueries => UniReportBulkCopy.ReadFiles => UniReportProtoType.FieldMatching
 13:38:04.2755  INFO  Начинаем чтение файла:ShSostavRabotTO_2015-11-11_11.37.31_39443.1.xls  Stack:SHCloneBulkCopy.PrepareQueries => UniReportBulkCopy.ReadFiles => UniReportBulkCopy.Read
 13:38:04.2755  INFO  Прочли:21 строк;ShSostavRabotTO_2015-11-11_11.37.31_39443.1.xls  Stack:SHCloneBulkCopy.PrepareQueries => UniReportBulkCopy.ReadFiles => UniReportBulkCopy.Read
 13:38:04.3285  INFO  Ожидали:SostavRabotTOItemId, Quantity, Description, SostavRabotTOid, Price; Нашли:SostavRabotTOItemId, Quantity, Description, SostavRabotTOid, Price  Stack:SHCloneBulkCopy.PrepareQueries => UniReportBulkCopy.ReadFiles => UniReportProtoType.FieldMatching
 13:38:04.3285  INFO  Начинаем чтение файла:ShSostavRabotTOItems_2015-11-11_11.37.30_39442.1.xls  Stack:SHCloneBulkCopy.PrepareQueries => UniReportBulkCopy.ReadFiles => UniReportBulkCopy.Read
 13:38:04.3495  INFO  Прочли:274 строк;ShSostavRabotTOItems_2015-11-11_11.37.30_39442.1.xls  Stack:SHCloneBulkCopy.PrepareQueries => UniReportBulkCopy.ReadFiles => UniReportBulkCopy.Read
 13:38:04.3975  INFO  Ожидали:Id, ShAVRs_AVRId, CreateDate, NotificationSend, RequestSend, RequestAccept, RequestReject, OrderSend, OrderAccept, OrderReject, RejectReason; Нашли:Id, ShAVRs_AVRId, NotificationSend, RequestSend, RequestAccept, RequestReject, OrderSend, OrderAccept, OrderReject, RejectReason, CreateDate  Stack:SHCloneBulkCopy.PrepareQueries => UniReportBulkCopy.ReadFiles => UniReportProtoType.FieldMatching
 13:38:04.3975  INFO  Начинаем чтение файла:ShVCRequests_2015-11-09_08.01.56_32894.1.xls  Stack:SHCloneBulkCopy.PrepareQueries => UniReportBulkCopy.ReadFiles => UniReportBulkCopy.Read
 13:38:04.3975  INFO  Прочли:4 строк;ShVCRequests_2015-11-09_08.01.56_32894.1.xls  Stack:SHCloneBulkCopy.PrepareQueries => UniReportBulkCopy.ReadFiles => UniReportBulkCopy.Read
 13:38:07.6418  ERROR  Количество найденых полей не совпадает с ожидаемым!  Stack:SHCloneBulkCopy.PrepareQueries => UniReportBulkCopy.ReadFiles => UniReportProtoType.FieldMatching
 13:38:08.2189  ERROR  Ожидали:Site, SiteName, Address, Branch, City, MacroRegion, DataVvodaVeqspluatatciu, TipAMS, KolvoAMS, VidTOAMS, MarkaSKV, KolvoSKV, TipSKV, VidTOSKV, TippSKV, KolvopSKV, TipMobilnoiGU, TipStatcionarnoiGU, KolvoStacionarnihGU, KolvoMobilnihGU, TipAUGPT, KolvoAUGPT, Index; Нашли:  Stack:SHCloneBulkCopy.PrepareQueries => UniReportBulkCopy.ReadFiles => UniReportProtoType.FieldMatching
 13:38:09.4340  ERROR  Site,SiteName,Address,Branch,City,MacroRegion,DataVvodaVeqspluatatciu,TipAMS,KolvoAMS,VidTOAMS,MarkaSKV,KolvoSKV,TipSKV,VidTOSKV,TippSKV,KolvopSKV,TipMobilnoiGU,TipStatcionarnoiGU,KolvoStacionarnihGU,KolvoMobilnihGU,TipAUGPT,KolvoAUGPT,Index  Stack:SHCloneBulkCopy.PrepareQueries => UniReportBulkCopy.ReadFiles => UniReportProtoType.FieldMatching
 13:38:38.4799  ERROR  Empty object list. Nothing to update  Stack:Service1.<.cctor>b__2 => SHCloneBulkCopy.DoWork => SHCloneBulkCopy.LogError
 13:38:38.5939  INFO  -------------------ShClone Update End Work:-------------------------  Stack:Service1.<.cctor>b__2 => SHCloneBulkCopy.DoWork => SHCloneBulkCopy.LogInfo
 13:39:03.6334  WARN  -------------------ShClone Started:---------------------------------  Stack:Service1.<.cctor>b__2 => SHCloneBulkCopy.DoWork => SHCloneBulkCopy.LogWarn
 13:39:09.9941  INFO  -------------------ShClone Update Start Work:-----------------------  Stack:Service1.<.cctor>b__2 => SHCloneBulkCopy.DoWork => SHCloneBulkCopy.LogInfo
 13:39:10.4031  INFO  ShSite_2015-11-09_12.39.09_33540.zip  Stack:SHCloneBulkCopy.DoWork => SHCloneBulkCopy.GetFiles => SHCloneBulkCopy.LogInfo
 13:39:10.4351  INFO  ShVCRequests_2015-11-09_08.01.56_32894.1.xls  Stack:SHCloneBulkCopy.DoWork => SHCloneBulkCopy.GetFiles => SHCloneBulkCopy.LogInfo
 13:39:10.4351  INFO  ShAVRS_2015-11-09_08.02.50_32908.1.xls  Stack:SHCloneBulkCopy.DoWork => SHCloneBulkCopy.GetFiles => SHCloneBulkCopy.LogInfo
 13:39:10.4351  INFO  ShLimits_2015-11-09_08.01.56_32893.1.xls  Stack:SHCloneBulkCopy.DoWork => SHCloneBulkCopy.GetFiles => SHCloneBulkCopy.LogInfo
 13:39:10.4351  INFO  ShAVRItem_2015-11-09_12.35.05_33517.1.xls  Stack:SHCloneBulkCopy.DoWork => SHCloneBulkCopy.GetFiles => SHCloneBulkCopy.LogInfo
 13:39:11.4432  INFO  Unpacked: ShSite_2015-11-09_12.39.09_33540.zip  Stack:SHCloneBulkCopy.DoWork => SHCloneBulkCopy.UnZipFiles => SHCloneBulkCopy.LogInfo
 13:39:12.4323  INFO  Ожидали:Site, SiteName, Address, Branch, City, MacroRegion, DataVvodaVeqspluatatciu, TipAMS, KolvoAMS, VidTOAMS, MarkaSKV, KolvoSKV, TipSKV, VidTOSKV, TippSKV, KolvopSKV, TipMobilnoiGU, TipStatcionarnoiGU, KolvoStacionarnihGU, KolvoMobilnihGU, TipAUGPT, KolvoAUGPT, Index; Нашли:Site, Address, Branch, City, MacroRegion, DataVvodaVeqspluatatciu, TipAMS, KolvoAMS, VidTOAMS, MarkaSKV, KolvoSKV, TipSKV, VidTOSKV, TippSKV, KolvopSKV, TipMobilnoiGU, TipStatcionarnoiGU, TipAUGPT, KolvoAUGPT, KolvoStacionarnihGU, Index, KolvoMobilnihGU, SiteName  Stack:SHCloneBulkCopy.PrepareQueries => UniReportBulkCopy.ReadFiles => UniReportProtoType.FieldMatching
 13:39:12.4323  INFO  Начинаем чтение файла:ShSite_2015-11-09_12.39.09_33540.1.xls  Stack:SHCloneBulkCopy.PrepareQueries => UniReportBulkCopy.ReadFiles => UniReportBulkCopy.Read
 13:39:15.8856  INFO  Прочли:11131 строк;ShSite_2015-11-09_12.39.09_33540.1.xls  Stack:SHCloneBulkCopy.PrepareQueries => UniReportBulkCopy.ReadFiles => UniReportBulkCopy.Read
 13:39:15.8856  INFO  Начинаем чтение файла:ShSite_2015-11-09_12.39.09_33540.2.xls  Stack:SHCloneBulkCopy.PrepareQueries => UniReportBulkCopy.ReadFiles => UniReportBulkCopy.Read
 13:39:17.3668  INFO  Прочли:11131 строк;ShSite_2015-11-09_12.39.09_33540.2.xls  Stack:SHCloneBulkCopy.PrepareQueries => UniReportBulkCopy.ReadFiles => UniReportBulkCopy.Read
 13:39:17.3668  INFO  Начинаем чтение файла:ShSite_2015-11-09_12.39.09_33540.3.xls  Stack:SHCloneBulkCopy.PrepareQueries => UniReportBulkCopy.ReadFiles => UniReportBulkCopy.Read
 13:39:18.7839  INFO  Прочли:10302 строк;ShSite_2015-11-09_12.39.09_33540.3.xls  Stack:SHCloneBulkCopy.PrepareQueries => UniReportBulkCopy.ReadFiles => UniReportBulkCopy.Read
 13:39:18.8439  INFO  Ожидали:Id, ShAVRs_AVRId, CreateDate, NotificationSend, RequestSend, RequestAccept, RequestReject, OrderSend, OrderAccept, OrderReject, RejectReason; Нашли:Id, ShAVRs_AVRId, NotificationSend, RequestSend, RequestAccept, RequestReject, OrderSend, OrderAccept, OrderReject, RejectReason, CreateDate  Stack:SHCloneBulkCopy.PrepareQueries => UniReportBulkCopy.ReadFiles => UniReportProtoType.FieldMatching
 13:39:18.8439  INFO  Начинаем чтение файла:ShVCRequests_2015-11-09_08.01.56_32894.1.xls  Stack:SHCloneBulkCopy.PrepareQueries => UniReportBulkCopy.ReadFiles => UniReportBulkCopy.Read
 13:39:18.8439  INFO  Прочли:4 строк;ShVCRequests_2015-11-09_08.01.56_32894.1.xls  Stack:SHCloneBulkCopy.PrepareQueries => UniReportBulkCopy.ReadFiles => UniReportBulkCopy.Read
 13:40:38.4879  WARN  -------------------ShClone Started:---------------------------------  Stack:Service1.<.cctor>b__2 => SHCloneBulkCopy.DoWork => SHCloneBulkCopy.LogWarn
 13:40:53.1654  INFO  -------------------ShClone Update Start Work:-----------------------  Stack:Service1.<.cctor>b__2 => SHCloneBulkCopy.DoWork => SHCloneBulkCopy.LogInfo
 13:40:53.5194  INFO  ShSite_2015-11-09_12.39.09_33540.zip  Stack:SHCloneBulkCopy.DoWork => SHCloneBulkCopy.GetFiles => SHCloneBulkCopy.LogInfo
 13:40:53.5404  INFO  ShVCRequests_2015-11-09_08.01.56_32894.1.xls  Stack:SHCloneBulkCopy.DoWork => SHCloneBulkCopy.GetFiles => SHCloneBulkCopy.LogInfo
 13:40:53.5404  INFO  ShAVRS_2015-11-09_08.02.50_32908.1.xls  Stack:SHCloneBulkCopy.DoWork => SHCloneBulkCopy.GetFiles => SHCloneBulkCopy.LogInfo
 13:40:53.5554  INFO  ShLimits_2015-11-09_08.01.56_32893.1.xls  Stack:SHCloneBulkCopy.DoWork => SHCloneBulkCopy.GetFiles => SHCloneBulkCopy.LogInfo
 13:40:53.5554  INFO  ShAVRItem_2015-11-09_12.35.05_33517.1.xls  Stack:SHCloneBulkCopy.DoWork => SHCloneBulkCopy.GetFiles => SHCloneBulkCopy.LogInfo
 13:40:54.4095  INFO  Unpacked: ShSite_2015-11-09_12.39.09_33540.zip  Stack:SHCloneBulkCopy.DoWork => SHCloneBulkCopy.UnZipFiles => SHCloneBulkCopy.LogInfo
 13:40:55.2636  INFO  Ожидали:Site, SiteName, Address, Branch, City, MacroRegion, DataVvodaVeqspluatatciu, TipAMS, KolvoAMS, VidTOAMS, MarkaSKV, KolvoSKV, TipSKV, VidTOSKV, TippSKV, KolvopSKV, TipMobilnoiGU, TipStatcionarnoiGU, KolvoStacionarnihGU, KolvoMobilnihGU, TipAUGPT, KolvoAUGPT, Index; Нашли:Site, Address, Branch, City, MacroRegion, DataVvodaVeqspluatatciu, TipAMS, KolvoAMS, VidTOAMS, MarkaSKV, KolvoSKV, TipSKV, VidTOSKV, TippSKV, KolvopSKV, TipMobilnoiGU, TipStatcionarnoiGU, TipAUGPT, KolvoAUGPT, KolvoStacionarnihGU, Index, KolvoMobilnihGU, SiteName  Stack:SHCloneBulkCopy.PrepareQueries => UniReportBulkCopy.ReadFiles => UniReportProtoType.FieldMatching
 13:40:55.2636  INFO  Начинаем чтение файла:ShSite_2015-11-09_12.39.09_33540.1.xls  Stack:SHCloneBulkCopy.PrepareQueries => UniReportBulkCopy.ReadFiles => UniReportBulkCopy.Read
 13:40:58.1379  INFO  Прочли:11131 строк;ShSite_2015-11-09_12.39.09_33540.1.xls  Stack:SHCloneBulkCopy.PrepareQueries => UniReportBulkCopy.ReadFiles => UniReportBulkCopy.Read
 13:40:58.1379  INFO  Начинаем чтение файла:ShSite_2015-11-09_12.39.09_33540.2.xls  Stack:SHCloneBulkCopy.PrepareQueries => UniReportBulkCopy.ReadFiles => UniReportBulkCopy.Read
 13:40:59.3860  INFO  Прочли:11131 строк;ShSite_2015-11-09_12.39.09_33540.2.xls  Stack:SHCloneBulkCopy.PrepareQueries => UniReportBulkCopy.ReadFiles => UniReportBulkCopy.Read
 13:40:59.3860  INFO  Начинаем чтение файла:ShSite_2015-11-09_12.39.09_33540.3.xls  Stack:SHCloneBulkCopy.PrepareQueries => UniReportBulkCopy.ReadFiles => UniReportBulkCopy.Read
 13:41:00.6221  INFO  Прочли:10302 строк;ShSite_2015-11-09_12.39.09_33540.3.xls  Stack:SHCloneBulkCopy.PrepareQueries => UniReportBulkCopy.ReadFiles => UniReportBulkCopy.Read
 13:41:00.6811  INFO  Ожидали:Id, ShAVRs_AVRId, CreateDate, NotificationSend, RequestSend, RequestAccept, RequestReject, OrderSend, OrderAccept, OrderReject, RejectReason; Нашли:Id, ShAVRs_AVRId, NotificationSend, RequestSend, RequestAccept, RequestReject, OrderSend, OrderAccept, OrderReject, RejectReason, CreateDate  Stack:SHCloneBulkCopy.PrepareQueries => UniReportBulkCopy.ReadFiles => UniReportProtoType.FieldMatching
 13:41:00.6811  INFO  Начинаем чтение файла:ShVCRequests_2015-11-09_08.01.56_32894.1.xls  Stack:SHCloneBulkCopy.PrepareQueries => UniReportBulkCopy.ReadFiles => UniReportBulkCopy.Read
 13:41:00.6811  INFO  Прочли:4 строк;ShVCRequests_2015-11-09_08.01.56_32894.1.xls  Stack:SHCloneBulkCopy.PrepareQueries => UniReportBulkCopy.ReadFiles => UniReportBulkCopy.Read
 13:41:00.7161  INFO  Ожидали:ObjectCreationDateTime, TaskSubcontractorNumber, DepartmentManager, BranchManagar, FactVypolneniiaRabotPodtverzhdaiuCB, FactVypolneniiaRabotPodtverzhdaiuRukOtd, ZayavkaECRAdmPoluchenaVobrabotku, DataVipuskaPO, PORotpravlenVOD, KomentariiECRAdmKzayavke, SentToSourcing, ApproovedBySoursing, Signed, SentToSubcontractor, BillNumber, FacruteNumber, KZDPoluchen, StatusRassmotreniya, CommentarijRassmotreniya, PeredanoVOplatu, OtpravlenoPodryadchikuDlyaRassmotreniya, DeliveryNumber, RukRegionApproval, MSIPApprove, AVRType, Network, ActivityCode, PaymentDate, ClearingDate, Year, CreatedByEmail, RukOtdelaEmail, Priority, AVRId, Subregion, TotalAmount, WorkStart, WorkEnd, Subcontractor, Project, Region, PurchaseOrderNumber, CreationPORdate, RukOtdela, RukFiliala, SubcontractorRef; Нашли:AVRId, Subregion, TotalAmount, WorkStart, WorkEnd, CreationPORdate, RukOtdela, RukFiliala, Subcontractor, Project, Region, PurchaseOrderNumber, ObjectCreationDateTime, TaskSubcontractorNumber, DepartmentManager, BranchManagar, FactVypolneniiaRabotPodtverzhdaiuCB, FactVypolneniiaRabotPodtverzhdaiuRukOtd, ZayavkaECRAdmPoluchenaVobrabotku, DataVipuskaPO, PORotpravlenVOD, KomentariiECRAdmKzayavke, SentToSourcing, ApproovedBySoursing, Signed, SentToSubcontractor, BillNumber, FacruteNumber, KZDPoluchen, StatusRassmotreniya, CommentarijRassmotreniya, PeredanoVOplatu, OtpravlenoPodryadchikuDlyaRassmotreniya, DeliveryNumber, RukRegionApproval, SubcontractorRef, MSIPApprove, AVRType, Network, ActivityCode, PaymentDate, ClearingDate, Year, CreatedByEmail, RukOtdelaEmail, Priority  Stack:SHCloneBulkCopy.PrepareQueries => UniReportBulkCopy.ReadFiles => UniReportProtoType.FieldMatching
 13:41:00.7161  INFO  Начинаем чтение файла:ShAVRS_2015-11-09_08.02.50_32908.1.xls  Stack:SHCloneBulkCopy.PrepareQueries => UniReportBulkCopy.ReadFiles => UniReportBulkCopy.Read
 13:41:03.0334  INFO  Прочли:116 строк;ShAVRS_2015-11-09_08.02.50_32908.1.xls  Stack:SHCloneBulkCopy.PrepareQueries => UniReportBulkCopy.ReadFiles => UniReportBulkCopy.Read
 13:41:03.0524  INFO  Ожидали:LimitCode, StartDate, EndDate, Limit, SettedLimit, Executed, Units, Description, ShTestValue; Нашли:LimitCode, StartDate, EndDate, Limit, SettedLimit, Executed, Units, Description, ShTestValue  Stack:SHCloneBulkCopy.PrepareQueries => UniReportBulkCopy.ReadFiles => UniReportProtoType.FieldMatching
 13:41:03.0524  INFO  Начинаем чтение файла:ShLimits_2015-11-09_08.01.56_32893.1.xls  Stack:SHCloneBulkCopy.PrepareQueries => UniReportBulkCopy.ReadFiles => UniReportBulkCopy.Read
 13:41:03.0524  INFO  Прочли:2 строк;ShLimits_2015-11-09_08.01.56_32893.1.xls  Stack:SHCloneBulkCopy.PrepareQueries => UniReportBulkCopy.ReadFiles => UniReportBulkCopy.Read
 13:41:03.2874  INFO  Ожидали:AVRItemId, FIXId, FOLId, SiteId, Description, Price, Quantity, Unit, ECRType, ECRApprove, Region, AVRS_AVRId, Limit_LimitCode, LimitCounted, WorkReason, StartDate, EndDate, Note; Нашли:AVRItemId, Description, Price, Quantity, AVRS_AVRId, FIXId, FOLId, SiteId, Unit, ECRType, ECRApprove, Region, Limit_LimitCode, LimitCounted, WorkReason, StartDate, EndDate, Note  Stack:SHCloneBulkCopy.PrepareQueries => UniReportBulkCopy.ReadFiles => UniReportProtoType.FieldMatching
 13:41:03.2874  INFO  Начинаем чтение файла:ShAVRItem_2015-11-09_12.35.05_33517.1.xls  Stack:SHCloneBulkCopy.PrepareQueries => UniReportBulkCopy.ReadFiles => UniReportBulkCopy.Read
 13:41:03.7384  INFO  Прочли:4939 строк;ShAVRItem_2015-11-09_12.35.05_33517.1.xls  Stack:SHCloneBulkCopy.PrepareQueries => UniReportBulkCopy.ReadFiles => UniReportBulkCopy.Read
 13:41:03.8414  INFO  ----->>> Добавлен таск:ShCloneUpdate  Stack:TaskManager.AddDbTasks => TaskManager.AddTask => TaskManager.LogInfo
 13:41:03.9564  INFO  -------------------ShClone Update End Work:-------------------------  Stack:Service1.<.cctor>b__2 => SHCloneBulkCopy.DoWork => SHCloneBulkCopy.LogInfo
 13:41:08.1659  DEBUG  ------>>> Старт таска: ShCloneUpdate  Stack:Task.InnerInvoke => Service1.<.cctor>b__3 => TaskManager.ProcessTasks
 13:41:08.1729  DEBUG  ShCloneUpdate: DbModels.DomainModels.DbTasks.TaskLog 1  Stack:List`1.ForEach => SHCloneBulkCopyHandler.<Handle>b__2 => TaskLogger.LogDebug
 13:41:08.2089  DEBUG  ShCloneUpdate: DbModels.DomainModels.DbTasks.DbTask 1  Stack:List`1.ForEach => SHCloneBulkCopyHandler.<Handle>b__2 => TaskLogger.LogDebug
 13:41:08.2309  DEBUG  ShCloneUpdate: Всего:4  Stack:TaskBase.Process => SHCloneBulkCopyHandler.Handle => TaskLogger.LogDebug
 13:41:08.2489  WARN  ShCloneUpdate: ..!!..!!..!!..Очищаем таблицы   Stack:TaskBase.Process => SHCloneBulkCopyHandler.Handle => TaskLogger.LogWarn
 13:42:23.4194  WARN  -------------------ShClone Started:---------------------------------  Stack:Service1.<.cctor>b__2 => SHCloneBulkCopy.DoWork => SHCloneBulkCopy.LogWarn
 13:42:31.2822  INFO  -------------------ShClone Update Start Work:-----------------------  Stack:Service1.<.cctor>b__2 => SHCloneBulkCopy.DoWork => SHCloneBulkCopy.LogInfo
 13:42:31.6282  INFO  ShSite_2015-11-09_12.39.09_33540.zip  Stack:SHCloneBulkCopy.DoWork => SHCloneBulkCopy.GetFiles => SHCloneBulkCopy.LogInfo
 13:42:31.6542  INFO  ShAVRS_2015-11-09_08.02.50_32908.1.xls  Stack:SHCloneBulkCopy.DoWork => SHCloneBulkCopy.GetFiles => SHCloneBulkCopy.LogInfo
 13:42:31.6682  INFO  ShLimits_2015-11-09_08.01.56_32893.1.xls  Stack:SHCloneBulkCopy.DoWork => SHCloneBulkCopy.GetFiles => SHCloneBulkCopy.LogInfo
 13:42:31.6682  INFO  ShAVRItem_2015-11-09_12.35.05_33517.1.xls  Stack:SHCloneBulkCopy.DoWork => SHCloneBulkCopy.GetFiles => SHCloneBulkCopy.LogInfo
 13:42:31.6682  INFO  ShVCRequests_2015-11-09_08.01.56_32894.1.xls  Stack:SHCloneBulkCopy.DoWork => SHCloneBulkCopy.GetFiles => SHCloneBulkCopy.LogInfo
 13:42:32.6373  INFO  Unpacked: ShSite_2015-11-09_12.39.09_33540.zip  Stack:SHCloneBulkCopy.DoWork => SHCloneBulkCopy.UnZipFiles => SHCloneBulkCopy.LogInfo
 13:42:33.4864  INFO  Ожидали:Site, SiteName, Address, Branch, City, MacroRegion, DataVvodaVeqspluatatciu, TipAMS, KolvoAMS, VidTOAMS, MarkaSKV, KolvoSKV, TipSKV, VidTOSKV, TippSKV, KolvopSKV, TipMobilnoiGU, TipStatcionarnoiGU, KolvoStacionarnihGU, KolvoMobilnihGU, TipAUGPT, KolvoAUGPT, Index; Нашли:Site, Address, Branch, City, MacroRegion, DataVvodaVeqspluatatciu, TipAMS, KolvoAMS, VidTOAMS, MarkaSKV, KolvoSKV, TipSKV, VidTOSKV, TippSKV, KolvopSKV, TipMobilnoiGU, TipStatcionarnoiGU, TipAUGPT, KolvoAUGPT, KolvoStacionarnihGU, Index, KolvoMobilnihGU, SiteName  Stack:SHCloneBulkCopy.PrepareQueries => UniReportBulkCopy.ReadFiles => UniReportProtoType.FieldMatching
 13:42:33.4864  INFO  Начинаем чтение файла:ShSite_2015-11-09_12.39.09_33540.1.xls  Stack:SHCloneBulkCopy.PrepareQueries => UniReportBulkCopy.ReadFiles => UniReportBulkCopy.Read
 13:42:36.3577  INFO  Прочли:11131 строк;ShSite_2015-11-09_12.39.09_33540.1.xls  Stack:SHCloneBulkCopy.PrepareQueries => UniReportBulkCopy.ReadFiles => UniReportBulkCopy.Read
 13:42:36.3577  INFO  Начинаем чтение файла:ShSite_2015-11-09_12.39.09_33540.2.xls  Stack:SHCloneBulkCopy.PrepareQueries => UniReportBulkCopy.ReadFiles => UniReportBulkCopy.Read
 13:42:37.6608  INFO  Прочли:11131 строк;ShSite_2015-11-09_12.39.09_33540.2.xls  Stack:SHCloneBulkCopy.PrepareQueries => UniReportBulkCopy.ReadFiles => UniReportBulkCopy.Read
 13:42:37.6608  INFO  Начинаем чтение файла:ShSite_2015-11-09_12.39.09_33540.3.xls  Stack:SHCloneBulkCopy.PrepareQueries => UniReportBulkCopy.ReadFiles => UniReportBulkCopy.Read
 13:42:38.8739  INFO  Прочли:10302 строк;ShSite_2015-11-09_12.39.09_33540.3.xls  Stack:SHCloneBulkCopy.PrepareQueries => UniReportBulkCopy.ReadFiles => UniReportBulkCopy.Read
 13:42:38.9529  INFO  Ожидали:ObjectCreationDateTime, TaskSubcontractorNumber, DepartmentManager, BranchManagar, FactVypolneniiaRabotPodtverzhdaiuCB, FactVypolneniiaRabotPodtverzhdaiuRukOtd, ZayavkaECRAdmPoluchenaVobrabotku, DataVipuskaPO, PORotpravlenVOD, KomentariiECRAdmKzayavke, SentToSourcing, ApproovedBySoursing, Signed, SentToSubcontractor, BillNumber, FacruteNumber, KZDPoluchen, StatusRassmotreniya, CommentarijRassmotreniya, PeredanoVOplatu, OtpravlenoPodryadchikuDlyaRassmotreniya, DeliveryNumber, RukRegionApproval, MSIPApprove, AVRType, Network, ActivityCode, PaymentDate, ClearingDate, Year, CreatedByEmail, RukOtdelaEmail, Priority, AVRId, Subregion, TotalAmount, WorkStart, WorkEnd, Subcontractor, Project, Region, PurchaseOrderNumber, CreationPORdate, RukOtdela, RukFiliala, SubcontractorRef; Нашли:AVRId, Subregion, TotalAmount, WorkStart, WorkEnd, CreationPORdate, RukOtdela, RukFiliala, Subcontractor, Project, Region, PurchaseOrderNumber, ObjectCreationDateTime, TaskSubcontractorNumber, DepartmentManager, BranchManagar, FactVypolneniiaRabotPodtverzhdaiuCB, FactVypolneniiaRabotPodtverzhdaiuRukOtd, ZayavkaECRAdmPoluchenaVobrabotku, DataVipuskaPO, PORotpravlenVOD, KomentariiECRAdmKzayavke, SentToSourcing, ApproovedBySoursing, Signed, SentToSubcontractor, BillNumber, FacruteNumber, KZDPoluchen, StatusRassmotreniya, CommentarijRassmotreniya, PeredanoVOplatu, OtpravlenoPodryadchikuDlyaRassmotreniya, DeliveryNumber, RukRegionApproval, SubcontractorRef, MSIPApprove, AVRType, Network, ActivityCode, PaymentDate, ClearingDate, Year, CreatedByEmail, RukOtdelaEmail, Priority  Stack:SHCloneBulkCopy.PrepareQueries => UniReportBulkCopy.ReadFiles => UniReportProtoType.FieldMatching
 13:42:38.9529  INFO  Начинаем чтение файла:ShAVRS_2015-11-09_08.02.50_32908.1.xls  Stack:SHCloneBulkCopy.PrepareQueries => UniReportBulkCopy.ReadFiles => UniReportBulkCopy.Read
 13:42:41.2812  INFO  Прочли:116 строк;ShAVRS_2015-11-09_08.02.50_32908.1.xls  Stack:SHCloneBulkCopy.PrepareQueries => UniReportBulkCopy.ReadFiles => UniReportBulkCopy.Read
 13:42:41.2962  INFO  Ожидали:LimitCode, StartDate, EndDate, Limit, SettedLimit, Executed, Units, Description, ShTestValue; Нашли:LimitCode, StartDate, EndDate, Limit, SettedLimit, Executed, Units, Description, ShTestValue  Stack:SHCloneBulkCopy.PrepareQueries => UniReportBulkCopy.ReadFiles => UniReportProtoType.FieldMatching
 13:42:41.2962  INFO  Начинаем чтение файла:ShLimits_2015-11-09_08.01.56_32893.1.xls  Stack:SHCloneBulkCopy.PrepareQueries => UniReportBulkCopy.ReadFiles => UniReportBulkCopy.Read
 13:42:41.3102  INFO  Прочли:2 строк;ShLimits_2015-11-09_08.01.56_32893.1.xls  Stack:SHCloneBulkCopy.PrepareQueries => UniReportBulkCopy.ReadFiles => UniReportBulkCopy.Read
 13:42:41.5752  INFO  Ожидали:AVRItemId, FIXId, FOLId, SiteId, Description, Price, Quantity, Unit, ECRType, ECRApprove, Region, AVRS_AVRId, Limit_LimitCode, LimitCounted, WorkReason, StartDate, EndDate, Note; Нашли:AVRItemId, Description, Price, Quantity, AVRS_AVRId, FIXId, FOLId, SiteId, Unit, ECRType, ECRApprove, Region, Limit_LimitCode, LimitCounted, WorkReason, StartDate, EndDate, Note  Stack:SHCloneBulkCopy.PrepareQueries => UniReportBulkCopy.ReadFiles => UniReportProtoType.FieldMatching
 13:42:41.5752  INFO  Начинаем чтение файла:ShAVRItem_2015-11-09_12.35.05_33517.1.xls  Stack:SHCloneBulkCopy.PrepareQueries => UniReportBulkCopy.ReadFiles => UniReportBulkCopy.Read
 13:42:42.0163  INFO  Прочли:4939 строк;ShAVRItem_2015-11-09_12.35.05_33517.1.xls  Stack:SHCloneBulkCopy.PrepareQueries => UniReportBulkCopy.ReadFiles => UniReportBulkCopy.Read
 13:42:42.0423  INFO  Ожидали:Id, ShAVRs_AVRId, CreateDate, NotificationSend, RequestSend, RequestAccept, RequestReject, OrderSend, OrderAccept, OrderReject, RejectReason; Нашли:Id, ShAVRs_AVRId, NotificationSend, RequestSend, RequestAccept, RequestReject, OrderSend, OrderAccept, OrderReject, RejectReason, CreateDate  Stack:SHCloneBulkCopy.PrepareQueries => UniReportBulkCopy.ReadFiles => UniReportProtoType.FieldMatching
 13:42:42.0423  INFO  Начинаем чтение файла:ShVCRequests_2015-11-09_08.01.56_32894.1.xls  Stack:SHCloneBulkCopy.PrepareQueries => UniReportBulkCopy.ReadFiles => UniReportBulkCopy.Read
 13:42:42.0423  INFO  Прочли:4 строк;ShVCRequests_2015-11-09_08.01.56_32894.1.xls  Stack:SHCloneBulkCopy.PrepareQueries => UniReportBulkCopy.ReadFiles => UniReportBulkCopy.Read
 13:42:42.1473  INFO  ----->>> Добавлен таск:ShCloneUpdate  Stack:TaskManager.AddDbTasks => TaskManager.AddTask => TaskManager.LogInfo
 13:42:42.2483  INFO  -------------------ShClone Update End Work:-------------------------  Stack:Service1.<.cctor>b__2 => SHCloneBulkCopy.DoWork => SHCloneBulkCopy.LogInfo
 13:42:46.2857  DEBUG  ------>>> Старт таска: ShCloneUpdate  Stack:Task.InnerInvoke => Service1.<.cctor>b__3 => TaskManager.ProcessTasks
 13:42:46.2857  DEBUG  ShCloneUpdate: DbModels.DomainModels.DbTasks.TaskLog 1  Stack:List`1.ForEach => SHCloneBulkCopyHandler.<Handle>b__2 => TaskLogger.LogDebug
 13:42:46.3337  DEBUG  ShCloneUpdate: DbModels.DomainModels.DbTasks.DbTask 1  Stack:List`1.ForEach => SHCloneBulkCopyHandler.<Handle>b__2 => TaskLogger.LogDebug
 13:42:46.3627  DEBUG  ShCloneUpdate: Всего:4  Stack:TaskBase.Process => SHCloneBulkCopyHandler.Handle => TaskLogger.LogDebug
 13:42:46.3787  WARN  ShCloneUpdate: ..!!..!!..!!..Очищаем таблицы   Stack:TaskBase.Process => SHCloneBulkCopyHandler.Handle => TaskLogger.LogWarn
 13:42:48.6889  WARN  ShCloneUpdate: ..!!..!!..!!..Понеслась!   Stack:TaskBase.Process => SHCloneBulkCopyHandler.Handle => TaskLogger.LogWarn
 13:42:57.9808  WARN  ShCloneUpdate: ..!!..!!..!!..Успешно. Общее время обновления:11,6017459 секунд  Stack:TaskBase.Process => SHCloneBulkCopyHandler.Handle => TaskLogger.LogWarn
 13:42:58.0529  INFO  <<<-----  Удален таск:ShCloneUpdate  Stack:TaskManager.ProcessTasks => TaskManager.RemoveTask => TaskManager.LogInfo
 13:42:58.0529  INFO  <<<-----  В очереди: ------>>>  Stack:TaskManager.ProcessTasks => TaskManager.RemoveTask => TaskManager.LogInfo
