 10:11:38.5266  WARN  -------------------ShClone Started:---------------------------------  Stack:Service1.<.cctor>b__2 => SHCloneBulkCopy.DoWork => SHCloneBulkCopy.LogWarn
 10:12:15.2933  INFO  -------------------ShClone Update Start Work:-----------------------  Stack:Service1.<.cctor>b__2 => SHCloneBulkCopy.DoWork => SHCloneBulkCopy.LogInfo
 10:12:19.6857  ERROR  В базе отсутствует дбтаск для обновления базы схклона  Stack:Service1.<.cctor>b__2 => SHCloneBulkCopy.DoWork => TaskManager.SheduleDbUpdate
 10:16:04.9522  WARN  -------------------ShClone Started:---------------------------------  Stack:Service1.<.cctor>b__2 => SHCloneBulkCopy.DoWork => SHCloneBulkCopy.LogWarn
 10:16:10.7648  INFO  -------------------ShClone Update Start Work:-----------------------  Stack:Service1.<.cctor>b__2 => SHCloneBulkCopy.DoWork => SHCloneBulkCopy.LogInfo
 10:16:11.0739  INFO  ShAVRItem_2015-11-09_08.03.03_32909.zip  Stack:SHCloneBulkCopy.DoWork => SHCloneBulkCopy.GetFiles => SHCloneBulkCopy.LogInfo
 10:16:11.0739  INFO  ShAVRS_2015-11-09_08.02.50_32908.1.xls  Stack:SHCloneBulkCopy.DoWork => SHCloneBulkCopy.GetFiles => SHCloneBulkCopy.LogInfo
 10:16:11.1469  INFO  ShVCRequests_2015-11-09_08.01.56_32894.1.xls  Stack:SHCloneBulkCopy.DoWork => SHCloneBulkCopy.GetFiles => SHCloneBulkCopy.LogInfo
 10:16:11.1569  INFO  ShLimits_2015-11-09_08.01.56_32893.1.xls  Stack:SHCloneBulkCopy.DoWork => SHCloneBulkCopy.GetFiles => SHCloneBulkCopy.LogInfo
 10:16:13.7841  INFO  Unpacked: ShAVRItem_2015-11-09_08.03.03_32909.zip  Stack:SHCloneBulkCopy.DoWork => SHCloneBulkCopy.UnZipFiles => SHCloneBulkCopy.LogInfo
 10:17:26.7424  WARN  -------------------ShClone Started:---------------------------------  Stack:Service1.<.cctor>b__2 => SHCloneBulkCopy.DoWork => SHCloneBulkCopy.LogWarn
 10:17:33.5611  INFO  -------------------ShClone Update Start Work:-----------------------  Stack:Service1.<.cctor>b__2 => SHCloneBulkCopy.DoWork => SHCloneBulkCopy.LogInfo
 10:17:33.9982  INFO  ShAVRItem_2015-11-09_08.03.03_32909.zip  Stack:SHCloneBulkCopy.DoWork => SHCloneBulkCopy.GetFiles => SHCloneBulkCopy.LogInfo
 10:17:34.0072  INFO  ShAVRS_2015-11-09_08.02.50_32908.1.xls  Stack:SHCloneBulkCopy.DoWork => SHCloneBulkCopy.GetFiles => SHCloneBulkCopy.LogInfo
 10:17:34.1192  INFO  ShVCRequests_2015-11-09_08.01.56_32894.1.xls  Stack:SHCloneBulkCopy.DoWork => SHCloneBulkCopy.GetFiles => SHCloneBulkCopy.LogInfo
 10:17:34.1192  INFO  ShLimits_2015-11-09_08.01.56_32893.1.xls  Stack:SHCloneBulkCopy.DoWork => SHCloneBulkCopy.GetFiles => SHCloneBulkCopy.LogInfo
 10:17:36.8804  INFO  Unpacked: ShAVRItem_2015-11-09_08.03.03_32909.zip  Stack:SHCloneBulkCopy.DoWork => SHCloneBulkCopy.UnZipFiles => SHCloneBulkCopy.LogInfo
 10:17:48.6406  ERROR  Количество найденых полей не совпадает с ожидаемым!  Stack:SHCloneBulkCopy.PrepareQueries => UniReportBulkCopy.ReadFiles => UniReportProtoType.FieldMatching
 10:17:48.6406  ERROR  Ожидали:AVRItemId, FIXId, FOLId, SiteId, Description, Price, Quantity, Unit, ECRType, ECRApprove, Region, AVRFId, AVRSId, LimitCode, LimitCounted; Нашли:AVRItemId, Description, Price, Quantity, AVRSId, AVRFId, FIXId, FOLId, SiteId, Unit, ECRType, ECRApprove, Region, LimitCode  Stack:SHCloneBulkCopy.PrepareQueries => UniReportBulkCopy.ReadFiles => UniReportProtoType.FieldMatching
 10:17:48.6406  ERROR  LimitCounted  Stack:SHCloneBulkCopy.PrepareQueries => UniReportBulkCopy.ReadFiles => UniReportProtoType.FieldMatching
 10:19:28.3616  ERROR  Количество найденых полей не совпадает с ожидаемым!  Stack:SHCloneBulkCopy.PrepareQueries => UniReportBulkCopy.ReadFiles => UniReportProtoType.FieldMatching
 10:19:31.3989  ERROR  Ожидали:AVRItemId, FIXId, FOLId, SiteId, Description, Price, Quantity, Unit, ECRType, ECRApprove, Region, AVRFId, AVRSId, LimitCode, LimitCounted; Нашли:AVRItemId, Description, Price, Quantity, AVRSId, AVRFId, FIXId, FOLId, SiteId, Unit, ECRType, ECRApprove, Region, LimitCode  Stack:SHCloneBulkCopy.PrepareQueries => UniReportBulkCopy.ReadFiles => UniReportProtoType.FieldMatching
 10:19:32.1520  ERROR  LimitCounted  Stack:SHCloneBulkCopy.PrepareQueries => UniReportBulkCopy.ReadFiles => UniReportProtoType.FieldMatching
 10:23:13.5230  WARN  -------------------ShClone Started:---------------------------------  Stack:Service1.<.cctor>b__2 => SHCloneBulkCopy.DoWork => SHCloneBulkCopy.LogWarn
 10:23:28.5515  INFO  -------------------ShClone Update Start Work:-----------------------  Stack:Service1.<.cctor>b__2 => SHCloneBulkCopy.DoWork => SHCloneBulkCopy.LogInfo
 10:23:28.8815  INFO  ShAVRItem_2015-11-09_08.22.05_32924.zip  Stack:SHCloneBulkCopy.DoWork => SHCloneBulkCopy.GetFiles => SHCloneBulkCopy.LogInfo
 10:23:28.8815  INFO  ShAVRS_2015-11-09_08.02.50_32908.1.xls  Stack:SHCloneBulkCopy.DoWork => SHCloneBulkCopy.GetFiles => SHCloneBulkCopy.LogInfo
 10:23:28.9065  INFO  ShVCRequests_2015-11-09_08.01.56_32894.1.xls  Stack:SHCloneBulkCopy.DoWork => SHCloneBulkCopy.GetFiles => SHCloneBulkCopy.LogInfo
 10:23:28.9095  INFO  ShLimits_2015-11-09_08.01.56_32893.1.xls  Stack:SHCloneBulkCopy.DoWork => SHCloneBulkCopy.GetFiles => SHCloneBulkCopy.LogInfo
 10:23:30.1677  INFO  Unpacked: ShAVRItem_2015-11-09_08.22.05_32924.zip  Stack:SHCloneBulkCopy.DoWork => SHCloneBulkCopy.UnZipFiles => SHCloneBulkCopy.LogInfo
 10:23:47.1774  INFO  Ожидали:AVRItemId, FIXId, FOLId, SiteId, Description, Price, Quantity, Unit, ECRType, ECRApprove, Region, AVRFId, AVRSId, LimitCode, LimitCounted; Нашли:AVRItemId, Description, Price, Quantity, AVRSId, AVRFId, FIXId, FOLId, SiteId, Unit, ECRType, ECRApprove, Region, LimitCode, LimitCounted  Stack:SHCloneBulkCopy.PrepareQueries => UniReportBulkCopy.ReadFiles => UniReportProtoType.FieldMatching
 10:23:50.7807  INFO  Начинаем чтение файла:ShAVRItem_2015-11-09_08.22.05_32924.1.xls  Stack:SHCloneBulkCopy.PrepareQueries => UniReportBulkCopy.ReadFiles => UniReportBulkCopy.Read
 10:23:52.2549  INFO  Прочли:17067 строк;ShAVRItem_2015-11-09_08.22.05_32924.1.xls  Stack:SHCloneBulkCopy.PrepareQueries => UniReportBulkCopy.ReadFiles => UniReportBulkCopy.Read
 10:23:52.2549  INFO  Начинаем чтение файла:ShAVRItem_2015-11-09_08.22.05_32924.2.xls  Stack:SHCloneBulkCopy.PrepareQueries => UniReportBulkCopy.ReadFiles => UniReportBulkCopy.Read
 10:23:53.8510  INFO  Прочли:17067 строк;ShAVRItem_2015-11-09_08.22.05_32924.2.xls  Stack:SHCloneBulkCopy.PrepareQueries => UniReportBulkCopy.ReadFiles => UniReportBulkCopy.Read
 10:23:53.8510  INFO  Начинаем чтение файла:ShAVRItem_2015-11-09_08.22.05_32924.3.xls  Stack:SHCloneBulkCopy.PrepareQueries => UniReportBulkCopy.ReadFiles => UniReportBulkCopy.Read
 10:23:55.4802  INFO  Прочли:17067 строк;ShAVRItem_2015-11-09_08.22.05_32924.3.xls  Stack:SHCloneBulkCopy.PrepareQueries => UniReportBulkCopy.ReadFiles => UniReportBulkCopy.Read
 10:23:55.4802  INFO  Начинаем чтение файла:ShAVRItem_2015-11-09_08.22.05_32924.4.xls  Stack:SHCloneBulkCopy.PrepareQueries => UniReportBulkCopy.ReadFiles => UniReportBulkCopy.Read
 10:23:56.3683  INFO  Прочли:9496 строк;ShAVRItem_2015-11-09_08.22.05_32924.4.xls  Stack:SHCloneBulkCopy.PrepareQueries => UniReportBulkCopy.ReadFiles => UniReportBulkCopy.Read
 10:24:28.3715  INFO  Ожидали:ObjectCreationDateTime, TaskSubcontractorNumber, DepartmentManager, BranchManagar, FactVypolneniiaRabotPodtverzhdaiuCB, FactVypolneniiaRabotPodtverzhdaiuRukOtd, ZayavkaECRAdmPoluchenaVobrabotku, DataVipuskaPO, PORotpravlenVOD, KomentariiECRAdmKzayavke, SentToSourcing, ApproovedBySoursing, Signed, SentToSubcontractor, BillNumber, FacruteNumber, KZDPoluchen, StatusRassmotreniya, CommentarijRassmotreniya, PeredanoVOplatu, OtpravlenoPodryadchikuDlyaRassmotreniya, DeliveryNumber, RukRegionApproval, MSIPApprove, AVRType, Network, ActivityCode, PaymentDate, ClearingDate, Year, CreatedByEmail, RukOtdelaEmail, Priority, AVRId, Subregion, TotalAmount, WorkStart, WorkEnd, Subcontractor, Project, Region, PurchaseOrderNumber, CreationPORdate, RukOtdela, RukFiliala, SubcontractorRef; Нашли:AVRId, Subregion, TotalAmount, WorkStart, WorkEnd, CreationPORdate, RukOtdela, RukFiliala, Subcontractor, Project, Region, PurchaseOrderNumber, ObjectCreationDateTime, TaskSubcontractorNumber, DepartmentManager, BranchManagar, FactVypolneniiaRabotPodtverzhdaiuCB, FactVypolneniiaRabotPodtverzhdaiuRukOtd, ZayavkaECRAdmPoluchenaVobrabotku, DataVipuskaPO, PORotpravlenVOD, KomentariiECRAdmKzayavke, SentToSourcing, ApproovedBySoursing, Signed, SentToSubcontractor, BillNumber, FacruteNumber, KZDPoluchen, StatusRassmotreniya, CommentarijRassmotreniya, PeredanoVOplatu, OtpravlenoPodryadchikuDlyaRassmotreniya, DeliveryNumber, RukRegionApproval, SubcontractorRef, MSIPApprove, AVRType, Network, ActivityCode, PaymentDate, ClearingDate, Year, CreatedByEmail, RukOtdelaEmail, Priority  Stack:SHCloneBulkCopy.PrepareQueries => UniReportBulkCopy.ReadFiles => UniReportProtoType.FieldMatching
 10:24:28.3715  INFO  Начинаем чтение файла:ShAVRS_2015-11-09_08.02.50_32908.1.xls  Stack:SHCloneBulkCopy.PrepareQueries => UniReportBulkCopy.ReadFiles => UniReportBulkCopy.Read
 10:26:04.4291  INFO  Прочли:5439 строк;ShAVRS_2015-11-09_08.02.50_32908.1.xls  Stack:SHCloneBulkCopy.PrepareQueries => UniReportBulkCopy.ReadFiles => UniReportBulkCopy.Read
 10:26:14.3861  ERROR  Количество найденых полей не совпадает с ожидаемым!  Stack:SHCloneBulkCopy.PrepareQueries => UniReportBulkCopy.ReadFiles => UniReportProtoType.FieldMatching
 10:26:15.1302  ERROR  Ожидали:Id, ShAVRS_AVRId, CreateDate, NotificationSend, RequestSend, RequestAccept, RequestReject, OrderSend, OrderAccept, OrderReject, RejectReason; Нашли:Id, NotificationSend, RequestSend, RequestAccept, RequestReject, OrderSend, OrderAccept, OrderReject, RejectReason, CreateDate  Stack:SHCloneBulkCopy.PrepareQueries => UniReportBulkCopy.ReadFiles => UniReportProtoType.FieldMatching
 10:26:16.6013  ERROR  ShAVRS_AVRId  Stack:SHCloneBulkCopy.PrepareQueries => UniReportBulkCopy.ReadFiles => UniReportProtoType.FieldMatching
 10:28:25.5606  WARN  -------------------ShClone Started:---------------------------------  Stack:Service1.<.cctor>b__2 => SHCloneBulkCopy.DoWork => SHCloneBulkCopy.LogWarn
 10:28:35.7906  INFO  -------------------ShClone Update Start Work:-----------------------  Stack:Service1.<.cctor>b__2 => SHCloneBulkCopy.DoWork => SHCloneBulkCopy.LogInfo
 10:28:36.2306  INFO  ShAVRItem_2015-11-09_08.22.05_32924.zip  Stack:SHCloneBulkCopy.DoWork => SHCloneBulkCopy.GetFiles => SHCloneBulkCopy.LogInfo
 10:28:36.2436  INFO  ShAVRS_2015-11-09_08.02.50_32908.1.xls  Stack:SHCloneBulkCopy.DoWork => SHCloneBulkCopy.GetFiles => SHCloneBulkCopy.LogInfo
 10:28:36.2826  INFO  ShVCRequests_2015-11-09_08.01.56_32894.1.xls  Stack:SHCloneBulkCopy.DoWork => SHCloneBulkCopy.GetFiles => SHCloneBulkCopy.LogInfo
 10:28:36.2826  INFO  ShLimits_2015-11-09_08.01.56_32893.1.xls  Stack:SHCloneBulkCopy.DoWork => SHCloneBulkCopy.GetFiles => SHCloneBulkCopy.LogInfo
 10:28:37.8138  INFO  Unpacked: ShAVRItem_2015-11-09_08.22.05_32924.zip  Stack:SHCloneBulkCopy.DoWork => SHCloneBulkCopy.UnZipFiles => SHCloneBulkCopy.LogInfo
 10:29:00.1950  INFO  Ожидали:AVRItemId, FIXId, FOLId, SiteId, Description, Price, Quantity, Unit, ECRType, ECRApprove, Region, AVRFId, AVRSId, LimitCode, LimitCounted; Нашли:AVRItemId, Description, Price, Quantity, AVRSId, AVRFId, FIXId, FOLId, SiteId, Unit, ECRType, ECRApprove, Region, LimitCode, LimitCounted  Stack:SHCloneBulkCopy.PrepareQueries => UniReportBulkCopy.ReadFiles => UniReportProtoType.FieldMatching
 10:29:00.1950  INFO  Начинаем чтение файла:ShAVRItem_2015-11-09_08.22.05_32924.1.xls  Stack:SHCloneBulkCopy.PrepareQueries => UniReportBulkCopy.ReadFiles => UniReportBulkCopy.Read
 10:29:02.2772  INFO  Прочли:17067 строк;ShAVRItem_2015-11-09_08.22.05_32924.1.xls  Stack:SHCloneBulkCopy.PrepareQueries => UniReportBulkCopy.ReadFiles => UniReportBulkCopy.Read
 10:29:02.2772  INFO  Начинаем чтение файла:ShAVRItem_2015-11-09_08.22.05_32924.2.xls  Stack:SHCloneBulkCopy.PrepareQueries => UniReportBulkCopy.ReadFiles => UniReportBulkCopy.Read
 10:29:04.2414  INFO  Прочли:17067 строк;ShAVRItem_2015-11-09_08.22.05_32924.2.xls  Stack:SHCloneBulkCopy.PrepareQueries => UniReportBulkCopy.ReadFiles => UniReportBulkCopy.Read
 10:29:04.2414  INFO  Начинаем чтение файла:ShAVRItem_2015-11-09_08.22.05_32924.3.xls  Stack:SHCloneBulkCopy.PrepareQueries => UniReportBulkCopy.ReadFiles => UniReportBulkCopy.Read
 10:29:06.1816  INFO  Прочли:17067 строк;ShAVRItem_2015-11-09_08.22.05_32924.3.xls  Stack:SHCloneBulkCopy.PrepareQueries => UniReportBulkCopy.ReadFiles => UniReportBulkCopy.Read
 10:29:06.1816  INFO  Начинаем чтение файла:ShAVRItem_2015-11-09_08.22.05_32924.4.xls  Stack:SHCloneBulkCopy.PrepareQueries => UniReportBulkCopy.ReadFiles => UniReportBulkCopy.Read
 10:29:07.3137  INFO  Прочли:9496 строк;ShAVRItem_2015-11-09_08.22.05_32924.4.xls  Stack:SHCloneBulkCopy.PrepareQueries => UniReportBulkCopy.ReadFiles => UniReportBulkCopy.Read
 10:29:09.0779  INFO  Ожидали:ObjectCreationDateTime, TaskSubcontractorNumber, DepartmentManager, BranchManagar, FactVypolneniiaRabotPodtverzhdaiuCB, FactVypolneniiaRabotPodtverzhdaiuRukOtd, ZayavkaECRAdmPoluchenaVobrabotku, DataVipuskaPO, PORotpravlenVOD, KomentariiECRAdmKzayavke, SentToSourcing, ApproovedBySoursing, Signed, SentToSubcontractor, BillNumber, FacruteNumber, KZDPoluchen, StatusRassmotreniya, CommentarijRassmotreniya, PeredanoVOplatu, OtpravlenoPodryadchikuDlyaRassmotreniya, DeliveryNumber, RukRegionApproval, MSIPApprove, AVRType, Network, ActivityCode, PaymentDate, ClearingDate, Year, CreatedByEmail, RukOtdelaEmail, Priority, AVRId, Subregion, TotalAmount, WorkStart, WorkEnd, Subcontractor, Project, Region, PurchaseOrderNumber, CreationPORdate, RukOtdela, RukFiliala, SubcontractorRef; Нашли:AVRId, Subregion, TotalAmount, WorkStart, WorkEnd, CreationPORdate, RukOtdela, RukFiliala, Subcontractor, Project, Region, PurchaseOrderNumber, ObjectCreationDateTime, TaskSubcontractorNumber, DepartmentManager, BranchManagar, FactVypolneniiaRabotPodtverzhdaiuCB, FactVypolneniiaRabotPodtverzhdaiuRukOtd, ZayavkaECRAdmPoluchenaVobrabotku, DataVipuskaPO, PORotpravlenVOD, KomentariiECRAdmKzayavke, SentToSourcing, ApproovedBySoursing, Signed, SentToSubcontractor, BillNumber, FacruteNumber, KZDPoluchen, StatusRassmotreniya, CommentarijRassmotreniya, PeredanoVOplatu, OtpravlenoPodryadchikuDlyaRassmotreniya, DeliveryNumber, RukRegionApproval, SubcontractorRef, MSIPApprove, AVRType, Network, ActivityCode, PaymentDate, ClearingDate, Year, CreatedByEmail, RukOtdelaEmail, Priority  Stack:SHCloneBulkCopy.PrepareQueries => UniReportBulkCopy.ReadFiles => UniReportProtoType.FieldMatching
 10:29:09.0779  INFO  Начинаем чтение файла:ShAVRS_2015-11-09_08.02.50_32908.1.xls  Stack:SHCloneBulkCopy.PrepareQueries => UniReportBulkCopy.ReadFiles => UniReportBulkCopy.Read
 10:30:54.1974  INFO  Прочли:5439 строк;ShAVRS_2015-11-09_08.02.50_32908.1.xls  Stack:SHCloneBulkCopy.PrepareQueries => UniReportBulkCopy.ReadFiles => UniReportBulkCopy.Read
 10:30:54.3354  INFO  Ожидали:Id, ShAVRS_AVRId, CreateDate, NotificationSend, RequestSend, RequestAccept, RequestReject, OrderSend, OrderAccept, OrderReject, RejectReason; Нашли:Id, ShAVRS_AVRId, NotificationSend, RequestSend, RequestAccept, RequestReject, OrderSend, OrderAccept, OrderReject, RejectReason, CreateDate  Stack:SHCloneBulkCopy.PrepareQueries => UniReportBulkCopy.ReadFiles => UniReportProtoType.FieldMatching
 10:30:54.3354  INFO  Начинаем чтение файла:ShVCRequests_2015-11-09_08.01.56_32894.1.xls  Stack:SHCloneBulkCopy.PrepareQueries => UniReportBulkCopy.ReadFiles => UniReportBulkCopy.Read
 10:30:54.3354  INFO  Прочли:4 строк;ShVCRequests_2015-11-09_08.01.56_32894.1.xls  Stack:SHCloneBulkCopy.PrepareQueries => UniReportBulkCopy.ReadFiles => UniReportBulkCopy.Read
 10:30:54.3524  INFO  Ожидали:LimitCode, StartDate, EndDate, Limit, SettedLimit, Executed, Units, Description; Нашли:LimitCode, StartDate, EndDate, Limit, SettedLimit, Executed, Units, Description  Stack:SHCloneBulkCopy.PrepareQueries => UniReportBulkCopy.ReadFiles => UniReportProtoType.FieldMatching
 10:30:54.3524  INFO  Начинаем чтение файла:ShLimits_2015-11-09_08.01.56_32893.1.xls  Stack:SHCloneBulkCopy.PrepareQueries => UniReportBulkCopy.ReadFiles => UniReportBulkCopy.Read
 10:30:54.3524  INFO  Прочли:2 строк;ShLimits_2015-11-09_08.01.56_32893.1.xls  Stack:SHCloneBulkCopy.PrepareQueries => UniReportBulkCopy.ReadFiles => UniReportBulkCopy.Read
 10:31:01.5071  INFO  ----->>> Добавлен таск:ShCloneUpdate  Stack:TaskManager.AddDbTasks => TaskManager.AddTask => TaskManager.LogInfo
 10:31:03.2523  DEBUG  ------>>> Старт таска: ShCloneUpdate  Stack:Task.InnerInvoke => Service1.<.cctor>b__3 => TaskManager.ProcessTasks
 10:31:04.8005  DEBUG  ShCloneUpdate: DbModels.DomainModels.DbTasks.TaskLog 1  Stack:List`1.ForEach => SHCloneBulkCopyHandler.<Handle>b__2 => TaskLogger.LogDebug
 10:31:04.8475  DEBUG  ShCloneUpdate: DbModels.DomainModels.DbTasks.DbTask 1  Stack:List`1.ForEach => SHCloneBulkCopyHandler.<Handle>b__2 => TaskLogger.LogDebug
 10:31:04.8595  DEBUG  ShCloneUpdate: Всего:4  Stack:TaskBase.Process => SHCloneBulkCopyHandler.Handle => TaskLogger.LogDebug
 10:31:04.8925  WARN  ShCloneUpdate: ..!!..!!..!!..Очищаем таблицы   Stack:TaskBase.Process => SHCloneBulkCopyHandler.Handle => TaskLogger.LogWarn
 10:31:04.9715  WARN  ShCloneUpdate: ..!!..!!..!!..Понеслась!   Stack:TaskBase.Process => SHCloneBulkCopyHandler.Handle => TaskLogger.LogWarn
 10:31:17.3827  ERROR  ShCloneUpdate: Ошибка при заливке информации в базу. Таблица ShVCRequests Message: The given ColumnMapping does not match up with any column in the source or destination.  Stack:TaskBase.Process => SHCloneBulkCopyHandler.Handle => TaskLogger.LogError
 10:31:17.5398  WARN  ShCloneUpdate: ..!!..!!..!!..Успешно. Общее время обновления:12,6468921 секунд  Stack:TaskBase.Process => SHCloneBulkCopyHandler.Handle => TaskLogger.LogWarn
 10:31:17.6388  INFO  <<<-----  Удален таск:ShCloneUpdate  Stack:TaskManager.ProcessTasks => TaskManager.RemoveTask => TaskManager.LogInfo
 10:31:17.6388  INFO  <<<-----  В очереди: ------>>>  Stack:TaskManager.ProcessTasks => TaskManager.RemoveTask => TaskManager.LogInfo
 10:32:25.4105  INFO  Ожидали:AVRItemId, FIXId, FOLId, SiteId, Description, Price, Quantity, Unit, ECRType, ECRApprove, Region, AVRFId, AVRSId, LimitCode, LimitCounted; Нашли:AVRItemId, Description, Price, Quantity, AVRSId, AVRFId, FIXId, FOLId, SiteId, Unit, ECRType, ECRApprove, Region, LimitCode, LimitCounted  Stack:SHCloneBulkCopy.PrepareQueries => UniReportBulkCopy.ReadFiles => UniReportProtoType.FieldMatching
 10:32:25.4105  INFO  Начинаем чтение файла:ShAVRItem_2015-11-09_08.22.05_32924.1.xls  Stack:SHCloneBulkCopy.PrepareQueries => UniReportBulkCopy.ReadFiles => UniReportBulkCopy.Read
 10:32:27.2937  INFO  Прочли:17067 строк;ShAVRItem_2015-11-09_08.22.05_32924.1.xls  Stack:SHCloneBulkCopy.PrepareQueries => UniReportBulkCopy.ReadFiles => UniReportBulkCopy.Read
 10:32:27.2937  INFO  Начинаем чтение файла:ShAVRItem_2015-11-09_08.22.05_32924.2.xls  Stack:SHCloneBulkCopy.PrepareQueries => UniReportBulkCopy.ReadFiles => UniReportBulkCopy.Read
 10:32:29.5700  INFO  Прочли:17067 строк;ShAVRItem_2015-11-09_08.22.05_32924.2.xls  Stack:SHCloneBulkCopy.PrepareQueries => UniReportBulkCopy.ReadFiles => UniReportBulkCopy.Read
 10:32:29.5700  INFO  Начинаем чтение файла:ShAVRItem_2015-11-09_08.22.05_32924.3.xls  Stack:SHCloneBulkCopy.PrepareQueries => UniReportBulkCopy.ReadFiles => UniReportBulkCopy.Read
 10:32:31.7762  INFO  Прочли:17067 строк;ShAVRItem_2015-11-09_08.22.05_32924.3.xls  Stack:SHCloneBulkCopy.PrepareQueries => UniReportBulkCopy.ReadFiles => UniReportBulkCopy.Read
 10:32:31.7762  INFO  Начинаем чтение файла:ShAVRItem_2015-11-09_08.22.05_32924.4.xls  Stack:SHCloneBulkCopy.PrepareQueries => UniReportBulkCopy.ReadFiles => UniReportBulkCopy.Read
 10:32:33.2313  INFO  Прочли:9496 строк;ShAVRItem_2015-11-09_08.22.05_32924.4.xls  Stack:SHCloneBulkCopy.PrepareQueries => UniReportBulkCopy.ReadFiles => UniReportBulkCopy.Read
 10:32:34.6095  INFO  Ожидали:ObjectCreationDateTime, TaskSubcontractorNumber, DepartmentManager, BranchManagar, FactVypolneniiaRabotPodtverzhdaiuCB, FactVypolneniiaRabotPodtverzhdaiuRukOtd, ZayavkaECRAdmPoluchenaVobrabotku, DataVipuskaPO, PORotpravlenVOD, KomentariiECRAdmKzayavke, SentToSourcing, ApproovedBySoursing, Signed, SentToSubcontractor, BillNumber, FacruteNumber, KZDPoluchen, StatusRassmotreniya, CommentarijRassmotreniya, PeredanoVOplatu, OtpravlenoPodryadchikuDlyaRassmotreniya, DeliveryNumber, RukRegionApproval, MSIPApprove, AVRType, Network, ActivityCode, PaymentDate, ClearingDate, Year, CreatedByEmail, RukOtdelaEmail, Priority, AVRId, Subregion, TotalAmount, WorkStart, WorkEnd, Subcontractor, Project, Region, PurchaseOrderNumber, CreationPORdate, RukOtdela, RukFiliala, SubcontractorRef; Нашли:AVRId, Subregion, TotalAmount, WorkStart, WorkEnd, CreationPORdate, RukOtdela, RukFiliala, Subcontractor, Project, Region, PurchaseOrderNumber, ObjectCreationDateTime, TaskSubcontractorNumber, DepartmentManager, BranchManagar, FactVypolneniiaRabotPodtverzhdaiuCB, FactVypolneniiaRabotPodtverzhdaiuRukOtd, ZayavkaECRAdmPoluchenaVobrabotku, DataVipuskaPO, PORotpravlenVOD, KomentariiECRAdmKzayavke, SentToSourcing, ApproovedBySoursing, Signed, SentToSubcontractor, BillNumber, FacruteNumber, KZDPoluchen, StatusRassmotreniya, CommentarijRassmotreniya, PeredanoVOplatu, OtpravlenoPodryadchikuDlyaRassmotreniya, DeliveryNumber, RukRegionApproval, SubcontractorRef, MSIPApprove, AVRType, Network, ActivityCode, PaymentDate, ClearingDate, Year, CreatedByEmail, RukOtdelaEmail, Priority  Stack:SHCloneBulkCopy.PrepareQueries => UniReportBulkCopy.ReadFiles => UniReportProtoType.FieldMatching
 10:32:34.6095  INFO  Начинаем чтение файла:ShAVRS_2015-11-09_08.02.50_32908.1.xls  Stack:SHCloneBulkCopy.PrepareQueries => UniReportBulkCopy.ReadFiles => UniReportBulkCopy.Read
 10:35:31.3425  WARN  -------------------ShClone Started:---------------------------------  Stack:Service1.<.cctor>b__2 => SHCloneBulkCopy.DoWork => SHCloneBulkCopy.LogWarn
 10:35:37.9211  INFO  -------------------ShClone Update Start Work:-----------------------  Stack:Service1.<.cctor>b__2 => SHCloneBulkCopy.DoWork => SHCloneBulkCopy.LogInfo
 10:35:38.3452  INFO  ShAVRItem_2015-11-09_08.22.05_32924.zip  Stack:SHCloneBulkCopy.DoWork => SHCloneBulkCopy.GetFiles => SHCloneBulkCopy.LogInfo
 10:35:38.3522  INFO  ShAVRS_2015-11-09_08.02.50_32908.1.xls  Stack:SHCloneBulkCopy.DoWork => SHCloneBulkCopy.GetFiles => SHCloneBulkCopy.LogInfo
 10:35:38.4132  INFO  ShVCRequests_2015-11-09_08.01.56_32894.1.xls  Stack:SHCloneBulkCopy.DoWork => SHCloneBulkCopy.GetFiles => SHCloneBulkCopy.LogInfo
 10:35:38.4132  INFO  ShLimits_2015-11-09_08.01.56_32893.1.xls  Stack:SHCloneBulkCopy.DoWork => SHCloneBulkCopy.GetFiles => SHCloneBulkCopy.LogInfo
 10:35:40.7174  INFO  Unpacked: ShAVRItem_2015-11-09_08.22.05_32924.zip  Stack:SHCloneBulkCopy.DoWork => SHCloneBulkCopy.UnZipFiles => SHCloneBulkCopy.LogInfo
 10:35:42.2886  INFO  Ожидали:AVRItemId, FIXId, FOLId, SiteId, Description, Price, Quantity, Unit, ECRType, ECRApprove, Region, AVRFId, AVRSId, LimitCode, LimitCounted; Нашли:AVRItemId, Description, Price, Quantity, AVRSId, AVRFId, FIXId, FOLId, SiteId, Unit, ECRType, ECRApprove, Region, LimitCode, LimitCounted  Stack:SHCloneBulkCopy.PrepareQueries => UniReportBulkCopy.ReadFiles => UniReportProtoType.FieldMatching
 10:35:42.2886  INFO  Начинаем чтение файла:ShAVRItem_2015-11-09_08.22.05_32924.1.xls  Stack:SHCloneBulkCopy.PrepareQueries => UniReportBulkCopy.ReadFiles => UniReportBulkCopy.Read
 10:35:44.1168  INFO  Прочли:17067 строк;ShAVRItem_2015-11-09_08.22.05_32924.1.xls  Stack:SHCloneBulkCopy.PrepareQueries => UniReportBulkCopy.ReadFiles => UniReportBulkCopy.Read
 10:35:44.1168  INFO  Начинаем чтение файла:ShAVRItem_2015-11-09_08.22.05_32924.2.xls  Stack:SHCloneBulkCopy.PrepareQueries => UniReportBulkCopy.ReadFiles => UniReportBulkCopy.Read
 10:35:46.2470  INFO  Прочли:17067 строк;ShAVRItem_2015-11-09_08.22.05_32924.2.xls  Stack:SHCloneBulkCopy.PrepareQueries => UniReportBulkCopy.ReadFiles => UniReportBulkCopy.Read
 10:35:46.2470  INFO  Начинаем чтение файла:ShAVRItem_2015-11-09_08.22.05_32924.3.xls  Stack:SHCloneBulkCopy.PrepareQueries => UniReportBulkCopy.ReadFiles => UniReportBulkCopy.Read
 10:35:48.3522  INFO  Прочли:17067 строк;ShAVRItem_2015-11-09_08.22.05_32924.3.xls  Stack:SHCloneBulkCopy.PrepareQueries => UniReportBulkCopy.ReadFiles => UniReportBulkCopy.Read
 10:35:48.3522  INFO  Начинаем чтение файла:ShAVRItem_2015-11-09_08.22.05_32924.4.xls  Stack:SHCloneBulkCopy.PrepareQueries => UniReportBulkCopy.ReadFiles => UniReportBulkCopy.Read
 10:35:49.8573  INFO  Прочли:9496 строк;ShAVRItem_2015-11-09_08.22.05_32924.4.xls  Stack:SHCloneBulkCopy.PrepareQueries => UniReportBulkCopy.ReadFiles => UniReportBulkCopy.Read
 10:35:49.9133  INFO  Ожидали:ObjectCreationDateTime, TaskSubcontractorNumber, DepartmentManager, BranchManagar, FactVypolneniiaRabotPodtverzhdaiuCB, FactVypolneniiaRabotPodtverzhdaiuRukOtd, ZayavkaECRAdmPoluchenaVobrabotku, DataVipuskaPO, PORotpravlenVOD, KomentariiECRAdmKzayavke, SentToSourcing, ApproovedBySoursing, Signed, SentToSubcontractor, BillNumber, FacruteNumber, KZDPoluchen, StatusRassmotreniya, CommentarijRassmotreniya, PeredanoVOplatu, OtpravlenoPodryadchikuDlyaRassmotreniya, DeliveryNumber, RukRegionApproval, MSIPApprove, AVRType, Network, ActivityCode, PaymentDate, ClearingDate, Year, CreatedByEmail, RukOtdelaEmail, Priority, AVRId, Subregion, TotalAmount, WorkStart, WorkEnd, Subcontractor, Project, Region, PurchaseOrderNumber, CreationPORdate, RukOtdela, RukFiliala, SubcontractorRef; Нашли:AVRId, Subregion, TotalAmount, WorkStart, WorkEnd, CreationPORdate, RukOtdela, RukFiliala, Subcontractor, Project, Region, PurchaseOrderNumber, ObjectCreationDateTime, TaskSubcontractorNumber, DepartmentManager, BranchManagar, FactVypolneniiaRabotPodtverzhdaiuCB, FactVypolneniiaRabotPodtverzhdaiuRukOtd, ZayavkaECRAdmPoluchenaVobrabotku, DataVipuskaPO, PORotpravlenVOD, KomentariiECRAdmKzayavke, SentToSourcing, ApproovedBySoursing, Signed, SentToSubcontractor, BillNumber, FacruteNumber, KZDPoluchen, StatusRassmotreniya, CommentarijRassmotreniya, PeredanoVOplatu, OtpravlenoPodryadchikuDlyaRassmotreniya, DeliveryNumber, RukRegionApproval, SubcontractorRef, MSIPApprove, AVRType, Network, ActivityCode, PaymentDate, ClearingDate, Year, CreatedByEmail, RukOtdelaEmail, Priority  Stack:SHCloneBulkCopy.PrepareQueries => UniReportBulkCopy.ReadFiles => UniReportProtoType.FieldMatching
 10:35:49.9133  INFO  Начинаем чтение файла:ShAVRS_2015-11-09_08.02.50_32908.1.xls  Stack:SHCloneBulkCopy.PrepareQueries => UniReportBulkCopy.ReadFiles => UniReportBulkCopy.Read
 10:35:52.8696  INFO  Прочли:116 строк;ShAVRS_2015-11-09_08.02.50_32908.1.xls  Stack:SHCloneBulkCopy.PrepareQueries => UniReportBulkCopy.ReadFiles => UniReportBulkCopy.Read
 10:35:52.9226  INFO  Ожидали:Id, ShAVRS_AVRId, CreateDate, NotificationSend, RequestSend, RequestAccept, RequestReject, OrderSend, OrderAccept, OrderReject, RejectReason; Нашли:Id, ShAVRS_AVRId, NotificationSend, RequestSend, RequestAccept, RequestReject, OrderSend, OrderAccept, OrderReject, RejectReason, CreateDate  Stack:SHCloneBulkCopy.PrepareQueries => UniReportBulkCopy.ReadFiles => UniReportProtoType.FieldMatching
 10:35:52.9226  INFO  Начинаем чтение файла:ShVCRequests_2015-11-09_08.01.56_32894.1.xls  Stack:SHCloneBulkCopy.PrepareQueries => UniReportBulkCopy.ReadFiles => UniReportBulkCopy.Read
 10:35:52.9226  INFO  Прочли:4 строк;ShVCRequests_2015-11-09_08.01.56_32894.1.xls  Stack:SHCloneBulkCopy.PrepareQueries => UniReportBulkCopy.ReadFiles => UniReportBulkCopy.Read
 10:35:52.9656  INFO  Ожидали:LimitCode, StartDate, EndDate, Limit, SettedLimit, Executed, Units, Description; Нашли:LimitCode, StartDate, EndDate, Limit, SettedLimit, Executed, Units, Description  Stack:SHCloneBulkCopy.PrepareQueries => UniReportBulkCopy.ReadFiles => UniReportProtoType.FieldMatching
 10:35:52.9656  INFO  Начинаем чтение файла:ShLimits_2015-11-09_08.01.56_32893.1.xls  Stack:SHCloneBulkCopy.PrepareQueries => UniReportBulkCopy.ReadFiles => UniReportBulkCopy.Read
 10:35:52.9686  INFO  Прочли:2 строк;ShLimits_2015-11-09_08.01.56_32893.1.xls  Stack:SHCloneBulkCopy.PrepareQueries => UniReportBulkCopy.ReadFiles => UniReportBulkCopy.Read
 10:35:53.1037  INFO  ----->>> Добавлен таск:ShCloneUpdate  Stack:TaskManager.AddDbTasks => TaskManager.AddTask => TaskManager.LogInfo
 10:35:53.2807  INFO  -------------------ShClone Update End Work:-------------------------  Stack:Service1.<.cctor>b__2 => SHCloneBulkCopy.DoWork => SHCloneBulkCopy.LogInfo
 10:35:57.9231  DEBUG  ------>>> Старт таска: ShCloneUpdate  Stack:Task.InnerInvoke => Service1.<.cctor>b__3 => TaskManager.ProcessTasks
 10:35:57.9311  DEBUG  ShCloneUpdate: DbModels.DomainModels.DbTasks.TaskLog 1  Stack:List`1.ForEach => SHCloneBulkCopyHandler.<Handle>b__2 => TaskLogger.LogDebug
 10:35:57.9771  DEBUG  ShCloneUpdate: DbModels.DomainModels.DbTasks.DbTask 1  Stack:List`1.ForEach => SHCloneBulkCopyHandler.<Handle>b__2 => TaskLogger.LogDebug
 10:35:58.0011  DEBUG  ShCloneUpdate: Всего:4  Stack:TaskBase.Process => SHCloneBulkCopyHandler.Handle => TaskLogger.LogDebug
 10:36:05.7889  WARN  ShCloneUpdate: ..!!..!!..!!..Очищаем таблицы   Stack:TaskBase.Process => SHCloneBulkCopyHandler.Handle => TaskLogger.LogWarn
 10:36:36.7830  WARN  ShCloneUpdate: ..!!..!!..!!..Понеслась!   Stack:TaskBase.Process => SHCloneBulkCopyHandler.Handle => TaskLogger.LogWarn
 10:42:56.1865  WARN  -------------------ShClone Started:---------------------------------  Stack:Service1.<.cctor>b__2 => SHCloneBulkCopy.DoWork => SHCloneBulkCopy.LogWarn
 10:43:03.8362  INFO  -------------------ShClone Update Start Work:-----------------------  Stack:Service1.<.cctor>b__2 => SHCloneBulkCopy.DoWork => SHCloneBulkCopy.LogInfo
 10:43:04.1572  INFO  ShAVRItem_2015-11-09_08.22.05_32924.zip  Stack:SHCloneBulkCopy.DoWork => SHCloneBulkCopy.GetFiles => SHCloneBulkCopy.LogInfo
 10:43:04.1572  INFO  ShAVRS_2015-11-09_08.02.50_32908.1.xls  Stack:SHCloneBulkCopy.DoWork => SHCloneBulkCopy.GetFiles => SHCloneBulkCopy.LogInfo
 10:43:04.1863  INFO  ShVCRequests_2015-11-09_08.01.56_32894.1.xls  Stack:SHCloneBulkCopy.DoWork => SHCloneBulkCopy.GetFiles => SHCloneBulkCopy.LogInfo
 10:43:04.1863  INFO  ShLimits_2015-11-09_08.01.56_32893.1.xls  Stack:SHCloneBulkCopy.DoWork => SHCloneBulkCopy.GetFiles => SHCloneBulkCopy.LogInfo
 10:43:05.6694  INFO  Unpacked: ShAVRItem_2015-11-09_08.22.05_32924.zip  Stack:SHCloneBulkCopy.DoWork => SHCloneBulkCopy.UnZipFiles => SHCloneBulkCopy.LogInfo
 10:43:06.9135  INFO  Ожидали:AVRItemId, FIXId, FOLId, SiteId, Description, Price, Quantity, Unit, ECRType, ECRApprove, Region, AVRFId, AVRSId, LimitCode, LimitCounted; Нашли:AVRItemId, Description, Price, Quantity, AVRSId, AVRFId, FIXId, FOLId, SiteId, Unit, ECRType, ECRApprove, Region, LimitCode, LimitCounted  Stack:SHCloneBulkCopy.PrepareQueries => UniReportBulkCopy.ReadFiles => UniReportProtoType.FieldMatching
 10:43:06.9135  INFO  Начинаем чтение файла:ShAVRItem_2015-11-09_08.22.05_32924.1.xls  Stack:SHCloneBulkCopy.PrepareQueries => UniReportBulkCopy.ReadFiles => UniReportBulkCopy.Read
 10:43:08.3157  INFO  Прочли:17067 строк;ShAVRItem_2015-11-09_08.22.05_32924.1.xls  Stack:SHCloneBulkCopy.PrepareQueries => UniReportBulkCopy.ReadFiles => UniReportBulkCopy.Read
 10:43:08.3157  INFO  Начинаем чтение файла:ShAVRItem_2015-11-09_08.22.05_32924.2.xls  Stack:SHCloneBulkCopy.PrepareQueries => UniReportBulkCopy.ReadFiles => UniReportBulkCopy.Read
 10:43:09.9818  INFO  Прочли:17067 строк;ShAVRItem_2015-11-09_08.22.05_32924.2.xls  Stack:SHCloneBulkCopy.PrepareQueries => UniReportBulkCopy.ReadFiles => UniReportBulkCopy.Read
 10:43:09.9818  INFO  Начинаем чтение файла:ShAVRItem_2015-11-09_08.22.05_32924.3.xls  Stack:SHCloneBulkCopy.PrepareQueries => UniReportBulkCopy.ReadFiles => UniReportBulkCopy.Read
 10:43:11.6690  INFO  Прочли:17067 строк;ShAVRItem_2015-11-09_08.22.05_32924.3.xls  Stack:SHCloneBulkCopy.PrepareQueries => UniReportBulkCopy.ReadFiles => UniReportBulkCopy.Read
 10:43:11.6690  INFO  Начинаем чтение файла:ShAVRItem_2015-11-09_08.22.05_32924.4.xls  Stack:SHCloneBulkCopy.PrepareQueries => UniReportBulkCopy.ReadFiles => UniReportBulkCopy.Read
 10:43:12.6391  INFO  Прочли:9496 строк;ShAVRItem_2015-11-09_08.22.05_32924.4.xls  Stack:SHCloneBulkCopy.PrepareQueries => UniReportBulkCopy.ReadFiles => UniReportBulkCopy.Read
 10:43:12.7001  INFO  Ожидали:ObjectCreationDateTime, TaskSubcontractorNumber, DepartmentManager, BranchManagar, FactVypolneniiaRabotPodtverzhdaiuCB, FactVypolneniiaRabotPodtverzhdaiuRukOtd, ZayavkaECRAdmPoluchenaVobrabotku, DataVipuskaPO, PORotpravlenVOD, KomentariiECRAdmKzayavke, SentToSourcing, ApproovedBySoursing, Signed, SentToSubcontractor, BillNumber, FacruteNumber, KZDPoluchen, StatusRassmotreniya, CommentarijRassmotreniya, PeredanoVOplatu, OtpravlenoPodryadchikuDlyaRassmotreniya, DeliveryNumber, RukRegionApproval, MSIPApprove, AVRType, Network, ActivityCode, PaymentDate, ClearingDate, Year, CreatedByEmail, RukOtdelaEmail, Priority, AVRId, Subregion, TotalAmount, WorkStart, WorkEnd, Subcontractor, Project, Region, PurchaseOrderNumber, CreationPORdate, RukOtdela, RukFiliala, SubcontractorRef; Нашли:AVRId, Subregion, TotalAmount, WorkStart, WorkEnd, CreationPORdate, RukOtdela, RukFiliala, Subcontractor, Project, Region, PurchaseOrderNumber, ObjectCreationDateTime, TaskSubcontractorNumber, DepartmentManager, BranchManagar, FactVypolneniiaRabotPodtverzhdaiuCB, FactVypolneniiaRabotPodtverzhdaiuRukOtd, ZayavkaECRAdmPoluchenaVobrabotku, DataVipuskaPO, PORotpravlenVOD, KomentariiECRAdmKzayavke, SentToSourcing, ApproovedBySoursing, Signed, SentToSubcontractor, BillNumber, FacruteNumber, KZDPoluchen, StatusRassmotreniya, CommentarijRassmotreniya, PeredanoVOplatu, OtpravlenoPodryadchikuDlyaRassmotreniya, DeliveryNumber, RukRegionApproval, SubcontractorRef, MSIPApprove, AVRType, Network, ActivityCode, PaymentDate, ClearingDate, Year, CreatedByEmail, RukOtdelaEmail, Priority  Stack:SHCloneBulkCopy.PrepareQueries => UniReportBulkCopy.ReadFiles => UniReportProtoType.FieldMatching
 10:43:12.7001  INFO  Начинаем чтение файла:ShAVRS_2015-11-09_08.02.50_32908.1.xls  Stack:SHCloneBulkCopy.PrepareQueries => UniReportBulkCopy.ReadFiles => UniReportBulkCopy.Read
 10:43:15.1563  INFO  Прочли:116 строк;ShAVRS_2015-11-09_08.02.50_32908.1.xls  Stack:SHCloneBulkCopy.PrepareQueries => UniReportBulkCopy.ReadFiles => UniReportBulkCopy.Read
 10:43:30.4669  ERROR  Количество найденых полей не совпадает с ожидаемым!  Stack:SHCloneBulkCopy.PrepareQueries => UniReportBulkCopy.ReadFiles => UniReportProtoType.FieldMatching
 10:44:08.8587  WARN  -------------------ShClone Started:---------------------------------  Stack:Service1.<.cctor>b__2 => SHCloneBulkCopy.DoWork => SHCloneBulkCopy.LogWarn
 10:44:14.3122  INFO  -------------------ShClone Update Start Work:-----------------------  Stack:Service1.<.cctor>b__2 => SHCloneBulkCopy.DoWork => SHCloneBulkCopy.LogInfo
 10:44:14.7463  INFO  ShAVRItem_2015-11-09_08.22.05_32924.zip  Stack:SHCloneBulkCopy.DoWork => SHCloneBulkCopy.GetFiles => SHCloneBulkCopy.LogInfo
 10:44:14.7663  INFO  ShAVRS_2015-11-09_08.02.50_32908.1.xls  Stack:SHCloneBulkCopy.DoWork => SHCloneBulkCopy.GetFiles => SHCloneBulkCopy.LogInfo
 10:44:14.7983  INFO  ShVCRequests_2015-11-09_08.01.56_32894.1.xls  Stack:SHCloneBulkCopy.DoWork => SHCloneBulkCopy.GetFiles => SHCloneBulkCopy.LogInfo
 10:44:14.7983  INFO  ShLimits_2015-11-09_08.01.56_32893.1.xls  Stack:SHCloneBulkCopy.DoWork => SHCloneBulkCopy.GetFiles => SHCloneBulkCopy.LogInfo
 10:44:16.2244  INFO  Unpacked: ShAVRItem_2015-11-09_08.22.05_32924.zip  Stack:SHCloneBulkCopy.DoWork => SHCloneBulkCopy.UnZipFiles => SHCloneBulkCopy.LogInfo
 10:44:17.3835  INFO  Ожидали:AVRItemId, FIXId, FOLId, SiteId, Description, Price, Quantity, Unit, ECRType, ECRApprove, Region, AVRFId, AVRSId, LimitCode, LimitCounted; Нашли:AVRItemId, Description, Price, Quantity, AVRSId, AVRFId, FIXId, FOLId, SiteId, Unit, ECRType, ECRApprove, Region, LimitCode, LimitCounted  Stack:SHCloneBulkCopy.PrepareQueries => UniReportBulkCopy.ReadFiles => UniReportProtoType.FieldMatching
 10:44:17.3835  INFO  Начинаем чтение файла:ShAVRItem_2015-11-09_08.22.05_32924.1.xls  Stack:SHCloneBulkCopy.PrepareQueries => UniReportBulkCopy.ReadFiles => UniReportBulkCopy.Read
 10:44:18.8097  INFO  Прочли:17067 строк;ShAVRItem_2015-11-09_08.22.05_32924.1.xls  Stack:SHCloneBulkCopy.PrepareQueries => UniReportBulkCopy.ReadFiles => UniReportBulkCopy.Read
 10:44:18.8097  INFO  Начинаем чтение файла:ShAVRItem_2015-11-09_08.22.05_32924.2.xls  Stack:SHCloneBulkCopy.PrepareQueries => UniReportBulkCopy.ReadFiles => UniReportBulkCopy.Read
 10:44:20.6678  INFO  Прочли:17067 строк;ShAVRItem_2015-11-09_08.22.05_32924.2.xls  Stack:SHCloneBulkCopy.PrepareQueries => UniReportBulkCopy.ReadFiles => UniReportBulkCopy.Read
 10:44:20.6678  INFO  Начинаем чтение файла:ShAVRItem_2015-11-09_08.22.05_32924.3.xls  Stack:SHCloneBulkCopy.PrepareQueries => UniReportBulkCopy.ReadFiles => UniReportBulkCopy.Read
 10:44:22.3410  INFO  Прочли:17067 строк;ShAVRItem_2015-11-09_08.22.05_32924.3.xls  Stack:SHCloneBulkCopy.PrepareQueries => UniReportBulkCopy.ReadFiles => UniReportBulkCopy.Read
 10:44:22.3410  INFO  Начинаем чтение файла:ShAVRItem_2015-11-09_08.22.05_32924.4.xls  Stack:SHCloneBulkCopy.PrepareQueries => UniReportBulkCopy.ReadFiles => UniReportBulkCopy.Read
 10:44:23.3331  INFO  Прочли:9496 строк;ShAVRItem_2015-11-09_08.22.05_32924.4.xls  Stack:SHCloneBulkCopy.PrepareQueries => UniReportBulkCopy.ReadFiles => UniReportBulkCopy.Read
 10:44:23.3801  INFO  Ожидали:ObjectCreationDateTime, TaskSubcontractorNumber, DepartmentManager, BranchManagar, FactVypolneniiaRabotPodtverzhdaiuCB, FactVypolneniiaRabotPodtverzhdaiuRukOtd, ZayavkaECRAdmPoluchenaVobrabotku, DataVipuskaPO, PORotpravlenVOD, KomentariiECRAdmKzayavke, SentToSourcing, ApproovedBySoursing, Signed, SentToSubcontractor, BillNumber, FacruteNumber, KZDPoluchen, StatusRassmotreniya, CommentarijRassmotreniya, PeredanoVOplatu, OtpravlenoPodryadchikuDlyaRassmotreniya, DeliveryNumber, RukRegionApproval, MSIPApprove, AVRType, Network, ActivityCode, PaymentDate, ClearingDate, Year, CreatedByEmail, RukOtdelaEmail, Priority, AVRId, Subregion, TotalAmount, WorkStart, WorkEnd, Subcontractor, Project, Region, PurchaseOrderNumber, CreationPORdate, RukOtdela, RukFiliala, SubcontractorRef; Нашли:AVRId, Subregion, TotalAmount, WorkStart, WorkEnd, CreationPORdate, RukOtdela, RukFiliala, Subcontractor, Project, Region, PurchaseOrderNumber, ObjectCreationDateTime, TaskSubcontractorNumber, DepartmentManager, BranchManagar, FactVypolneniiaRabotPodtverzhdaiuCB, FactVypolneniiaRabotPodtverzhdaiuRukOtd, ZayavkaECRAdmPoluchenaVobrabotku, DataVipuskaPO, PORotpravlenVOD, KomentariiECRAdmKzayavke, SentToSourcing, ApproovedBySoursing, Signed, SentToSubcontractor, BillNumber, FacruteNumber, KZDPoluchen, StatusRassmotreniya, CommentarijRassmotreniya, PeredanoVOplatu, OtpravlenoPodryadchikuDlyaRassmotreniya, DeliveryNumber, RukRegionApproval, SubcontractorRef, MSIPApprove, AVRType, Network, ActivityCode, PaymentDate, ClearingDate, Year, CreatedByEmail, RukOtdelaEmail, Priority  Stack:SHCloneBulkCopy.PrepareQueries => UniReportBulkCopy.ReadFiles => UniReportProtoType.FieldMatching
 10:44:23.3801  INFO  Начинаем чтение файла:ShAVRS_2015-11-09_08.02.50_32908.1.xls  Stack:SHCloneBulkCopy.PrepareQueries => UniReportBulkCopy.ReadFiles => UniReportBulkCopy.Read
 10:44:26.0274  INFO  Прочли:116 строк;ShAVRS_2015-11-09_08.02.50_32908.1.xls  Stack:SHCloneBulkCopy.PrepareQueries => UniReportBulkCopy.ReadFiles => UniReportBulkCopy.Read
 10:44:26.0644  INFO  Ожидали:Id, ShAVRs_AVRId, CreateDate, NotificationSend, RequestSend, RequestAccept, RequestReject, OrderSend, OrderAccept, OrderReject, RejectReason; Нашли:Id, ShAVRs_AVRId, NotificationSend, RequestSend, RequestAccept, RequestReject, OrderSend, OrderAccept, OrderReject, RejectReason, CreateDate  Stack:SHCloneBulkCopy.PrepareQueries => UniReportBulkCopy.ReadFiles => UniReportProtoType.FieldMatching
 10:44:26.0644  INFO  Начинаем чтение файла:ShVCRequests_2015-11-09_08.01.56_32894.1.xls  Stack:SHCloneBulkCopy.PrepareQueries => UniReportBulkCopy.ReadFiles => UniReportBulkCopy.Read
 10:44:26.0644  INFO  Прочли:4 строк;ShVCRequests_2015-11-09_08.01.56_32894.1.xls  Stack:SHCloneBulkCopy.PrepareQueries => UniReportBulkCopy.ReadFiles => UniReportBulkCopy.Read
 10:44:26.0794  INFO  Ожидали:LimitCode, StartDate, EndDate, Limit, SettedLimit, Executed, Units, Description; Нашли:LimitCode, StartDate, EndDate, Limit, SettedLimit, Executed, Units, Description  Stack:SHCloneBulkCopy.PrepareQueries => UniReportBulkCopy.ReadFiles => UniReportProtoType.FieldMatching
 10:44:26.0794  INFO  Начинаем чтение файла:ShLimits_2015-11-09_08.01.56_32893.1.xls  Stack:SHCloneBulkCopy.PrepareQueries => UniReportBulkCopy.ReadFiles => UniReportBulkCopy.Read
 10:44:26.0794  INFO  Прочли:2 строк;ShLimits_2015-11-09_08.01.56_32893.1.xls  Stack:SHCloneBulkCopy.PrepareQueries => UniReportBulkCopy.ReadFiles => UniReportBulkCopy.Read
 10:44:26.1934  INFO  ----->>> Добавлен таск:ShCloneUpdate  Stack:TaskManager.AddDbTasks => TaskManager.AddTask => TaskManager.LogInfo
 10:44:26.3204  INFO  -------------------ShClone Update End Work:-------------------------  Stack:Service1.<.cctor>b__2 => SHCloneBulkCopy.DoWork => SHCloneBulkCopy.LogInfo
 10:44:29.3137  DEBUG  ------>>> Старт таска: ShCloneUpdate  Stack:Task.InnerInvoke => Service1.<.cctor>b__3 => TaskManager.ProcessTasks
 10:44:29.3227  DEBUG  ShCloneUpdate: DbModels.DomainModels.DbTasks.TaskLog 1  Stack:List`1.ForEach => SHCloneBulkCopyHandler.<Handle>b__2 => TaskLogger.LogDebug
 10:44:29.3717  DEBUG  ShCloneUpdate: DbModels.DomainModels.DbTasks.DbTask 1  Stack:List`1.ForEach => SHCloneBulkCopyHandler.<Handle>b__2 => TaskLogger.LogDebug
 10:44:29.3857  DEBUG  ShCloneUpdate: Всего:4  Stack:TaskBase.Process => SHCloneBulkCopyHandler.Handle => TaskLogger.LogDebug
 10:44:35.1753  WARN  ShCloneUpdate: ..!!..!!..!!..Очищаем таблицы   Stack:TaskBase.Process => SHCloneBulkCopyHandler.Handle => TaskLogger.LogWarn
 10:44:38.9787  WARN  ShCloneUpdate: ..!!..!!..!!..Понеслась!   Stack:TaskBase.Process => SHCloneBulkCopyHandler.Handle => TaskLogger.LogWarn
 10:44:54.2942  WARN  ShCloneUpdate: ..!!..!!..!!..Успешно. Общее время обновления:19,1180509 секунд  Stack:TaskBase.Process => SHCloneBulkCopyHandler.Handle => TaskLogger.LogWarn
 10:44:54.3712  INFO  <<<-----  Удален таск:ShCloneUpdate  Stack:TaskManager.ProcessTasks => TaskManager.RemoveTask => TaskManager.LogInfo
 10:44:54.3712  INFO  <<<-----  В очереди: ------>>>  Stack:TaskManager.ProcessTasks => TaskManager.RemoveTask => TaskManager.LogInfo
 10:52:17.4397  WARN  -------------------ShClone Started:---------------------------------  Stack:Service1.<.cctor>b__2 => SHCloneBulkCopy.DoWork => SHCloneBulkCopy.LogWarn
 10:56:13.2593  WARN  -------------------ShClone Started:---------------------------------  Stack:Service1.<.cctor>b__2 => SHCloneBulkCopy.DoWork => SHCloneBulkCopy.LogWarn
 10:56:19.1029  INFO  -------------------ShClone Update Start Work:-----------------------  Stack:Service1.<.cctor>b__2 => SHCloneBulkCopy.DoWork => SHCloneBulkCopy.LogInfo
 10:56:19.4389  INFO  ShAVRItem_2015-11-09_08.22.05_32924.1.xls  Stack:SHCloneBulkCopy.DoWork => SHCloneBulkCopy.GetFiles => SHCloneBulkCopy.LogInfo
 10:56:19.4389  INFO  ShAVRS_2015-11-09_08.02.50_32908.1.xls  Stack:SHCloneBulkCopy.DoWork => SHCloneBulkCopy.GetFiles => SHCloneBulkCopy.LogInfo
 10:56:19.4960  INFO  ShVCRequests_2015-11-09_08.01.56_32894.1.xls  Stack:SHCloneBulkCopy.DoWork => SHCloneBulkCopy.GetFiles => SHCloneBulkCopy.LogInfo
 10:56:19.4960  INFO  ShLimits_2015-11-09_08.01.56_32893.1.xls  Stack:SHCloneBulkCopy.DoWork => SHCloneBulkCopy.GetFiles => SHCloneBulkCopy.LogInfo
 10:56:20.6411  INFO  Ожидали:AVRItemId, FIXId, FOLId, SiteId, Description, Price, Quantity, Unit, ECRType, ECRApprove, Region, AVRFId, AVRSId, Limit_LimitCode, LimitCounted; Нашли:AVRItemId, Description, Price, Quantity, AVRSId, AVRFId, FIXId, FOLId, SiteId, Unit, ECRType, ECRApprove, Region, Limit_LimitCode, LimitCounted  Stack:SHCloneBulkCopy.PrepareQueries => UniReportBulkCopy.ReadFiles => UniReportProtoType.FieldMatching
 10:56:20.6411  INFO  Начинаем чтение файла:ShAVRItem_2015-11-09_08.22.05_32924.1.xls  Stack:SHCloneBulkCopy.PrepareQueries => UniReportBulkCopy.ReadFiles => UniReportBulkCopy.Read
 10:56:21.9812  INFO  Прочли:17067 строк;ShAVRItem_2015-11-09_08.22.05_32924.1.xls  Stack:SHCloneBulkCopy.PrepareQueries => UniReportBulkCopy.ReadFiles => UniReportBulkCopy.Read
 10:56:22.0232  INFO  Ожидали:ObjectCreationDateTime, TaskSubcontractorNumber, DepartmentManager, BranchManagar, FactVypolneniiaRabotPodtverzhdaiuCB, FactVypolneniiaRabotPodtverzhdaiuRukOtd, ZayavkaECRAdmPoluchenaVobrabotku, DataVipuskaPO, PORotpravlenVOD, KomentariiECRAdmKzayavke, SentToSourcing, ApproovedBySoursing, Signed, SentToSubcontractor, BillNumber, FacruteNumber, KZDPoluchen, StatusRassmotreniya, CommentarijRassmotreniya, PeredanoVOplatu, OtpravlenoPodryadchikuDlyaRassmotreniya, DeliveryNumber, RukRegionApproval, MSIPApprove, AVRType, Network, ActivityCode, PaymentDate, ClearingDate, Year, CreatedByEmail, RukOtdelaEmail, Priority, AVRId, Subregion, TotalAmount, WorkStart, WorkEnd, Subcontractor, Project, Region, PurchaseOrderNumber, CreationPORdate, RukOtdela, RukFiliala, SubcontractorRef; Нашли:AVRId, Subregion, TotalAmount, WorkStart, WorkEnd, CreationPORdate, RukOtdela, RukFiliala, Subcontractor, Project, Region, PurchaseOrderNumber, ObjectCreationDateTime, TaskSubcontractorNumber, DepartmentManager, BranchManagar, FactVypolneniiaRabotPodtverzhdaiuCB, FactVypolneniiaRabotPodtverzhdaiuRukOtd, ZayavkaECRAdmPoluchenaVobrabotku, DataVipuskaPO, PORotpravlenVOD, KomentariiECRAdmKzayavke, SentToSourcing, ApproovedBySoursing, Signed, SentToSubcontractor, BillNumber, FacruteNumber, KZDPoluchen, StatusRassmotreniya, CommentarijRassmotreniya, PeredanoVOplatu, OtpravlenoPodryadchikuDlyaRassmotreniya, DeliveryNumber, RukRegionApproval, SubcontractorRef, MSIPApprove, AVRType, Network, ActivityCode, PaymentDate, ClearingDate, Year, CreatedByEmail, RukOtdelaEmail, Priority  Stack:SHCloneBulkCopy.PrepareQueries => UniReportBulkCopy.ReadFiles => UniReportProtoType.FieldMatching
 10:56:22.0282  INFO  Начинаем чтение файла:ShAVRS_2015-11-09_08.02.50_32908.1.xls  Stack:SHCloneBulkCopy.PrepareQueries => UniReportBulkCopy.ReadFiles => UniReportBulkCopy.Read
 10:56:24.4184  INFO  Прочли:116 строк;ShAVRS_2015-11-09_08.02.50_32908.1.xls  Stack:SHCloneBulkCopy.PrepareQueries => UniReportBulkCopy.ReadFiles => UniReportBulkCopy.Read
 10:56:24.4444  INFO  Ожидали:Id, ShAVRs_AVRId, CreateDate, NotificationSend, RequestSend, RequestAccept, RequestReject, OrderSend, OrderAccept, OrderReject, RejectReason; Нашли:Id, ShAVRs_AVRId, NotificationSend, RequestSend, RequestAccept, RequestReject, OrderSend, OrderAccept, OrderReject, RejectReason, CreateDate  Stack:SHCloneBulkCopy.PrepareQueries => UniReportBulkCopy.ReadFiles => UniReportProtoType.FieldMatching
 10:56:24.4444  INFO  Начинаем чтение файла:ShVCRequests_2015-11-09_08.01.56_32894.1.xls  Stack:SHCloneBulkCopy.PrepareQueries => UniReportBulkCopy.ReadFiles => UniReportBulkCopy.Read
 10:56:24.4474  INFO  Прочли:4 строк;ShVCRequests_2015-11-09_08.01.56_32894.1.xls  Stack:SHCloneBulkCopy.PrepareQueries => UniReportBulkCopy.ReadFiles => UniReportBulkCopy.Read
 10:56:24.4474  INFO  Ожидали:LimitCode, StartDate, EndDate, Limit, SettedLimit, Executed, Units, Description; Нашли:LimitCode, StartDate, EndDate, Limit, SettedLimit, Executed, Units, Description  Stack:SHCloneBulkCopy.PrepareQueries => UniReportBulkCopy.ReadFiles => UniReportProtoType.FieldMatching
 10:56:24.4474  INFO  Начинаем чтение файла:ShLimits_2015-11-09_08.01.56_32893.1.xls  Stack:SHCloneBulkCopy.PrepareQueries => UniReportBulkCopy.ReadFiles => UniReportBulkCopy.Read
 10:56:24.4474  INFO  Прочли:2 строк;ShLimits_2015-11-09_08.01.56_32893.1.xls  Stack:SHCloneBulkCopy.PrepareQueries => UniReportBulkCopy.ReadFiles => UniReportBulkCopy.Read
 10:56:24.5635  INFO  ----->>> Добавлен таск:ShCloneUpdate  Stack:TaskManager.AddDbTasks => TaskManager.AddTask => TaskManager.LogInfo
 10:56:24.6495  INFO  -------------------ShClone Update End Work:-------------------------  Stack:Service1.<.cctor>b__2 => SHCloneBulkCopy.DoWork => SHCloneBulkCopy.LogInfo
 10:56:29.0939  DEBUG  ------>>> Старт таска: ShCloneUpdate  Stack:Task.InnerInvoke => Service1.<.cctor>b__3 => TaskManager.ProcessTasks
 10:56:29.0969  DEBUG  ShCloneUpdate: DbModels.DomainModels.DbTasks.TaskLog 1  Stack:List`1.ForEach => SHCloneBulkCopyHandler.<Handle>b__2 => TaskLogger.LogDebug
 10:56:29.1489  DEBUG  ShCloneUpdate: DbModels.DomainModels.DbTasks.DbTask 1  Stack:List`1.ForEach => SHCloneBulkCopyHandler.<Handle>b__2 => TaskLogger.LogDebug
 10:56:29.1599  DEBUG  ShCloneUpdate: Всего:4  Stack:TaskBase.Process => SHCloneBulkCopyHandler.Handle => TaskLogger.LogDebug
 10:56:29.1789  WARN  ShCloneUpdate: ..!!..!!..!!..Очищаем таблицы   Stack:TaskBase.Process => SHCloneBulkCopyHandler.Handle => TaskLogger.LogWarn
 10:56:31.9502  ERROR  ShCloneUpdate: Ошибка дропа таблицы ShAVRSs  Stack:TaskBase.Process => SHCloneBulkCopyHandler.Handle => TaskLogger.LogError
 10:56:32.0282  WARN  ShCloneUpdate: ..!!..!!..!!..Понеслась!   Stack:TaskBase.Process => SHCloneBulkCopyHandler.Handle => TaskLogger.LogWarn
 10:58:32.0310  WARN  -------------------ShClone Started:---------------------------------  Stack:Service1.<.cctor>b__2 => SHCloneBulkCopy.DoWork => SHCloneBulkCopy.LogWarn
 10:58:45.5473  INFO  -------------------ShClone Update Start Work:-----------------------  Stack:Service1.<.cctor>b__2 => SHCloneBulkCopy.DoWork => SHCloneBulkCopy.LogInfo
 10:58:45.8914  INFO  Cannot find file of type:ShAVRItem  Stack:SHCloneBulkCopy.DoWork => SHCloneBulkCopy.GetFiles => SHCloneBulkCopy.LogInfo
 10:58:45.9194  INFO  -------------------ShClone Update End Work:-------------------------  Stack:Service1.<.cctor>b__2 => SHCloneBulkCopy.DoWork => SHCloneBulkCopy.LogInfo
 10:59:13.2427  WARN  -------------------ShClone Started:---------------------------------  Stack:Service1.<.cctor>b__2 => SHCloneBulkCopy.DoWork => SHCloneBulkCopy.LogWarn
 10:59:19.7023  INFO  -------------------ShClone Update Start Work:-----------------------  Stack:Service1.<.cctor>b__2 => SHCloneBulkCopy.DoWork => SHCloneBulkCopy.LogInfo
 10:59:20.0584  INFO  ShAVRItem_2015-11-09_08.22.05_32924.1.xls  Stack:SHCloneBulkCopy.DoWork => SHCloneBulkCopy.GetFiles => SHCloneBulkCopy.LogInfo
 10:59:20.0884  INFO  ShAVRS_2015-11-09_08.02.50_32908.1.xls  Stack:SHCloneBulkCopy.DoWork => SHCloneBulkCopy.GetFiles => SHCloneBulkCopy.LogInfo
 10:59:20.1554  INFO  ShVCRequests_2015-11-09_08.01.56_32894.1.xls  Stack:SHCloneBulkCopy.DoWork => SHCloneBulkCopy.GetFiles => SHCloneBulkCopy.LogInfo
 10:59:20.1594  INFO  ShLimits_2015-11-09_08.01.56_32893.1.xls  Stack:SHCloneBulkCopy.DoWork => SHCloneBulkCopy.GetFiles => SHCloneBulkCopy.LogInfo
 10:59:21.2915  INFO  Ожидали:AVRItemId, FIXId, FOLId, SiteId, Description, Price, Quantity, Unit, ECRType, ECRApprove, Region, AVRFId, AVRSId, Limit_LimitCode, LimitCounted; Нашли:AVRItemId, Description, Price, Quantity, AVRSId, AVRFId, FIXId, FOLId, SiteId, Unit, ECRType, ECRApprove, Region, Limit_LimitCode, LimitCounted  Stack:SHCloneBulkCopy.PrepareQueries => UniReportBulkCopy.ReadFiles => UniReportProtoType.FieldMatching
 10:59:21.2915  INFO  Начинаем чтение файла:ShAVRItem_2015-11-09_08.22.05_32924.1.xls  Stack:SHCloneBulkCopy.PrepareQueries => UniReportBulkCopy.ReadFiles => UniReportBulkCopy.Read
 10:59:22.6406  INFO  Прочли:17067 строк;ShAVRItem_2015-11-09_08.22.05_32924.1.xls  Stack:SHCloneBulkCopy.PrepareQueries => UniReportBulkCopy.ReadFiles => UniReportBulkCopy.Read
 10:59:22.6696  INFO  Ожидали:ObjectCreationDateTime, TaskSubcontractorNumber, DepartmentManager, BranchManagar, FactVypolneniiaRabotPodtverzhdaiuCB, FactVypolneniiaRabotPodtverzhdaiuRukOtd, ZayavkaECRAdmPoluchenaVobrabotku, DataVipuskaPO, PORotpravlenVOD, KomentariiECRAdmKzayavke, SentToSourcing, ApproovedBySoursing, Signed, SentToSubcontractor, BillNumber, FacruteNumber, KZDPoluchen, StatusRassmotreniya, CommentarijRassmotreniya, PeredanoVOplatu, OtpravlenoPodryadchikuDlyaRassmotreniya, DeliveryNumber, RukRegionApproval, MSIPApprove, AVRType, Network, ActivityCode, PaymentDate, ClearingDate, Year, CreatedByEmail, RukOtdelaEmail, Priority, AVRId, Subregion, TotalAmount, WorkStart, WorkEnd, Subcontractor, Project, Region, PurchaseOrderNumber, CreationPORdate, RukOtdela, RukFiliala, SubcontractorRef; Нашли:AVRId, Subregion, TotalAmount, WorkStart, WorkEnd, CreationPORdate, RukOtdela, RukFiliala, Subcontractor, Project, Region, PurchaseOrderNumber, ObjectCreationDateTime, TaskSubcontractorNumber, DepartmentManager, BranchManagar, FactVypolneniiaRabotPodtverzhdaiuCB, FactVypolneniiaRabotPodtverzhdaiuRukOtd, ZayavkaECRAdmPoluchenaVobrabotku, DataVipuskaPO, PORotpravlenVOD, KomentariiECRAdmKzayavke, SentToSourcing, ApproovedBySoursing, Signed, SentToSubcontractor, BillNumber, FacruteNumber, KZDPoluchen, StatusRassmotreniya, CommentarijRassmotreniya, PeredanoVOplatu, OtpravlenoPodryadchikuDlyaRassmotreniya, DeliveryNumber, RukRegionApproval, SubcontractorRef, MSIPApprove, AVRType, Network, ActivityCode, PaymentDate, ClearingDate, Year, CreatedByEmail, RukOtdelaEmail, Priority  Stack:SHCloneBulkCopy.PrepareQueries => UniReportBulkCopy.ReadFiles => UniReportProtoType.FieldMatching
 10:59:22.6696  INFO  Начинаем чтение файла:ShAVRS_2015-11-09_08.02.50_32908.1.xls  Stack:SHCloneBulkCopy.PrepareQueries => UniReportBulkCopy.ReadFiles => UniReportBulkCopy.Read
 10:59:25.0498  INFO  Прочли:116 строк;ShAVRS_2015-11-09_08.02.50_32908.1.xls  Stack:SHCloneBulkCopy.PrepareQueries => UniReportBulkCopy.ReadFiles => UniReportBulkCopy.Read
 10:59:25.0889  INFO  Ожидали:Id, ShAVRs_AVRId, CreateDate, NotificationSend, RequestSend, RequestAccept, RequestReject, OrderSend, OrderAccept, OrderReject, RejectReason; Нашли:Id, ShAVRs_AVRId, NotificationSend, RequestSend, RequestAccept, RequestReject, OrderSend, OrderAccept, OrderReject, RejectReason, CreateDate  Stack:SHCloneBulkCopy.PrepareQueries => UniReportBulkCopy.ReadFiles => UniReportProtoType.FieldMatching
 10:59:25.0889  INFO  Начинаем чтение файла:ShVCRequests_2015-11-09_08.01.56_32894.1.xls  Stack:SHCloneBulkCopy.PrepareQueries => UniReportBulkCopy.ReadFiles => UniReportBulkCopy.Read
 10:59:25.0889  INFO  Прочли:4 строк;ShVCRequests_2015-11-09_08.01.56_32894.1.xls  Stack:SHCloneBulkCopy.PrepareQueries => UniReportBulkCopy.ReadFiles => UniReportBulkCopy.Read
 10:59:25.0889  INFO  Ожидали:LimitCode, StartDate, EndDate, Limit, SettedLimit, Executed, Units, Description; Нашли:LimitCode, StartDate, EndDate, Limit, SettedLimit, Executed, Units, Description  Stack:SHCloneBulkCopy.PrepareQueries => UniReportBulkCopy.ReadFiles => UniReportProtoType.FieldMatching
 10:59:25.0889  INFO  Начинаем чтение файла:ShLimits_2015-11-09_08.01.56_32893.1.xls  Stack:SHCloneBulkCopy.PrepareQueries => UniReportBulkCopy.ReadFiles => UniReportBulkCopy.Read
 10:59:25.1029  INFO  Прочли:2 строк;ShLimits_2015-11-09_08.01.56_32893.1.xls  Stack:SHCloneBulkCopy.PrepareQueries => UniReportBulkCopy.ReadFiles => UniReportBulkCopy.Read
 10:59:25.2289  INFO  ----->>> Добавлен таск:ShCloneUpdate  Stack:TaskManager.AddDbTasks => TaskManager.AddTask => TaskManager.LogInfo
 10:59:25.2969  INFO  -------------------ShClone Update End Work:-------------------------  Stack:Service1.<.cctor>b__2 => SHCloneBulkCopy.DoWork => SHCloneBulkCopy.LogInfo
 10:59:29.7043  DEBUG  ------>>> Старт таска: ShCloneUpdate  Stack:Task.InnerInvoke => Service1.<.cctor>b__3 => TaskManager.ProcessTasks
 10:59:29.7043  DEBUG  ShCloneUpdate: DbModels.DomainModels.DbTasks.TaskLog 1  Stack:List`1.ForEach => SHCloneBulkCopyHandler.<Handle>b__2 => TaskLogger.LogDebug
 10:59:29.7483  DEBUG  ShCloneUpdate: DbModels.DomainModels.DbTasks.DbTask 1  Stack:List`1.ForEach => SHCloneBulkCopyHandler.<Handle>b__2 => TaskLogger.LogDebug
 10:59:29.7593  DEBUG  ShCloneUpdate: Всего:4  Stack:TaskBase.Process => SHCloneBulkCopyHandler.Handle => TaskLogger.LogDebug
 10:59:29.7863  WARN  ShCloneUpdate: ..!!..!!..!!..Очищаем таблицы   Stack:TaskBase.Process => SHCloneBulkCopyHandler.Handle => TaskLogger.LogWarn
 10:59:30.2874  WARN  ShCloneUpdate: ..!!..!!..!!..Понеслась!   Stack:TaskBase.Process => SHCloneBulkCopyHandler.Handle => TaskLogger.LogWarn
 10:59:38.8882  WARN  ShCloneUpdate: ..!!..!!..!!..Успешно. Общее время обновления:9,1023512 секунд  Stack:TaskBase.Process => SHCloneBulkCopyHandler.Handle => TaskLogger.LogWarn
 10:59:38.9412  INFO  <<<-----  Удален таск:ShCloneUpdate  Stack:TaskManager.ProcessTasks => TaskManager.RemoveTask => TaskManager.LogInfo
 10:59:38.9412  INFO  <<<-----  В очереди: ------>>>  Stack:TaskManager.ProcessTasks => TaskManager.RemoveTask => TaskManager.LogInfo
 12:46:09.0379  WARN  -------------------ShClone Started:---------------------------------  Stack:Service1.<.cctor>b__2 => SHCloneBulkCopy.DoWork => SHCloneBulkCopy.LogWarn
 14:34:21.3221  WARN  -------------------ShClone Started:---------------------------------  Stack:Service1.<.cctor>b__2 => SHCloneBulkCopy.DoWork => SHCloneBulkCopy.LogWarn
 14:34:27.7584  INFO  -------------------ShClone Update Start Work:-----------------------  Stack:Service1.<.cctor>b__2 => SHCloneBulkCopy.DoWork => SHCloneBulkCopy.LogInfo
 14:34:28.1070  INFO  ShAVRItem_2015-11-09_08.22.05_32924.1.xls  Stack:SHCloneBulkCopy.DoWork => SHCloneBulkCopy.GetFiles => SHCloneBulkCopy.LogInfo
 14:34:28.1249  INFO  ShSite_2015-11-09_12.32.32_33514.zip  Stack:SHCloneBulkCopy.DoWork => SHCloneBulkCopy.GetFiles => SHCloneBulkCopy.LogInfo
 14:34:28.1389  INFO  ShAVRS_2015-11-09_08.02.50_32908.1.xls  Stack:SHCloneBulkCopy.DoWork => SHCloneBulkCopy.GetFiles => SHCloneBulkCopy.LogInfo
 14:34:28.2168  INFO  ShVCRequests_2015-11-09_08.01.56_32894.1.xls  Stack:SHCloneBulkCopy.DoWork => SHCloneBulkCopy.GetFiles => SHCloneBulkCopy.LogInfo
 14:34:28.2168  INFO  ShLimits_2015-11-09_08.01.56_32893.1.xls  Stack:SHCloneBulkCopy.DoWork => SHCloneBulkCopy.GetFiles => SHCloneBulkCopy.LogInfo
 14:34:29.9258  INFO  Unpacked: ShSite_2015-11-09_12.32.32_33514.zip  Stack:SHCloneBulkCopy.DoWork => SHCloneBulkCopy.UnZipFiles => SHCloneBulkCopy.LogInfo
 14:34:36.8045  ERROR  Количество найденых полей не совпадает с ожидаемым!  Stack:SHCloneBulkCopy.PrepareQueries => UniReportBulkCopy.ReadFiles => UniReportProtoType.FieldMatching
 14:34:37.6755  ERROR  Ожидали:AVRItemId, FIXId, FOLId, SiteId, Description, Price, Quantity, Unit, ECRType, ECRApprove, Region, AVRFId, AVRSId, Limit_LimitCode, LimitCounted, WorkReason, StartDate, EndDate, Note; Нашли:AVRItemId, Description, Price, Quantity, AVRSId, AVRFId, FIXId, FOLId, SiteId, Unit, ECRType, ECRApprove, Region, Limit_LimitCode, LimitCounted  Stack:SHCloneBulkCopy.PrepareQueries => UniReportBulkCopy.ReadFiles => UniReportProtoType.FieldMatching
 14:37:17.3809  WARN  -------------------ShClone Started:---------------------------------  Stack:Service1.<.cctor>b__2 => SHCloneBulkCopy.DoWork => SHCloneBulkCopy.LogWarn
 14:37:27.3759  INFO  -------------------ShClone Update Start Work:-----------------------  Stack:Service1.<.cctor>b__2 => SHCloneBulkCopy.DoWork => SHCloneBulkCopy.LogInfo
 14:37:27.7177  INFO  ShAVRItem_2015-11-09_12.35.05_33517.1.xls  Stack:SHCloneBulkCopy.DoWork => SHCloneBulkCopy.GetFiles => SHCloneBulkCopy.LogInfo
 14:37:27.7247  INFO  ShSite_2015-11-09_12.32.32_33514.zip  Stack:SHCloneBulkCopy.DoWork => SHCloneBulkCopy.GetFiles => SHCloneBulkCopy.LogInfo
 14:37:27.7247  INFO  ShAVRS_2015-11-09_08.02.50_32908.1.xls  Stack:SHCloneBulkCopy.DoWork => SHCloneBulkCopy.GetFiles => SHCloneBulkCopy.LogInfo
 14:37:27.7467  INFO  ShVCRequests_2015-11-09_08.01.56_32894.1.xls  Stack:SHCloneBulkCopy.DoWork => SHCloneBulkCopy.GetFiles => SHCloneBulkCopy.LogInfo
 14:37:27.7467  INFO  ShLimits_2015-11-09_08.01.56_32893.1.xls  Stack:SHCloneBulkCopy.DoWork => SHCloneBulkCopy.GetFiles => SHCloneBulkCopy.LogInfo
 14:37:28.5574  INFO  Unpacked: ShSite_2015-11-09_12.32.32_33514.zip  Stack:SHCloneBulkCopy.DoWork => SHCloneBulkCopy.UnZipFiles => SHCloneBulkCopy.LogInfo
 14:37:29.4211  INFO  Ожидали:AVRItemId, FIXId, FOLId, SiteId, Description, Price, Quantity, Unit, ECRType, ECRApprove, Region, AVRFId, AVRSId, Limit_LimitCode, LimitCounted, WorkReason, StartDate, EndDate, Note; Нашли:AVRItemId, Description, Price, Quantity, AVRSId, AVRFId, FIXId, FOLId, SiteId, Unit, ECRType, ECRApprove, Region, Limit_LimitCode, LimitCounted, WorkReason, StartDate, EndDate, Note  Stack:SHCloneBulkCopy.PrepareQueries => UniReportBulkCopy.ReadFiles => UniReportProtoType.FieldMatching
 14:37:29.4211  INFO  Начинаем чтение файла:ShAVRItem_2015-11-09_12.35.05_33517.1.xls  Stack:SHCloneBulkCopy.PrepareQueries => UniReportBulkCopy.ReadFiles => UniReportBulkCopy.Read
 14:37:30.5016  INFO  Прочли:13474 строк;ShAVRItem_2015-11-09_12.35.05_33517.1.xls  Stack:SHCloneBulkCopy.PrepareQueries => UniReportBulkCopy.ReadFiles => UniReportBulkCopy.Read
 14:37:33.3475  ERROR  Количество найденых полей не совпадает с ожидаемым!  Stack:SHCloneBulkCopy.PrepareQueries => UniReportBulkCopy.ReadFiles => UniReportProtoType.FieldMatching
 14:37:35.3297  ERROR  Ожидали:Site, SiteName, Address, Branch, City, MacroRegion, DataVvodaVeqspluatatciu, TipAMS, KolvoAMS, VidTOAMS, MarkaSKV, KolvoSKV, TipSKV, VidTOSKV, TippSKV, KolvopSKV, TipMobilnoiGU, TipStatcionarnoiGU, KolvoStacionarnihGU, KolvoMobilnihGU, TipAUGPT, KolvoAUGPT, Index; Нашли:Site, Address, Branch, City, MacroRegion, DataVvodaVeqspluatatciu, TipAMS, KolvoAMS, VidTOAMS, MarkaSKV, KolvoSKV, TipSKV, VidTOSKV, TippSKV, KolvopSKV, TipMobilnoiGU, TipStatcionarnoiGU, TipAUGPT, KolvoAUGPT, KolvoStacionarnihGU, Index, KolvoMobilnihGU  Stack:SHCloneBulkCopy.PrepareQueries => UniReportBulkCopy.ReadFiles => UniReportProtoType.FieldMatching
 14:37:36.0754  ERROR  SiteName  Stack:SHCloneBulkCopy.PrepareQueries => UniReportBulkCopy.ReadFiles => UniReportProtoType.FieldMatching
 14:40:13.2385  WARN  -------------------ShClone Started:---------------------------------  Stack:Service1.<.cctor>b__2 => SHCloneBulkCopy.DoWork => SHCloneBulkCopy.LogWarn
 14:40:17.9796  INFO  -------------------ShClone Update Start Work:-----------------------  Stack:Service1.<.cctor>b__2 => SHCloneBulkCopy.DoWork => SHCloneBulkCopy.LogInfo
 14:40:18.4964  INFO  ShAVRItem_2015-11-09_12.35.05_33517.1.xls  Stack:SHCloneBulkCopy.DoWork => SHCloneBulkCopy.GetFiles => SHCloneBulkCopy.LogInfo
 14:40:18.5154  INFO  ShSite_2015-11-09_12.39.09_33540.zip  Stack:SHCloneBulkCopy.DoWork => SHCloneBulkCopy.GetFiles => SHCloneBulkCopy.LogInfo
 14:40:18.5254  INFO  ShAVRS_2015-11-09_08.02.50_32908.1.xls  Stack:SHCloneBulkCopy.DoWork => SHCloneBulkCopy.GetFiles => SHCloneBulkCopy.LogInfo
 14:40:18.6134  INFO  ShVCRequests_2015-11-09_08.01.56_32894.1.xls  Stack:SHCloneBulkCopy.DoWork => SHCloneBulkCopy.GetFiles => SHCloneBulkCopy.LogInfo
 14:40:18.6194  INFO  ShLimits_2015-11-09_08.01.56_32893.1.xls  Stack:SHCloneBulkCopy.DoWork => SHCloneBulkCopy.GetFiles => SHCloneBulkCopy.LogInfo
 14:40:19.6929  INFO  Unpacked: ShSite_2015-11-09_12.39.09_33540.zip  Stack:SHCloneBulkCopy.DoWork => SHCloneBulkCopy.UnZipFiles => SHCloneBulkCopy.LogInfo
 14:40:20.5236  INFO  Ожидали:AVRItemId, FIXId, FOLId, SiteId, Description, Price, Quantity, Unit, ECRType, ECRApprove, Region, AVRFId, AVRSId, Limit_LimitCode, LimitCounted, WorkReason, StartDate, EndDate, Note; Нашли:AVRItemId, Description, Price, Quantity, AVRSId, AVRFId, FIXId, FOLId, SiteId, Unit, ECRType, ECRApprove, Region, Limit_LimitCode, LimitCounted, WorkReason, StartDate, EndDate, Note  Stack:SHCloneBulkCopy.PrepareQueries => UniReportBulkCopy.ReadFiles => UniReportProtoType.FieldMatching
 14:40:20.5236  INFO  Начинаем чтение файла:ShAVRItem_2015-11-09_12.35.05_33517.1.xls  Stack:SHCloneBulkCopy.PrepareQueries => UniReportBulkCopy.ReadFiles => UniReportBulkCopy.Read
 14:40:21.6681  INFO  Прочли:13474 строк;ShAVRItem_2015-11-09_12.35.05_33517.1.xls  Stack:SHCloneBulkCopy.PrepareQueries => UniReportBulkCopy.ReadFiles => UniReportBulkCopy.Read
 14:40:22.6807  INFO  Ожидали:Site, SiteName, Address, Branch, City, MacroRegion, DataVvodaVeqspluatatciu, TipAMS, KolvoAMS, VidTOAMS, MarkaSKV, KolvoSKV, TipSKV, VidTOSKV, TippSKV, KolvopSKV, TipMobilnoiGU, TipStatcionarnoiGU, KolvoStacionarnihGU, KolvoMobilnihGU, TipAUGPT, KolvoAUGPT, Index; Нашли:Site, Address, Branch, City, MacroRegion, DataVvodaVeqspluatatciu, TipAMS, KolvoAMS, VidTOAMS, MarkaSKV, KolvoSKV, TipSKV, VidTOSKV, TippSKV, KolvopSKV, TipMobilnoiGU, TipStatcionarnoiGU, TipAUGPT, KolvoAUGPT, KolvoStacionarnihGU, Index, KolvoMobilnihGU, SiteName  Stack:SHCloneBulkCopy.PrepareQueries => UniReportBulkCopy.ReadFiles => UniReportProtoType.FieldMatching
 14:40:22.6807  INFO  Начинаем чтение файла:ShSite_2015-11-09_12.39.09_33540.1.xls  Stack:SHCloneBulkCopy.PrepareQueries => UniReportBulkCopy.ReadFiles => UniReportBulkCopy.Read
 14:42:29.4580  INFO  Прочли:11131 строк;ShSite_2015-11-09_12.39.09_33540.1.xls  Stack:SHCloneBulkCopy.PrepareQueries => UniReportBulkCopy.ReadFiles => UniReportBulkCopy.Read
 14:42:29.4580  INFO  Начинаем чтение файла:ShSite_2015-11-09_12.39.09_33540.2.xls  Stack:SHCloneBulkCopy.PrepareQueries => UniReportBulkCopy.ReadFiles => UniReportBulkCopy.Read
 14:45:04.7295  INFO  Прочли:11131 строк;ShSite_2015-11-09_12.39.09_33540.2.xls  Stack:SHCloneBulkCopy.PrepareQueries => UniReportBulkCopy.ReadFiles => UniReportBulkCopy.Read
 14:45:04.7295  INFO  Начинаем чтение файла:ShSite_2015-11-09_12.39.09_33540.3.xls  Stack:SHCloneBulkCopy.PrepareQueries => UniReportBulkCopy.ReadFiles => UniReportBulkCopy.Read
 14:47:31.2080  INFO  Прочли:10302 строк;ShSite_2015-11-09_12.39.09_33540.3.xls  Stack:SHCloneBulkCopy.PrepareQueries => UniReportBulkCopy.ReadFiles => UniReportBulkCopy.Read
 14:47:31.2530  INFO  Ожидали:ObjectCreationDateTime, TaskSubcontractorNumber, DepartmentManager, BranchManagar, FactVypolneniiaRabotPodtverzhdaiuCB, FactVypolneniiaRabotPodtverzhdaiuRukOtd, ZayavkaECRAdmPoluchenaVobrabotku, DataVipuskaPO, PORotpravlenVOD, KomentariiECRAdmKzayavke, SentToSourcing, ApproovedBySoursing, Signed, SentToSubcontractor, BillNumber, FacruteNumber, KZDPoluchen, StatusRassmotreniya, CommentarijRassmotreniya, PeredanoVOplatu, OtpravlenoPodryadchikuDlyaRassmotreniya, DeliveryNumber, RukRegionApproval, MSIPApprove, AVRType, Network, ActivityCode, PaymentDate, ClearingDate, Year, CreatedByEmail, RukOtdelaEmail, Priority, AVRId, Subregion, TotalAmount, WorkStart, WorkEnd, Subcontractor, Project, Region, PurchaseOrderNumber, CreationPORdate, RukOtdela, RukFiliala, SubcontractorRef; Нашли:AVRId, Subregion, TotalAmount, WorkStart, WorkEnd, CreationPORdate, RukOtdela, RukFiliala, Subcontractor, Project, Region, PurchaseOrderNumber, ObjectCreationDateTime, TaskSubcontractorNumber, DepartmentManager, BranchManagar, FactVypolneniiaRabotPodtverzhdaiuCB, FactVypolneniiaRabotPodtverzhdaiuRukOtd, ZayavkaECRAdmPoluchenaVobrabotku, DataVipuskaPO, PORotpravlenVOD, KomentariiECRAdmKzayavke, SentToSourcing, ApproovedBySoursing, Signed, SentToSubcontractor, BillNumber, FacruteNumber, KZDPoluchen, StatusRassmotreniya, CommentarijRassmotreniya, PeredanoVOplatu, OtpravlenoPodryadchikuDlyaRassmotreniya, DeliveryNumber, RukRegionApproval, SubcontractorRef, MSIPApprove, AVRType, Network, ActivityCode, PaymentDate, ClearingDate, Year, CreatedByEmail, RukOtdelaEmail, Priority  Stack:SHCloneBulkCopy.PrepareQueries => UniReportBulkCopy.ReadFiles => UniReportProtoType.FieldMatching
 14:47:31.2530  INFO  Начинаем чтение файла:ShAVRS_2015-11-09_08.02.50_32908.1.xls  Stack:SHCloneBulkCopy.PrepareQueries => UniReportBulkCopy.ReadFiles => UniReportBulkCopy.Read
 14:47:33.8320  INFO  Прочли:116 строк;ShAVRS_2015-11-09_08.02.50_32908.1.xls  Stack:SHCloneBulkCopy.PrepareQueries => UniReportBulkCopy.ReadFiles => UniReportBulkCopy.Read
 14:47:33.8660  INFO  Ожидали:Id, ShAVRs_AVRId, CreateDate, NotificationSend, RequestSend, RequestAccept, RequestReject, OrderSend, OrderAccept, OrderReject, RejectReason; Нашли:Id, ShAVRs_AVRId, NotificationSend, RequestSend, RequestAccept, RequestReject, OrderSend, OrderAccept, OrderReject, RejectReason, CreateDate  Stack:SHCloneBulkCopy.PrepareQueries => UniReportBulkCopy.ReadFiles => UniReportProtoType.FieldMatching
 14:47:33.8660  INFO  Начинаем чтение файла:ShVCRequests_2015-11-09_08.01.56_32894.1.xls  Stack:SHCloneBulkCopy.PrepareQueries => UniReportBulkCopy.ReadFiles => UniReportBulkCopy.Read
 14:47:33.8660  INFO  Прочли:4 строк;ShVCRequests_2015-11-09_08.01.56_32894.1.xls  Stack:SHCloneBulkCopy.PrepareQueries => UniReportBulkCopy.ReadFiles => UniReportBulkCopy.Read
 14:47:33.8840  INFO  Ожидали:LimitCode, StartDate, EndDate, Limit, SettedLimit, Executed, Units, Description; Нашли:LimitCode, StartDate, EndDate, Limit, SettedLimit, Executed, Units, Description  Stack:SHCloneBulkCopy.PrepareQueries => UniReportBulkCopy.ReadFiles => UniReportProtoType.FieldMatching
 14:47:33.8840  INFO  Начинаем чтение файла:ShLimits_2015-11-09_08.01.56_32893.1.xls  Stack:SHCloneBulkCopy.PrepareQueries => UniReportBulkCopy.ReadFiles => UniReportBulkCopy.Read
 14:47:33.8840  INFO  Прочли:2 строк;ShLimits_2015-11-09_08.01.56_32893.1.xls  Stack:SHCloneBulkCopy.PrepareQueries => UniReportBulkCopy.ReadFiles => UniReportBulkCopy.Read
 14:47:34.0170  INFO  ----->>> Добавлен таск:ShCloneUpdate  Stack:TaskManager.AddDbTasks => TaskManager.AddTask => TaskManager.LogInfo
 14:47:34.3930  INFO  -------------------ShClone Update End Work:-------------------------  Stack:Service1.<.cctor>b__2 => SHCloneBulkCopy.DoWork => SHCloneBulkCopy.LogInfo
 14:47:35.4520  DEBUG  ------>>> Старт таска: ShCloneUpdate  Stack:Task.InnerInvoke => Service1.<.cctor>b__3 => TaskManager.ProcessTasks
 14:47:35.4520  DEBUG  ShCloneUpdate: DbModels.DomainModels.DbTasks.TaskLog 1  Stack:List`1.ForEach => SHCloneBulkCopyHandler.<Handle>b__2 => TaskLogger.LogDebug
 14:47:35.5120  DEBUG  ShCloneUpdate: DbModels.DomainModels.DbTasks.DbTask 1  Stack:List`1.ForEach => SHCloneBulkCopyHandler.<Handle>b__2 => TaskLogger.LogDebug
 14:47:35.5260  DEBUG  ShCloneUpdate: Всего:4  Stack:TaskBase.Process => SHCloneBulkCopyHandler.Handle => TaskLogger.LogDebug
 14:47:35.5550  WARN  ShCloneUpdate: ..!!..!!..!!..Очищаем таблицы   Stack:TaskBase.Process => SHCloneBulkCopyHandler.Handle => TaskLogger.LogWarn
 14:48:00.1380  WARN  ShCloneUpdate: ..!!..!!..!!..Очищаем таблицы   Stack:TaskBase.Process => SHCloneBulkCopyHandler.Handle => TaskLogger.LogWarn
 14:48:17.9560  ERROR  ShCloneUpdate: Ошибка дропа таблицы ShAVRSs  Stack:TaskBase.Process => SHCloneBulkCopyHandler.Handle => TaskLogger.LogError
 14:48:17.9880  WARN  ShCloneUpdate: ..!!..!!..!!..Понеслась!   Stack:TaskBase.Process => SHCloneBulkCopyHandler.Handle => TaskLogger.LogWarn
 14:48:31.3490  ERROR  ShCloneUpdate: Ошибка при заливке информации в базу. Таблица ShAVRSs Message: Violation of PRIMARY KEY constraint 'PK_dbo.ShAVRSs'. Cannot insert duplicate key in object 'dbo.ShAVRSs'. The duplicate key value is (200001).
The statement has been terminated.  Stack:TaskBase.Process => SHCloneBulkCopyHandler.Handle => TaskLogger.LogError
 14:48:33.7530  WARN  ShCloneUpdate: ..!!..!!..!!..Успешно. Общее время обновления:33,6158801 секунд  Stack:TaskBase.Process => SHCloneBulkCopyHandler.Handle => TaskLogger.LogWarn
 14:48:33.8300  INFO  <<<-----  Удален таск:ShCloneUpdate  Stack:TaskManager.ProcessTasks => TaskManager.RemoveTask => TaskManager.LogInfo
 14:48:33.8300  INFO  <<<-----  В очереди: ------>>>  Stack:TaskManager.ProcessTasks => TaskManager.RemoveTask => TaskManager.LogInfo
