 14:18:56.8171  WARN  -------------------ShClone Started:---------------------------------  Stack:Service1.<.cctor>b__2 => SHCloneBulkCopy.DoWork => SHCloneBulkCopy.LogWarn
 14:19:06.0630  INFO  -------------------ShClone Update Start Work:-----------------------  Stack:Service1.<.cctor>b__2 => SHCloneBulkCopy.DoWork => SHCloneBulkCopy.LogInfo
 14:19:06.4361  INFO  ShPriceListItems_2015-11-12_12.12.08_42516.1.xls  Stack:SHCloneBulkCopy.DoWork => SHCloneBulkCopy.GetFiles => SHCloneBulkCopy.LogInfo
 14:19:06.4361  INFO  ShAVRF_2015-11-12_12.09.10_42506.1.xls  Stack:SHCloneBulkCopy.DoWork => SHCloneBulkCopy.GetFiles => SHCloneBulkCopy.LogInfo
 14:19:06.4361  INFO  ShFIX_2015-11-12_12.12.14_42519.1.xls  Stack:SHCloneBulkCopy.DoWork => SHCloneBulkCopy.GetFiles => SHCloneBulkCopy.LogInfo
 14:19:06.4361  INFO  ShFOL_2015-11-12_12.12.10_42518.1.xls  Stack:SHCloneBulkCopy.DoWork => SHCloneBulkCopy.GetFiles => SHCloneBulkCopy.LogInfo
 14:19:06.4361  INFO  ShSite_2015-11-12_12.11.57_42513.zip  Stack:SHCloneBulkCopy.DoWork => SHCloneBulkCopy.GetFiles => SHCloneBulkCopy.LogInfo
 14:19:06.4501  INFO  ShContacts_2015-11-12_12.12.21_42520.1.xls  Stack:SHCloneBulkCopy.DoWork => SHCloneBulkCopy.GetFiles => SHCloneBulkCopy.LogInfo
 14:19:06.4501  INFO  ShTOreport_2015-11-12_12.11.45_42511.1.xls  Stack:SHCloneBulkCopy.DoWork => SHCloneBulkCopy.GetFiles => SHCloneBulkCopy.LogInfo
 14:19:06.4501  INFO  ShTOItem_2015-11-12_12.11.47_42512.zip  Stack:SHCloneBulkCopy.DoWork => SHCloneBulkCopy.GetFiles => SHCloneBulkCopy.LogInfo
 14:19:06.4501  INFO  ShMatTOItems_2015-11-12_12.12.09_42517.1.xls  Stack:SHCloneBulkCopy.DoWork => SHCloneBulkCopy.GetFiles => SHCloneBulkCopy.LogInfo
 14:19:06.4501  INFO  ShWIH_2015-11-12_12.11.45_42510.1.xls  Stack:SHCloneBulkCopy.DoWork => SHCloneBulkCopy.GetFiles => SHCloneBulkCopy.LogInfo
 14:19:06.4501  INFO  ShSostavRabotTO_2015-11-12_12.11.57_42515.1.xls  Stack:SHCloneBulkCopy.DoWork => SHCloneBulkCopy.GetFiles => SHCloneBulkCopy.LogInfo
 14:19:06.4671  INFO  ShSostavRabotTOItems_2015-11-12_12.11.57_42514.1.xls  Stack:SHCloneBulkCopy.DoWork => SHCloneBulkCopy.GetFiles => SHCloneBulkCopy.LogInfo
 14:19:06.4671  INFO  ShAct_2015-11-12_12.12.21_42521.1.xls  Stack:SHCloneBulkCopy.DoWork => SHCloneBulkCopy.GetFiles => SHCloneBulkCopy.LogInfo
 14:19:06.4671  INFO  ShInvoice_2015-11-12_12.08.41_42505.1.xls  Stack:SHCloneBulkCopy.DoWork => SHCloneBulkCopy.GetFiles => SHCloneBulkCopy.LogInfo
 14:19:06.4671  INFO  ShAddAgreement_2015-11-12_12.11.35_42509.1.xls  Stack:SHCloneBulkCopy.DoWork => SHCloneBulkCopy.GetFiles => SHCloneBulkCopy.LogInfo
 14:19:06.4671  INFO  ShAVRS_2015-11-12_12.12.23_42522.1.xls  Stack:SHCloneBulkCopy.DoWork => SHCloneBulkCopy.GetFiles => SHCloneBulkCopy.LogInfo
 14:19:06.4811  INFO  ShLimits_2015-11-12_12.11.35_42507.1.xls  Stack:SHCloneBulkCopy.DoWork => SHCloneBulkCopy.GetFiles => SHCloneBulkCopy.LogInfo
 14:19:06.4811  INFO  ShAVRItem_2015-11-12_12.08.41_42504.zip  Stack:SHCloneBulkCopy.DoWork => SHCloneBulkCopy.GetFiles => SHCloneBulkCopy.LogInfo
 14:19:06.4811  INFO  ShVCRequests_2015-11-12_12.11.35_42508.1.xls  Stack:SHCloneBulkCopy.DoWork => SHCloneBulkCopy.GetFiles => SHCloneBulkCopy.LogInfo
 14:19:07.8672  INFO  Unpacked: ShAVRItem_2015-11-12_12.08.41_42504.zip  Stack:SHCloneBulkCopy.DoWork => SHCloneBulkCopy.UnZipFiles => SHCloneBulkCopy.LogInfo
 14:19:08.5693  INFO  Unpacked: ShSite_2015-11-12_12.11.57_42513.zip  Stack:SHCloneBulkCopy.DoWork => SHCloneBulkCopy.UnZipFiles => SHCloneBulkCopy.LogInfo
 14:19:09.7764  INFO  Unpacked: ShTOItem_2015-11-12_12.11.47_42512.zip  Stack:SHCloneBulkCopy.DoWork => SHCloneBulkCopy.UnZipFiles => SHCloneBulkCopy.LogInfo
 14:19:10.0044  INFO  Ожидали:PriceListItemsId, SapCodeNumber, Price, Description, RevisionId, Unit, SubContractor, PriceListNumber; Нашли:PriceListItemsId, Description, Price, PriceListNumber, RevisionId, Unit, SubContractor, SapCodeNumber  Stack:SHCloneBulkCopy.PrepareQueries => UniReportBulkCopy.ReadFiles => UniReportProtoType.FieldMatching
 14:19:10.0074  INFO  Начинаем чтение файла:ShPriceListItems_2015-11-12_12.12.08_42516.1.xls  Stack:SHCloneBulkCopy.PrepareQueries => UniReportBulkCopy.ReadFiles => UniReportBulkCopy.Read
 14:19:10.0074  INFO  Прочли:0 строк;ShPriceListItems_2015-11-12_12.12.08_42516.1.xls  Stack:SHCloneBulkCopy.PrepareQueries => UniReportBulkCopy.ReadFiles => UniReportBulkCopy.Read
 14:19:10.0284  ERROR  Ошибка получения свойств таблицы, либо создания экземпляра объекта типа указанного в ShFiles:ShAVRFs -Value cannot be null.
Parameter name: type  Stack:SHCloneBulkCopy.PrepareQueries => UniReportBulkCopy.ReadFiles => UniReportProtoType.GetRequiredFields
 14:19:36.9531  ERROR  Ошибка получения свойств таблицы, либо создания экземпляра объекта типа указанного в ShFiles:ShAVRFs -Value cannot be null.
Parameter name: type  Stack:SHCloneBulkCopy.PrepareQueries => UniReportBulkCopy.ReadFiles => UniReportProtoType.GetRequiredFields
 14:21:09.3144  WARN  -------------------ShClone Started:---------------------------------  Stack:Service1.<.cctor>b__2 => SHCloneBulkCopy.DoWork => SHCloneBulkCopy.LogWarn
 14:21:21.7256  INFO  -------------------ShClone Update Start Work:-----------------------  Stack:Service1.<.cctor>b__2 => SHCloneBulkCopy.DoWork => SHCloneBulkCopy.LogInfo
 14:21:22.0426  INFO  ShPriceListItems_2015-11-12_12.12.08_42516.1.xls  Stack:SHCloneBulkCopy.DoWork => SHCloneBulkCopy.GetFiles => SHCloneBulkCopy.LogInfo
 14:21:22.0426  INFO  ShFIX_2015-11-12_12.12.14_42519.1.xls  Stack:SHCloneBulkCopy.DoWork => SHCloneBulkCopy.GetFiles => SHCloneBulkCopy.LogInfo
 14:21:22.0526  INFO  ShFOL_2015-11-12_12.12.10_42518.1.xls  Stack:SHCloneBulkCopy.DoWork => SHCloneBulkCopy.GetFiles => SHCloneBulkCopy.LogInfo
 14:21:22.0526  INFO  ShSite_2015-11-12_12.11.57_42513.zip  Stack:SHCloneBulkCopy.DoWork => SHCloneBulkCopy.GetFiles => SHCloneBulkCopy.LogInfo
 14:21:22.0526  INFO  ShContacts_2015-11-12_12.12.21_42520.1.xls  Stack:SHCloneBulkCopy.DoWork => SHCloneBulkCopy.GetFiles => SHCloneBulkCopy.LogInfo
 14:21:22.0676  INFO  ShTOreport_2015-11-12_12.11.45_42511.1.xls  Stack:SHCloneBulkCopy.DoWork => SHCloneBulkCopy.GetFiles => SHCloneBulkCopy.LogInfo
 14:21:22.0676  INFO  ShTOItem_2015-11-12_12.11.47_42512.zip  Stack:SHCloneBulkCopy.DoWork => SHCloneBulkCopy.GetFiles => SHCloneBulkCopy.LogInfo
 14:21:22.0676  INFO  ShMatTOItems_2015-11-12_12.12.09_42517.1.xls  Stack:SHCloneBulkCopy.DoWork => SHCloneBulkCopy.GetFiles => SHCloneBulkCopy.LogInfo
 14:21:22.0676  INFO  ShWIH_2015-11-12_12.11.45_42510.1.xls  Stack:SHCloneBulkCopy.DoWork => SHCloneBulkCopy.GetFiles => SHCloneBulkCopy.LogInfo
 14:21:22.0836  INFO  ShSostavRabotTO_2015-11-12_12.11.57_42515.1.xls  Stack:SHCloneBulkCopy.DoWork => SHCloneBulkCopy.GetFiles => SHCloneBulkCopy.LogInfo
 14:21:22.0836  INFO  ShSostavRabotTOItems_2015-11-12_12.11.57_42514.1.xls  Stack:SHCloneBulkCopy.DoWork => SHCloneBulkCopy.GetFiles => SHCloneBulkCopy.LogInfo
 14:21:22.0836  INFO  ShAct_2015-11-12_12.12.21_42521.1.xls  Stack:SHCloneBulkCopy.DoWork => SHCloneBulkCopy.GetFiles => SHCloneBulkCopy.LogInfo
 14:21:22.0836  INFO  ShInvoice_2015-11-12_12.08.41_42505.1.xls  Stack:SHCloneBulkCopy.DoWork => SHCloneBulkCopy.GetFiles => SHCloneBulkCopy.LogInfo
 14:21:22.0976  INFO  ShAddAgreement_2015-11-12_12.11.35_42509.1.xls  Stack:SHCloneBulkCopy.DoWork => SHCloneBulkCopy.GetFiles => SHCloneBulkCopy.LogInfo
 14:21:22.0976  INFO  ShAVRS_2015-11-12_12.12.23_42522.1.xls  Stack:SHCloneBulkCopy.DoWork => SHCloneBulkCopy.GetFiles => SHCloneBulkCopy.LogInfo
 14:21:22.0976  INFO  ShLimits_2015-11-12_12.11.35_42507.1.xls  Stack:SHCloneBulkCopy.DoWork => SHCloneBulkCopy.GetFiles => SHCloneBulkCopy.LogInfo
 14:21:22.0976  INFO  ShAVRItem_2015-11-12_12.08.41_42504.zip  Stack:SHCloneBulkCopy.DoWork => SHCloneBulkCopy.GetFiles => SHCloneBulkCopy.LogInfo
 14:21:22.1136  INFO  ShVCRequests_2015-11-12_12.11.35_42508.1.xls  Stack:SHCloneBulkCopy.DoWork => SHCloneBulkCopy.GetFiles => SHCloneBulkCopy.LogInfo
 14:21:23.4858  INFO  Unpacked: ShAVRItem_2015-11-12_12.08.41_42504.zip  Stack:SHCloneBulkCopy.DoWork => SHCloneBulkCopy.UnZipFiles => SHCloneBulkCopy.LogInfo
 14:21:24.1628  INFO  Unpacked: ShSite_2015-11-12_12.11.57_42513.zip  Stack:SHCloneBulkCopy.DoWork => SHCloneBulkCopy.UnZipFiles => SHCloneBulkCopy.LogInfo
 14:21:25.2309  INFO  Unpacked: ShTOItem_2015-11-12_12.11.47_42512.zip  Stack:SHCloneBulkCopy.DoWork => SHCloneBulkCopy.UnZipFiles => SHCloneBulkCopy.LogInfo
 14:21:25.4330  INFO  Ожидали:PriceListItemsId, SapCodeNumber, Price, Description, RevisionId, Unit, SubContractor, PriceListNumber; Нашли:PriceListItemsId, Description, Price, PriceListNumber, RevisionId, Unit, SubContractor, SapCodeNumber  Stack:SHCloneBulkCopy.PrepareQueries => UniReportBulkCopy.ReadFiles => UniReportProtoType.FieldMatching
 14:21:25.4330  INFO  Начинаем чтение файла:ShPriceListItems_2015-11-12_12.12.08_42516.1.xls  Stack:SHCloneBulkCopy.PrepareQueries => UniReportBulkCopy.ReadFiles => UniReportBulkCopy.Read
 14:21:25.4380  INFO  Прочли:0 строк;ShPriceListItems_2015-11-12_12.12.08_42516.1.xls  Stack:SHCloneBulkCopy.PrepareQueries => UniReportBulkCopy.ReadFiles => UniReportBulkCopy.Read
 14:21:26.1040  INFO  Ожидали:FIX, Address, MacroRegion; Нашли:FIX, Address, MacroRegion  Stack:SHCloneBulkCopy.PrepareQueries => UniReportBulkCopy.ReadFiles => UniReportProtoType.FieldMatching
 14:21:26.1040  INFO  Начинаем чтение файла:ShFIX_2015-11-12_12.12.14_42519.1.xls  Stack:SHCloneBulkCopy.PrepareQueries => UniReportBulkCopy.ReadFiles => UniReportBulkCopy.Read
 14:21:26.8241  INFO  Прочли:20941 строк;ShFIX_2015-11-12_12.12.14_42519.1.xls  Stack:SHCloneBulkCopy.PrepareQueries => UniReportBulkCopy.ReadFiles => UniReportBulkCopy.Read
 14:21:26.8411  INFO  Ожидали:FOL, MacroRegion, Branch; Нашли:FOL, MacroRegion, Branch  Stack:SHCloneBulkCopy.PrepareQueries => UniReportBulkCopy.ReadFiles => UniReportProtoType.FieldMatching
 14:21:26.8411  INFO  Начинаем чтение файла:ShFOL_2015-11-12_12.12.10_42518.1.xls  Stack:SHCloneBulkCopy.PrepareQueries => UniReportBulkCopy.ReadFiles => UniReportBulkCopy.Read
 14:21:26.8631  INFO  Прочли:647 строк;ShFOL_2015-11-12_12.12.10_42518.1.xls  Stack:SHCloneBulkCopy.PrepareQueries => UniReportBulkCopy.ReadFiles => UniReportBulkCopy.Read
 14:21:27.5382  INFO  Ожидали:Site, SiteName, Address, Branch, City, MacroRegion, DataVvodaVeqspluatatciu, TipAMS, KolvoAMS, VidTOAMS, MarkaSKV, KolvoSKV, TipSKV, VidTOSKV, TippSKV, KolvopSKV, TipMobilnoiGU, TipStatcionarnoiGU, KolvoStacionarnihGU, KolvoMobilnihGU, TipAUGPT, KolvoAUGPT, Index; Нашли:Site, Address, Branch, City, MacroRegion, DataVvodaVeqspluatatciu, TipAMS, KolvoAMS, VidTOAMS, MarkaSKV, KolvoSKV, TipSKV, VidTOSKV, TippSKV, KolvopSKV, TipMobilnoiGU, TipStatcionarnoiGU, TipAUGPT, KolvoAUGPT, KolvoStacionarnihGU, Index, KolvoMobilnihGU, SiteName  Stack:SHCloneBulkCopy.PrepareQueries => UniReportBulkCopy.ReadFiles => UniReportProtoType.FieldMatching
 14:21:27.5382  INFO  Начинаем чтение файла:ShSite_2015-11-12_12.11.57_42513.1.xls  Stack:SHCloneBulkCopy.PrepareQueries => UniReportBulkCopy.ReadFiles => UniReportBulkCopy.Read
 14:21:30.4595  INFO  Прочли:11131 строк;ShSite_2015-11-12_12.11.57_42513.1.xls  Stack:SHCloneBulkCopy.PrepareQueries => UniReportBulkCopy.ReadFiles => UniReportBulkCopy.Read
 14:21:30.4595  INFO  Начинаем чтение файла:ShSite_2015-11-12_12.11.57_42513.2.xls  Stack:SHCloneBulkCopy.PrepareQueries => UniReportBulkCopy.ReadFiles => UniReportBulkCopy.Read
 14:21:31.7296  INFO  Прочли:11131 строк;ShSite_2015-11-12_12.11.57_42513.2.xls  Stack:SHCloneBulkCopy.PrepareQueries => UniReportBulkCopy.ReadFiles => UniReportBulkCopy.Read
 14:21:31.7296  INFO  Начинаем чтение файла:ShSite_2015-11-12_12.11.57_42513.3.xls  Stack:SHCloneBulkCopy.PrepareQueries => UniReportBulkCopy.ReadFiles => UniReportBulkCopy.Read
 14:21:33.1547  INFO  Прочли:10303 строк;ShSite_2015-11-12_12.11.57_42513.3.xls  Stack:SHCloneBulkCopy.PrepareQueries => UniReportBulkCopy.ReadFiles => UniReportBulkCopy.Read
 14:21:33.1837  INFO  Ожидали:Contact, EMailAddress, SubcFace, WithOutVAT; Нашли:Contact, EMailAddress, SubcFace, WithOutVAT  Stack:SHCloneBulkCopy.PrepareQueries => UniReportBulkCopy.ReadFiles => UniReportProtoType.FieldMatching
 14:21:33.1837  INFO  Начинаем чтение файла:ShContacts_2015-11-12_12.12.21_42520.1.xls  Stack:SHCloneBulkCopy.PrepareQueries => UniReportBulkCopy.ReadFiles => UniReportBulkCopy.Read
 14:21:33.1917  INFO  Прочли:179 строк;ShContacts_2015-11-12_12.12.21_42520.1.xls  Stack:SHCloneBulkCopy.PrepareQueries => UniReportBulkCopy.ReadFiles => UniReportBulkCopy.Read
 14:21:33.2607  INFO  Ожидали:TO, TOapproved, TOType, TOTotalAmmountApproved, TOTotalAmmount, Subcontractor, NomerDogovora, DataDogovora, WorkDescription, SostavRabotTOid, PONumber, POIssueDate, RecallPO, RecallPOComment, PrintSOW, EquipmentTO, Network, ActivityCode, Year, TOTotalAmountNew, PlanObektov, ObichniyRegulyarniyTO, NotForPOR; Нашли:TO, TOapproved, TOType, TOTotalAmmountApproved, TOTotalAmmount, Subcontractor, NomerDogovora, DataDogovora, WorkDescription, SostavRabotTOid, PONumber, RecallPO, RecallPOComment, POIssueDate, PrintSOW, EquipmentTO, Network, ActivityCode, Year, TOTotalAmountNew, PlanObektov, ObichniyRegulyarniyTO, NotForPOR  Stack:SHCloneBulkCopy.PrepareQueries => UniReportBulkCopy.ReadFiles => UniReportProtoType.FieldMatching
 14:21:33.2607  INFO  Начинаем чтение файла:ShTOreport_2015-11-12_12.11.45_42511.1.xls  Stack:SHCloneBulkCopy.PrepareQueries => UniReportBulkCopy.ReadFiles => UniReportBulkCopy.Read
 14:21:33.5158  INFO  Прочли:411 строк;ShTOreport_2015-11-12_12.11.45_42511.1.xls  Stack:SHCloneBulkCopy.PrepareQueries => UniReportBulkCopy.ReadFiles => UniReportBulkCopy.Read
 14:21:34.2288  INFO  Ожидали:TOItem, PORTOItem, TOId, Site, FOL, FIX, PriceFromPL, IDItemFromPL, DescriptionFromPL, PLItemRevisionID, TOPlanDate, TOFactDate, TOPlanDateSubcontractor, Quantity, Price, WorkConfirmedByEricsson, WorkConfirmedByEricssonBy, WorkConfirmedByEricssonDate, FileReportTO1, FileReportTO2, FileReportTO3, FileReportTO4, ActId, ReasonForPartialClosure, EquipmentQuantity, EquipmentName, ExcludeWork, OtchetPredostavlenVCfact, LinkToReportinEridoc, AddAgreementId; Нашли:TOItem, PORTOItem, TOId, Site, FOL, FIX, TOPlanDate, TOFactDate, PriceFromPL, IDItemFromPL, DescriptionFromPL, PLItemRevisionID, TOPlanDateSubcontractor, Quantity, Price, WorkConfirmedByEricsson, WorkConfirmedByEricssonBy, WorkConfirmedByEricssonDate, FileReportTO1, FileReportTO2, FileReportTO3, FileReportTO4, ActId, ReasonForPartialClosure, EquipmentQuantity, EquipmentName, ExcludeWork, OtchetPredostavlenVCfact, LinkToReportinEridoc, AddAgreementId  Stack:SHCloneBulkCopy.PrepareQueries => UniReportBulkCopy.ReadFiles => UniReportProtoType.FieldMatching
 14:21:34.2288  INFO  Начинаем чтение файла:ShTOItem_2015-11-12_12.11.47_42512.1.xls  Stack:SHCloneBulkCopy.PrepareQueries => UniReportBulkCopy.ReadFiles => UniReportBulkCopy.Read
 14:21:44.1218  INFO  Прочли:8534 строк;ShTOItem_2015-11-12_12.11.47_42512.1.xls  Stack:SHCloneBulkCopy.PrepareQueries => UniReportBulkCopy.ReadFiles => UniReportBulkCopy.Read
 14:21:44.1218  INFO  Начинаем чтение файла:ShTOItem_2015-11-12_12.11.47_42512.2.xls  Stack:SHCloneBulkCopy.PrepareQueries => UniReportBulkCopy.ReadFiles => UniReportBulkCopy.Read
 14:21:53.3928  INFO  Прочли:8534 строк;ShTOItem_2015-11-12_12.11.47_42512.2.xls  Stack:SHCloneBulkCopy.PrepareQueries => UniReportBulkCopy.ReadFiles => UniReportBulkCopy.Read
 14:21:53.3928  INFO  Начинаем чтение файла:ShTOItem_2015-11-12_12.11.47_42512.3.xls  Stack:SHCloneBulkCopy.PrepareQueries => UniReportBulkCopy.ReadFiles => UniReportBulkCopy.Read
 14:21:55.0869  ERROR  Ошибка при импорте-Сообщение:Cannot set Column 'IDItemFromPL' to be null. Please use DBNull instead., Файл:\\RU00112284\InFiles\1721\2015-11-12_14-21-22\ShTOItem_2015-11-12_12.11.47_42512.3.xls, Ряд:693, Колонка:9, Поле:IDItemFromPL, Тип:System.Nullable`1[System.Int32]  Stack:SHCloneBulkCopy.PrepareQueries => UniReportBulkCopy.ReadFiles => UniReportBulkCopy.Read
 14:22:36.3781  INFO  Ожидали:TOItem, PORTOItem, TOId, Site, FOL, FIX, PriceFromPL, IDItemFromPL, DescriptionFromPL, PLItemRevisionID, TOPlanDate, TOFactDate, TOPlanDateSubcontractor, Quantity, Price, WorkConfirmedByEricsson, WorkConfirmedByEricssonBy, WorkConfirmedByEricssonDate, FileReportTO1, FileReportTO2, FileReportTO3, FileReportTO4, ActId, ReasonForPartialClosure, EquipmentQuantity, EquipmentName, ExcludeWork, OtchetPredostavlenVCfact, LinkToReportinEridoc, AddAgreementId; Нашли:TOItem, PORTOItem, TOId, Site, FOL, FIX, TOPlanDate, TOFactDate, PriceFromPL, IDItemFromPL, DescriptionFromPL, PLItemRevisionID, TOPlanDateSubcontractor, Quantity, Price, WorkConfirmedByEricsson, WorkConfirmedByEricssonBy, WorkConfirmedByEricssonDate, FileReportTO1, FileReportTO2, FileReportTO3, FileReportTO4, ActId, ReasonForPartialClosure, EquipmentQuantity, EquipmentName, ExcludeWork, OtchetPredostavlenVCfact, LinkToReportinEridoc, AddAgreementId  Stack:SHCloneBulkCopy.PrepareQueries => UniReportBulkCopy.ReadFiles => UniReportProtoType.FieldMatching
 14:22:42.9187  INFO  Начинаем чтение файла:ShTOItem_2015-11-12_12.11.47_42512.1.xls  Stack:SHCloneBulkCopy.PrepareQueries => UniReportBulkCopy.ReadFiles => UniReportBulkCopy.Read
 14:22:54.3649  INFO  Прочли:8534 строк;ShTOItem_2015-11-12_12.11.47_42512.1.xls  Stack:SHCloneBulkCopy.PrepareQueries => UniReportBulkCopy.ReadFiles => UniReportBulkCopy.Read
 14:22:54.3649  INFO  Начинаем чтение файла:ShTOItem_2015-11-12_12.11.47_42512.2.xls  Stack:SHCloneBulkCopy.PrepareQueries => UniReportBulkCopy.ReadFiles => UniReportBulkCopy.Read
 14:23:03.7358  INFO  Прочли:8534 строк;ShTOItem_2015-11-12_12.11.47_42512.2.xls  Stack:SHCloneBulkCopy.PrepareQueries => UniReportBulkCopy.ReadFiles => UniReportBulkCopy.Read
 14:23:03.7358  INFO  Начинаем чтение файла:ShTOItem_2015-11-12_12.11.47_42512.3.xls  Stack:SHCloneBulkCopy.PrepareQueries => UniReportBulkCopy.ReadFiles => UniReportBulkCopy.Read
 14:23:05.4080  ERROR  Ошибка при импорте-Сообщение:Cannot set Column 'IDItemFromPL' to be null. Please use DBNull instead., Файл:\\RU00112284\InFiles\1721\2015-11-12_14-21-22\ShTOItem_2015-11-12_12.11.47_42512.3.xls, Ряд:693, Колонка:9, Поле:IDItemFromPL, Тип:System.Nullable`1[System.Int32]  Stack:SHCloneBulkCopy.PrepareQueries => UniReportBulkCopy.ReadFiles => UniReportBulkCopy.Read
 14:25:20.2304  INFO  Начинаем чтение файла:ShTOItem_2015-11-12_12.11.47_42512.1.xls  Stack:SHCloneBulkCopy.PrepareQueries => UniReportBulkCopy.ReadFiles => UniReportBulkCopy.Read
 14:25:30.4395  INFO  Прочли:8534 строк;ShTOItem_2015-11-12_12.11.47_42512.1.xls  Stack:SHCloneBulkCopy.PrepareQueries => UniReportBulkCopy.ReadFiles => UniReportBulkCopy.Read
 14:31:53.9108  INFO  Начинаем чтение файла:ShTOItem_2015-11-12_12.11.47_42512.2.xls  Stack:SHCloneBulkCopy.PrepareQueries => UniReportBulkCopy.ReadFiles => UniReportBulkCopy.Read
 14:32:03.5638  INFO  Прочли:8534 строк;ShTOItem_2015-11-12_12.11.47_42512.2.xls  Stack:SHCloneBulkCopy.PrepareQueries => UniReportBulkCopy.ReadFiles => UniReportBulkCopy.Read
 14:32:07.9982  INFO  Начинаем чтение файла:ShTOItem_2015-11-12_12.11.47_42512.3.xls  Stack:SHCloneBulkCopy.PrepareQueries => UniReportBulkCopy.ReadFiles => UniReportBulkCopy.Read
 14:32:16.5351  INFO  Начинаем чтение файла:ShTOItem_2015-11-12_12.11.47_42512.1.xls  Stack:SHCloneBulkCopy.PrepareQueries => UniReportBulkCopy.ReadFiles => UniReportBulkCopy.Read
 14:32:31.2765  INFO  Прочли:8534 строк;ShTOItem_2015-11-12_12.11.47_42512.1.xls  Stack:SHCloneBulkCopy.PrepareQueries => UniReportBulkCopy.ReadFiles => UniReportBulkCopy.Read
 14:32:31.2765  INFO  Начинаем чтение файла:ShTOItem_2015-11-12_12.11.47_42512.2.xls  Stack:SHCloneBulkCopy.PrepareQueries => UniReportBulkCopy.ReadFiles => UniReportBulkCopy.Read
 14:32:41.4056  INFO  Прочли:8534 строк;ShTOItem_2015-11-12_12.11.47_42512.2.xls  Stack:SHCloneBulkCopy.PrepareQueries => UniReportBulkCopy.ReadFiles => UniReportBulkCopy.Read
 14:32:41.4056  INFO  Начинаем чтение файла:ShTOItem_2015-11-12_12.11.47_42512.3.xls  Stack:SHCloneBulkCopy.PrepareQueries => UniReportBulkCopy.ReadFiles => UniReportBulkCopy.Read
 14:41:32.9987  INFO  Начинаем чтение файла:ShTOItem_2015-11-12_12.11.47_42512.1.xls  Stack:SHCloneBulkCopy.PrepareQueries => UniReportBulkCopy.ReadFiles => UniReportBulkCopy.Read
 14:41:43.3157  INFO  Прочли:8534 строк;ShTOItem_2015-11-12_12.11.47_42512.1.xls  Stack:SHCloneBulkCopy.PrepareQueries => UniReportBulkCopy.ReadFiles => UniReportBulkCopy.Read
 14:41:45.0539  INFO  Начинаем чтение файла:ShTOItem_2015-11-12_12.11.47_42512.2.xls  Stack:SHCloneBulkCopy.PrepareQueries => UniReportBulkCopy.ReadFiles => UniReportBulkCopy.Read
 14:41:54.5159  INFO  Прочли:8534 строк;ShTOItem_2015-11-12_12.11.47_42512.2.xls  Stack:SHCloneBulkCopy.PrepareQueries => UniReportBulkCopy.ReadFiles => UniReportBulkCopy.Read
 14:41:57.7582  INFO  Начинаем чтение файла:ShTOItem_2015-11-12_12.11.47_42512.3.xls  Stack:SHCloneBulkCopy.PrepareQueries => UniReportBulkCopy.ReadFiles => UniReportBulkCopy.Read
 14:52:59.0793  INFO  Начинаем чтение файла:ShTOItem_2015-11-12_12.11.47_42512.1.xls  Stack:SHCloneBulkCopy.PrepareQueries => UniReportBulkCopy.ReadFiles => UniReportBulkCopy.Read
 14:53:16.1620  INFO  Прочли:8534 строк;ShTOItem_2015-11-12_12.11.47_42512.1.xls  Stack:SHCloneBulkCopy.PrepareQueries => UniReportBulkCopy.ReadFiles => UniReportBulkCopy.Read
 14:53:18.2732  INFO  Начинаем чтение файла:ShTOItem_2015-11-12_12.11.47_42512.2.xls  Stack:SHCloneBulkCopy.PrepareQueries => UniReportBulkCopy.ReadFiles => UniReportBulkCopy.Read
 14:53:35.3039  INFO  Прочли:8534 строк;ShTOItem_2015-11-12_12.11.47_42512.2.xls  Stack:SHCloneBulkCopy.PrepareQueries => UniReportBulkCopy.ReadFiles => UniReportBulkCopy.Read
 14:53:38.0052  INFO  Начинаем чтение файла:ShTOItem_2015-11-12_12.11.47_42512.3.xls  Stack:SHCloneBulkCopy.PrepareQueries => UniReportBulkCopy.ReadFiles => UniReportBulkCopy.Read
 14:54:14.1948  INFO  Начинаем чтение файла:ShTOItem_2015-11-12_12.11.47_42512.1.xls  Stack:SHCloneBulkCopy.PrepareQueries => UniReportBulkCopy.ReadFiles => UniReportBulkCopy.Read
 14:54:27.0231  INFO  Прочли:8534 строк;ShTOItem_2015-11-12_12.11.47_42512.1.xls  Stack:SHCloneBulkCopy.PrepareQueries => UniReportBulkCopy.ReadFiles => UniReportBulkCopy.Read
 14:54:29.2663  INFO  Начинаем чтение файла:ShTOItem_2015-11-12_12.11.47_42512.2.xls  Stack:SHCloneBulkCopy.PrepareQueries => UniReportBulkCopy.ReadFiles => UniReportBulkCopy.Read
 14:54:38.7433  INFO  Прочли:8534 строк;ShTOItem_2015-11-12_12.11.47_42512.2.xls  Stack:SHCloneBulkCopy.PrepareQueries => UniReportBulkCopy.ReadFiles => UniReportBulkCopy.Read
 14:54:40.2024  INFO  Начинаем чтение файла:ShTOItem_2015-11-12_12.11.47_42512.3.xls  Stack:SHCloneBulkCopy.PrepareQueries => UniReportBulkCopy.ReadFiles => UniReportBulkCopy.Read
 14:54:51.9246  INFO  Начинаем чтение файла:ShTOItem_2015-11-12_12.11.47_42512.3.xls  Stack:SHCloneBulkCopy.PrepareQueries => UniReportBulkCopy.ReadFiles => UniReportBulkCopy.Read
 15:00:41.2765  WARN  -------------------ShClone Started:---------------------------------  Stack:Service1.<.cctor>b__2 => SHCloneBulkCopy.DoWork => SHCloneBulkCopy.LogWarn
 15:00:47.5672  INFO  -------------------ShClone Update Start Work:-----------------------  Stack:Service1.<.cctor>b__2 => SHCloneBulkCopy.DoWork => SHCloneBulkCopy.LogInfo
 15:00:47.8992  INFO  ShPriceListItems_2015-11-12_12.12.08_42516.1.xls  Stack:SHCloneBulkCopy.DoWork => SHCloneBulkCopy.GetFiles => SHCloneBulkCopy.LogInfo
 15:00:47.8992  INFO  ShFIX_2015-11-12_12.12.14_42519.1.xls  Stack:SHCloneBulkCopy.DoWork => SHCloneBulkCopy.GetFiles => SHCloneBulkCopy.LogInfo
 15:00:47.9072  INFO  ShFOL_2015-11-12_12.12.10_42518.1.xls  Stack:SHCloneBulkCopy.DoWork => SHCloneBulkCopy.GetFiles => SHCloneBulkCopy.LogInfo
 15:00:47.9072  INFO  ShSite_2015-11-12_12.11.57_42513.zip  Stack:SHCloneBulkCopy.DoWork => SHCloneBulkCopy.GetFiles => SHCloneBulkCopy.LogInfo
 15:00:47.9072  INFO  ShContacts_2015-11-12_12.12.21_42520.1.xls  Stack:SHCloneBulkCopy.DoWork => SHCloneBulkCopy.GetFiles => SHCloneBulkCopy.LogInfo
 15:00:47.9072  INFO  ShTOreport_2015-11-12_12.11.45_42511.1.xls  Stack:SHCloneBulkCopy.DoWork => SHCloneBulkCopy.GetFiles => SHCloneBulkCopy.LogInfo
 15:00:47.9072  INFO  ShTOItem_2015-11-12_12.11.47_42512.zip  Stack:SHCloneBulkCopy.DoWork => SHCloneBulkCopy.GetFiles => SHCloneBulkCopy.LogInfo
 15:00:47.9242  INFO  ShMatTOItems_2015-11-12_12.12.09_42517.1.xls  Stack:SHCloneBulkCopy.DoWork => SHCloneBulkCopy.GetFiles => SHCloneBulkCopy.LogInfo
 15:00:47.9242  INFO  ShWIH_2015-11-12_12.11.45_42510.1.xls  Stack:SHCloneBulkCopy.DoWork => SHCloneBulkCopy.GetFiles => SHCloneBulkCopy.LogInfo
 15:00:47.9242  INFO  ShSostavRabotTO_2015-11-12_12.11.57_42515.1.xls  Stack:SHCloneBulkCopy.DoWork => SHCloneBulkCopy.GetFiles => SHCloneBulkCopy.LogInfo
 15:00:47.9242  INFO  ShSostavRabotTOItems_2015-11-12_12.11.57_42514.1.xls  Stack:SHCloneBulkCopy.DoWork => SHCloneBulkCopy.GetFiles => SHCloneBulkCopy.LogInfo
 15:00:47.9242  INFO  ShAct_2015-11-12_12.12.21_42521.1.xls  Stack:SHCloneBulkCopy.DoWork => SHCloneBulkCopy.GetFiles => SHCloneBulkCopy.LogInfo
 15:00:47.9392  INFO  ShInvoice_2015-11-12_12.08.41_42505.1.xls  Stack:SHCloneBulkCopy.DoWork => SHCloneBulkCopy.GetFiles => SHCloneBulkCopy.LogInfo
 15:00:47.9392  INFO  ShAddAgreement_2015-11-12_12.11.35_42509.1.xls  Stack:SHCloneBulkCopy.DoWork => SHCloneBulkCopy.GetFiles => SHCloneBulkCopy.LogInfo
 15:00:47.9392  INFO  ShAVRS_2015-11-12_12.12.23_42522.1.xls  Stack:SHCloneBulkCopy.DoWork => SHCloneBulkCopy.GetFiles => SHCloneBulkCopy.LogInfo
 15:00:47.9392  INFO  ShLimits_2015-11-12_12.11.35_42507.1.xls  Stack:SHCloneBulkCopy.DoWork => SHCloneBulkCopy.GetFiles => SHCloneBulkCopy.LogInfo
 15:00:47.9542  INFO  ShAVRItem_2015-11-12_12.08.41_42504.zip  Stack:SHCloneBulkCopy.DoWork => SHCloneBulkCopy.GetFiles => SHCloneBulkCopy.LogInfo
 15:00:47.9542  INFO  ShVCRequests_2015-11-12_12.11.35_42508.1.xls  Stack:SHCloneBulkCopy.DoWork => SHCloneBulkCopy.GetFiles => SHCloneBulkCopy.LogInfo
 15:00:49.3603  INFO  Unpacked: ShAVRItem_2015-11-12_12.08.41_42504.zip  Stack:SHCloneBulkCopy.DoWork => SHCloneBulkCopy.UnZipFiles => SHCloneBulkCopy.LogInfo
 15:00:50.0614  INFO  Unpacked: ShSite_2015-11-12_12.11.57_42513.zip  Stack:SHCloneBulkCopy.DoWork => SHCloneBulkCopy.UnZipFiles => SHCloneBulkCopy.LogInfo
 15:00:51.1035  INFO  Unpacked: ShTOItem_2015-11-12_12.11.47_42512.zip  Stack:SHCloneBulkCopy.DoWork => SHCloneBulkCopy.UnZipFiles => SHCloneBulkCopy.LogInfo
 15:00:51.3005  INFO  Ожидали:PriceListItemsId, SapCodeNumber, Price, Description, RevisionId, Unit, SubContractor, PriceListNumber; Нашли:PriceListItemsId, Description, Price, PriceListNumber, RevisionId, Unit, SubContractor, SapCodeNumber  Stack:SHCloneBulkCopy.PrepareQueries => UniReportBulkCopy.ReadFiles => UniReportProtoType.FieldMatching
 15:00:54.7949  INFO  Начинаем чтение файла:ShPriceListItems_2015-11-12_12.12.08_42516.1.xls  Stack:SHCloneBulkCopy.PrepareQueries => UniReportBulkCopy.ReadFiles => UniReportBulkCopy.Read
 15:00:54.7949  INFO  Прочли:0 строк;ShPriceListItems_2015-11-12_12.12.08_42516.1.xls  Stack:SHCloneBulkCopy.PrepareQueries => UniReportBulkCopy.ReadFiles => UniReportBulkCopy.Read
 15:00:55.4399  INFO  Ожидали:FIX, Address, MacroRegion; Нашли:FIX, Address, MacroRegion  Stack:SHCloneBulkCopy.PrepareQueries => UniReportBulkCopy.ReadFiles => UniReportProtoType.FieldMatching
 15:00:55.4399  INFO  Начинаем чтение файла:ShFIX_2015-11-12_12.12.14_42519.1.xls  Stack:SHCloneBulkCopy.PrepareQueries => UniReportBulkCopy.ReadFiles => UniReportBulkCopy.Read
 15:03:27.8232  INFO  Прочли:20941 строк;ShFIX_2015-11-12_12.12.14_42519.1.xls  Stack:SHCloneBulkCopy.PrepareQueries => UniReportBulkCopy.ReadFiles => UniReportBulkCopy.Read
 15:03:27.8602  INFO  Ожидали:FOL, MacroRegion, Branch; Нашли:FOL, MacroRegion, Branch  Stack:SHCloneBulkCopy.PrepareQueries => UniReportBulkCopy.ReadFiles => UniReportProtoType.FieldMatching
 15:03:27.8602  INFO  Начинаем чтение файла:ShFOL_2015-11-12_12.12.10_42518.1.xls  Stack:SHCloneBulkCopy.PrepareQueries => UniReportBulkCopy.ReadFiles => UniReportBulkCopy.Read
 15:03:27.8922  INFO  Прочли:647 строк;ShFOL_2015-11-12_12.12.10_42518.1.xls  Stack:SHCloneBulkCopy.PrepareQueries => UniReportBulkCopy.ReadFiles => UniReportBulkCopy.Read
 15:03:28.5453  INFO  Ожидали:Site, SiteName, Address, Branch, City, MacroRegion, DataVvodaVeqspluatatciu, TipAMS, KolvoAMS, VidTOAMS, MarkaSKV, KolvoSKV, TipSKV, VidTOSKV, TippSKV, KolvopSKV, TipMobilnoiGU, TipStatcionarnoiGU, KolvoStacionarnihGU, KolvoMobilnihGU, TipAUGPT, KolvoAUGPT, Index; Нашли:Site, Address, Branch, City, MacroRegion, DataVvodaVeqspluatatciu, TipAMS, KolvoAMS, VidTOAMS, MarkaSKV, KolvoSKV, TipSKV, VidTOSKV, TippSKV, KolvopSKV, TipMobilnoiGU, TipStatcionarnoiGU, TipAUGPT, KolvoAUGPT, KolvoStacionarnihGU, Index, KolvoMobilnihGU, SiteName  Stack:SHCloneBulkCopy.PrepareQueries => UniReportBulkCopy.ReadFiles => UniReportProtoType.FieldMatching
 15:03:28.5453  INFO  Начинаем чтение файла:ShSite_2015-11-12_12.11.57_42513.1.xls  Stack:SHCloneBulkCopy.PrepareQueries => UniReportBulkCopy.ReadFiles => UniReportBulkCopy.Read
 15:03:31.4245  INFO  Прочли:11131 строк;ShSite_2015-11-12_12.11.57_42513.1.xls  Stack:SHCloneBulkCopy.PrepareQueries => UniReportBulkCopy.ReadFiles => UniReportBulkCopy.Read
 15:03:31.4245  INFO  Начинаем чтение файла:ShSite_2015-11-12_12.11.57_42513.2.xls  Stack:SHCloneBulkCopy.PrepareQueries => UniReportBulkCopy.ReadFiles => UniReportBulkCopy.Read
 15:03:32.7647  INFO  Прочли:11131 строк;ShSite_2015-11-12_12.11.57_42513.2.xls  Stack:SHCloneBulkCopy.PrepareQueries => UniReportBulkCopy.ReadFiles => UniReportBulkCopy.Read
 15:03:32.7647  INFO  Начинаем чтение файла:ShSite_2015-11-12_12.11.57_42513.3.xls  Stack:SHCloneBulkCopy.PrepareQueries => UniReportBulkCopy.ReadFiles => UniReportBulkCopy.Read
 15:03:33.9958  INFO  Прочли:10303 строк;ShSite_2015-11-12_12.11.57_42513.3.xls  Stack:SHCloneBulkCopy.PrepareQueries => UniReportBulkCopy.ReadFiles => UniReportBulkCopy.Read
 15:03:34.0268  INFO  Ожидали:Contact, EMailAddress, SubcFace, WithOutVAT; Нашли:Contact, EMailAddress, SubcFace, WithOutVAT  Stack:SHCloneBulkCopy.PrepareQueries => UniReportBulkCopy.ReadFiles => UniReportProtoType.FieldMatching
 15:03:34.0268  INFO  Начинаем чтение файла:ShContacts_2015-11-12_12.12.21_42520.1.xls  Stack:SHCloneBulkCopy.PrepareQueries => UniReportBulkCopy.ReadFiles => UniReportBulkCopy.Read
 15:03:34.0268  INFO  Прочли:179 строк;ShContacts_2015-11-12_12.12.21_42520.1.xls  Stack:SHCloneBulkCopy.PrepareQueries => UniReportBulkCopy.ReadFiles => UniReportBulkCopy.Read
 15:03:34.1228  INFO  Ожидали:TO, TOapproved, TOType, TOTotalAmmountApproved, TOTotalAmmount, Subcontractor, NomerDogovora, DataDogovora, WorkDescription, SostavRabotTOid, PONumber, POIssueDate, RecallPO, RecallPOComment, PrintSOW, EquipmentTO, Network, ActivityCode, Year, TOTotalAmountNew, PlanObektov, ObichniyRegulyarniyTO, NotForPOR; Нашли:TO, TOapproved, TOType, TOTotalAmmountApproved, TOTotalAmmount, Subcontractor, NomerDogovora, DataDogovora, WorkDescription, SostavRabotTOid, PONumber, RecallPO, RecallPOComment, POIssueDate, PrintSOW, EquipmentTO, Network, ActivityCode, Year, TOTotalAmountNew, PlanObektov, ObichniyRegulyarniyTO, NotForPOR  Stack:SHCloneBulkCopy.PrepareQueries => UniReportBulkCopy.ReadFiles => UniReportProtoType.FieldMatching
 15:03:34.1228  INFO  Начинаем чтение файла:ShTOreport_2015-11-12_12.11.45_42511.1.xls  Stack:SHCloneBulkCopy.PrepareQueries => UniReportBulkCopy.ReadFiles => UniReportBulkCopy.Read
 15:03:34.3918  INFO  Прочли:411 строк;ShTOreport_2015-11-12_12.11.45_42511.1.xls  Stack:SHCloneBulkCopy.PrepareQueries => UniReportBulkCopy.ReadFiles => UniReportBulkCopy.Read
 15:03:35.1919  INFO  Ожидали:TOItem, PORTOItem, TOId, Site, FOL, FIX, PriceFromPL, IDItemFromPL, DescriptionFromPL, PLItemRevisionID, TOPlanDate, TOFactDate, TOPlanDateSubcontractor, Quantity, Price, WorkConfirmedByEricsson, WorkConfirmedByEricssonBy, WorkConfirmedByEricssonDate, FileReportTO1, FileReportTO2, FileReportTO3, FileReportTO4, ActId, ReasonForPartialClosure, EquipmentQuantity, EquipmentName, ExcludeWork, OtchetPredostavlenVCfact, LinkToReportinEridoc, AddAgreementId; Нашли:TOItem, PORTOItem, TOId, Site, FOL, FIX, TOPlanDate, TOFactDate, PriceFromPL, IDItemFromPL, DescriptionFromPL, PLItemRevisionID, TOPlanDateSubcontractor, Quantity, Price, WorkConfirmedByEricsson, WorkConfirmedByEricssonBy, WorkConfirmedByEricssonDate, FileReportTO1, FileReportTO2, FileReportTO3, FileReportTO4, ActId, ReasonForPartialClosure, EquipmentQuantity, EquipmentName, ExcludeWork, OtchetPredostavlenVCfact, LinkToReportinEridoc, AddAgreementId  Stack:SHCloneBulkCopy.PrepareQueries => UniReportBulkCopy.ReadFiles => UniReportProtoType.FieldMatching
 15:03:35.1919  INFO  Начинаем чтение файла:ShTOItem_2015-11-12_12.11.47_42512.1.xls  Stack:SHCloneBulkCopy.PrepareQueries => UniReportBulkCopy.ReadFiles => UniReportBulkCopy.Read
 15:03:45.2049  INFO  Прочли:8534 строк;ShTOItem_2015-11-12_12.11.47_42512.1.xls  Stack:SHCloneBulkCopy.PrepareQueries => UniReportBulkCopy.ReadFiles => UniReportBulkCopy.Read
 15:03:45.2049  INFO  Начинаем чтение файла:ShTOItem_2015-11-12_12.11.47_42512.2.xls  Stack:SHCloneBulkCopy.PrepareQueries => UniReportBulkCopy.ReadFiles => UniReportBulkCopy.Read
 15:03:54.5919  INFO  Прочли:8534 строк;ShTOItem_2015-11-12_12.11.47_42512.2.xls  Stack:SHCloneBulkCopy.PrepareQueries => UniReportBulkCopy.ReadFiles => UniReportBulkCopy.Read
 15:03:54.5919  INFO  Начинаем чтение файла:ShTOItem_2015-11-12_12.11.47_42512.3.xls  Stack:SHCloneBulkCopy.PrepareQueries => UniReportBulkCopy.ReadFiles => UniReportBulkCopy.Read
 15:04:05.9240  INFO  Прочли:8534 строк;ShTOItem_2015-11-12_12.11.47_42512.3.xls  Stack:SHCloneBulkCopy.PrepareQueries => UniReportBulkCopy.ReadFiles => UniReportBulkCopy.Read
 15:04:05.9240  INFO  Начинаем чтение файла:ShTOItem_2015-11-12_12.11.47_42512.4.xls  Stack:SHCloneBulkCopy.PrepareQueries => UniReportBulkCopy.ReadFiles => UniReportBulkCopy.Read
 15:04:16.1550  INFO  Прочли:8534 строк;ShTOItem_2015-11-12_12.11.47_42512.4.xls  Stack:SHCloneBulkCopy.PrepareQueries => UniReportBulkCopy.ReadFiles => UniReportBulkCopy.Read
 15:04:16.1550  INFO  Начинаем чтение файла:ShTOItem_2015-11-12_12.11.47_42512.5.xls  Stack:SHCloneBulkCopy.PrepareQueries => UniReportBulkCopy.ReadFiles => UniReportBulkCopy.Read
 15:04:25.3659  INFO  Прочли:8534 строк;ShTOItem_2015-11-12_12.11.47_42512.5.xls  Stack:SHCloneBulkCopy.PrepareQueries => UniReportBulkCopy.ReadFiles => UniReportBulkCopy.Read
 15:04:25.3669  INFO  Начинаем чтение файла:ShTOItem_2015-11-12_12.11.47_42512.6.xls  Stack:SHCloneBulkCopy.PrepareQueries => UniReportBulkCopy.ReadFiles => UniReportBulkCopy.Read
 15:04:28.0732  INFO  Прочли:3130 строк;ShTOItem_2015-11-12_12.11.47_42512.6.xls  Stack:SHCloneBulkCopy.PrepareQueries => UniReportBulkCopy.ReadFiles => UniReportBulkCopy.Read
 15:04:28.0942  INFO  Ожидали:MatTOId, TOId, Unit, Quantity, Description, Price, IDItemFromPL, PLItemRevisionID, SiteId; Нашли:MatTOId, TOId, Unit, Quantity, Description, Price, SiteId, IDItemFromPL, PLItemRevisionID  Stack:SHCloneBulkCopy.PrepareQueries => UniReportBulkCopy.ReadFiles => UniReportProtoType.FieldMatching
 15:04:28.0942  INFO  Начинаем чтение файла:ShMatTOItems_2015-11-12_12.12.09_42517.1.xls  Stack:SHCloneBulkCopy.PrepareQueries => UniReportBulkCopy.ReadFiles => UniReportBulkCopy.Read
 15:04:28.1072  INFO  Прочли:176 строк;ShMatTOItems_2015-11-12_12.12.09_42517.1.xls  Stack:SHCloneBulkCopy.PrepareQueries => UniReportBulkCopy.ReadFiles => UniReportBulkCopy.Read
 15:04:28.1442  INFO  Ожидали:WIHrequests, RequestSentToODdate, WIHnumber, CompletedByOD, RejectedByOD, RejectedComment, TOid, CorrectionCompleted, Type, AddAgreementId; Нашли:WIHrequests, RequestSentToODdate, WIHnumber, CompletedByOD, RejectedByOD, RejectedComment, TOid, CorrectionCompleted, Type, AddAgreementId  Stack:SHCloneBulkCopy.PrepareQueries => UniReportBulkCopy.ReadFiles => UniReportProtoType.FieldMatching
 15:04:28.1442  INFO  Начинаем чтение файла:ShWIH_2015-11-12_12.11.45_42510.1.xls  Stack:SHCloneBulkCopy.PrepareQueries => UniReportBulkCopy.ReadFiles => UniReportBulkCopy.Read
 15:04:28.6323  INFO  Прочли:578 строк;ShWIH_2015-11-12_12.11.45_42510.1.xls  Stack:SHCloneBulkCopy.PrepareQueries => UniReportBulkCopy.ReadFiles => UniReportBulkCopy.Read
 15:04:28.6453  INFO  Ожидали:SostavRabotTOid; Нашли:SostavRabotTOid  Stack:SHCloneBulkCopy.PrepareQueries => UniReportBulkCopy.ReadFiles => UniReportProtoType.FieldMatching
 15:04:28.6453  INFO  Начинаем чтение файла:ShSostavRabotTO_2015-11-12_12.11.57_42515.1.xls  Stack:SHCloneBulkCopy.PrepareQueries => UniReportBulkCopy.ReadFiles => UniReportBulkCopy.Read
 15:04:28.6453  INFO  Прочли:21 строк;ShSostavRabotTO_2015-11-12_12.11.57_42515.1.xls  Stack:SHCloneBulkCopy.PrepareQueries => UniReportBulkCopy.ReadFiles => UniReportBulkCopy.Read
 15:04:28.6843  INFO  Ожидали:SostavRabotTOItemId, Quantity, Description, SostavRabotTOid, Price; Нашли:SostavRabotTOItemId, Quantity, Description, SostavRabotTOid, Price  Stack:SHCloneBulkCopy.PrepareQueries => UniReportBulkCopy.ReadFiles => UniReportProtoType.FieldMatching
 15:04:28.6843  INFO  Начинаем чтение файла:ShSostavRabotTOItems_2015-11-12_12.11.57_42514.1.xls  Stack:SHCloneBulkCopy.PrepareQueries => UniReportBulkCopy.ReadFiles => UniReportBulkCopy.Read
 15:04:28.7023  INFO  Прочли:274 строк;ShSostavRabotTOItems_2015-11-12_12.11.57_42514.1.xls  Stack:SHCloneBulkCopy.PrepareQueries => UniReportBulkCopy.ReadFiles => UniReportBulkCopy.Read
 15:04:28.7613  INFO  Ожидали:Act, SentDatePeriodStart, SentDatePeriodFinish, SentNoteInformation, TOId, ActLink, GetActLink, StoimostRabot, StoimostMaterialov, ObshayaStoimost, ActApprovedDate; Нашли:Act, SentDatePeriodStart, SentDatePeriodFinish, SentNoteInformation, TOId, ActLink, GetActLink, StoimostRabot, StoimostMaterialov, ObshayaStoimost, ActApprovedDate  Stack:SHCloneBulkCopy.PrepareQueries => UniReportBulkCopy.ReadFiles => UniReportProtoType.FieldMatching
 15:04:28.7613  INFO  Начинаем чтение файла:ShAct_2015-11-12_12.12.21_42521.1.xls  Stack:SHCloneBulkCopy.PrepareQueries => UniReportBulkCopy.ReadFiles => UniReportBulkCopy.Read
 15:04:29.2983  INFO  Прочли:678 строк;ShAct_2015-11-12_12.12.21_42521.1.xls  Stack:SHCloneBulkCopy.PrepareQueries => UniReportBulkCopy.ReadFiles => UniReportBulkCopy.Read
 15:04:29.8704  INFO  Ожидали:InvoiceId, TableName, DocumentType, PaymentTerms, SiteID, PONumber, VendorName, InvoiceNumber, FacturaNumber, DocumentDate, ReceivingDate, LASResponsible, TotalAmount, ApprovedByOD, PassedToFinance, Comments, ScannedToOCRWF, SentToSubcontractor, DeliveryNoteNumber, ResponsiblePerson, TOId, InSH, PmntDate, PstngDate, Clearing, AVRid, ActId; Нашли:InvoiceId, TableName, DocumentType, PaymentTerms, SiteID, PONumber, VendorName, InvoiceNumber, FacturaNumber, DocumentDate, ReceivingDate, LASResponsible, TotalAmount, ApprovedByOD, PassedToFinance, Comments, ScannedToOCRWF, SentToSubcontractor, DeliveryNoteNumber, ResponsiblePerson, TOId, InSH, Clearing, PstngDate, PmntDate, AVRid, ActId  Stack:SHCloneBulkCopy.PrepareQueries => UniReportBulkCopy.ReadFiles => UniReportProtoType.FieldMatching
 15:04:29.8704  INFO  Начинаем чтение файла:ShInvoice_2015-11-12_12.08.41_42505.1.xls  Stack:SHCloneBulkCopy.PrepareQueries => UniReportBulkCopy.ReadFiles => UniReportBulkCopy.Read
 15:04:39.0353  INFO  Прочли:5232 строк;ShInvoice_2015-11-12_12.08.41_42505.1.xls  Stack:SHCloneBulkCopy.PrepareQueries => UniReportBulkCopy.ReadFiles => UniReportBulkCopy.Read
 15:04:39.0353  INFO  Ожидали:AddAgreement, SendAddAgreement, ErrorCreationComment; Нашли:AddAgreement, SendAddAgreement, ErrorCreationComment  Stack:SHCloneBulkCopy.PrepareQueries => UniReportBulkCopy.ReadFiles => UniReportProtoType.FieldMatching
 15:04:39.0353  INFO  Начинаем чтение файла:ShAddAgreement_2015-11-12_12.11.35_42509.1.xls  Stack:SHCloneBulkCopy.PrepareQueries => UniReportBulkCopy.ReadFiles => UniReportBulkCopy.Read
 15:04:39.0353  INFO  Прочли:38 строк;ShAddAgreement_2015-11-12_12.11.35_42509.1.xls  Stack:SHCloneBulkCopy.PrepareQueries => UniReportBulkCopy.ReadFiles => UniReportBulkCopy.Read
 15:04:39.8924  INFO  Ожидали:ObjectCreationDateTime, TaskSubcontractorNumber, DepartmentManager, BranchManagar, FactVypolneniiaRabotPodtverzhdaiuCB, FactVypolneniiaRabotPodtverzhdaiuRukOtd, ZayavkaECRAdmPoluchenaVobrabotku, DataVipuskaPO, PORotpravlenVOD, KomentariiECRAdmKzayavke, SentToSourcing, ApproovedBySoursing, Signed, SentToSubcontractor, BillNumber, FacruteNumber, KZDPoluchen, StatusRassmotreniya, CommentarijRassmotreniya, PeredanoVOplatu, OtpravlenoPodryadchikuDlyaRassmotreniya, DeliveryNumber, RukRegionApproval, MSIPApprove, AVRType, Network, ActivityCode, PaymentDate, ClearingDate, Year, CreatedByEmail, RukOtdelaEmail, Priority, AVRId, Subregion, TotalAmount, WorkStart, WorkEnd, Subcontractor, Project, Region, PurchaseOrderNumber, CreationPORdate, RukOtdela, RukFiliala, SubcontractorRef; Нашли:AVRId, Subregion, TotalAmount, WorkStart, WorkEnd, CreationPORdate, RukOtdela, RukFiliala, Subcontractor, Project, Region, PurchaseOrderNumber, ObjectCreationDateTime, TaskSubcontractorNumber, DepartmentManager, BranchManagar, FactVypolneniiaRabotPodtverzhdaiuCB, FactVypolneniiaRabotPodtverzhdaiuRukOtd, ZayavkaECRAdmPoluchenaVobrabotku, DataVipuskaPO, PORotpravlenVOD, KomentariiECRAdmKzayavke, SentToSourcing, ApproovedBySoursing, Signed, SentToSubcontractor, BillNumber, FacruteNumber, KZDPoluchen, StatusRassmotreniya, CommentarijRassmotreniya, PeredanoVOplatu, OtpravlenoPodryadchikuDlyaRassmotreniya, DeliveryNumber, RukRegionApproval, SubcontractorRef, MSIPApprove, AVRType, Network, ActivityCode, PaymentDate, ClearingDate, Year, CreatedByEmail, RukOtdelaEmail, Priority  Stack:SHCloneBulkCopy.PrepareQueries => UniReportBulkCopy.ReadFiles => UniReportProtoType.FieldMatching
 15:04:39.8924  INFO  Начинаем чтение файла:ShAVRS_2015-11-12_12.12.23_42522.1.xls  Stack:SHCloneBulkCopy.PrepareQueries => UniReportBulkCopy.ReadFiles => UniReportBulkCopy.Read
 15:06:06.9441  INFO  Прочли:5519 строк;ShAVRS_2015-11-12_12.12.23_42522.1.xls  Stack:SHCloneBulkCopy.PrepareQueries => UniReportBulkCopy.ReadFiles => UniReportBulkCopy.Read
 15:06:06.9601  INFO  Ожидали:LimitCode, StartDate, EndDate, Limit, SettedLimit, Executed, Units, Description, ShTestValue; Нашли:LimitCode, StartDate, EndDate, Limit, SettedLimit, Executed, Units, Description, ShTestValue  Stack:SHCloneBulkCopy.PrepareQueries => UniReportBulkCopy.ReadFiles => UniReportProtoType.FieldMatching
 15:06:06.9601  INFO  Начинаем чтение файла:ShLimits_2015-11-12_12.11.35_42507.1.xls  Stack:SHCloneBulkCopy.PrepareQueries => UniReportBulkCopy.ReadFiles => UniReportBulkCopy.Read
 15:06:06.9601  INFO  Прочли:2 строк;ShLimits_2015-11-12_12.11.35_42507.1.xls  Stack:SHCloneBulkCopy.PrepareQueries => UniReportBulkCopy.ReadFiles => UniReportBulkCopy.Read
 15:06:07.6872  INFO  Ожидали:AVRItemId, FIXId, FOLId, SiteId, Description, Price, Quantity, Unit, ECRType, ECRApprove, Region, AVRS_AVRId, Limit_LimitCode, LimitCounted, WorkReason, StartDate, EndDate, Note; Нашли:AVRItemId, Description, Price, Quantity, AVRS_AVRId, FIXId, FOLId, SiteId, Unit, ECRType, ECRApprove, Region, Limit_LimitCode, LimitCounted, WorkReason, StartDate, EndDate, Note  Stack:SHCloneBulkCopy.PrepareQueries => UniReportBulkCopy.ReadFiles => UniReportProtoType.FieldMatching
 15:06:07.6872  INFO  Начинаем чтение файла:ShAVRItem_2015-11-12_12.08.41_42504.1.xls  Stack:SHCloneBulkCopy.PrepareQueries => UniReportBulkCopy.ReadFiles => UniReportBulkCopy.Read
 15:06:08.8833  INFO  Прочли:13474 строк;ShAVRItem_2015-11-12_12.08.41_42504.1.xls  Stack:SHCloneBulkCopy.PrepareQueries => UniReportBulkCopy.ReadFiles => UniReportBulkCopy.Read
 15:06:08.8833  INFO  Начинаем чтение файла:ShAVRItem_2015-11-12_12.08.41_42504.2.xls  Stack:SHCloneBulkCopy.PrepareQueries => UniReportBulkCopy.ReadFiles => UniReportBulkCopy.Read
 15:06:10.1434  INFO  Прочли:13474 строк;ShAVRItem_2015-11-12_12.08.41_42504.2.xls  Stack:SHCloneBulkCopy.PrepareQueries => UniReportBulkCopy.ReadFiles => UniReportBulkCopy.Read
 15:06:10.1434  INFO  Начинаем чтение файла:ShAVRItem_2015-11-12_12.08.41_42504.3.xls  Stack:SHCloneBulkCopy.PrepareQueries => UniReportBulkCopy.ReadFiles => UniReportBulkCopy.Read
 15:06:11.3965  INFO  Прочли:13474 строк;ShAVRItem_2015-11-12_12.08.41_42504.3.xls  Stack:SHCloneBulkCopy.PrepareQueries => UniReportBulkCopy.ReadFiles => UniReportBulkCopy.Read
 15:06:11.3965  INFO  Начинаем чтение файла:ShAVRItem_2015-11-12_12.08.41_42504.4.xls  Stack:SHCloneBulkCopy.PrepareQueries => UniReportBulkCopy.ReadFiles => UniReportBulkCopy.Read
 15:06:12.6167  INFO  Прочли:13474 строк;ShAVRItem_2015-11-12_12.08.41_42504.4.xls  Stack:SHCloneBulkCopy.PrepareQueries => UniReportBulkCopy.ReadFiles => UniReportBulkCopy.Read
 15:06:12.6167  INFO  Начинаем чтение файла:ShAVRItem_2015-11-12_12.08.41_42504.5.xls  Stack:SHCloneBulkCopy.PrepareQueries => UniReportBulkCopy.ReadFiles => UniReportBulkCopy.Read
 15:06:13.3487  INFO  Прочли:7398 строк;ShAVRItem_2015-11-12_12.08.41_42504.5.xls  Stack:SHCloneBulkCopy.PrepareQueries => UniReportBulkCopy.ReadFiles => UniReportBulkCopy.Read
 15:06:13.3657  INFO  Ожидали:Id, ShAVRs_AVRId, CreateDate, NotificationSend, RequestSend, RequestAccept, RequestReject, OrderSend, OrderAccept, OrderReject, RejectReason; Нашли:Id, ShAVRs_AVRId, NotificationSend, RequestSend, RequestAccept, RequestReject, OrderSend, OrderAccept, OrderReject, RejectReason, CreateDate  Stack:SHCloneBulkCopy.PrepareQueries => UniReportBulkCopy.ReadFiles => UniReportProtoType.FieldMatching
 15:06:13.3657  INFO  Начинаем чтение файла:ShVCRequests_2015-11-12_12.11.35_42508.1.xls  Stack:SHCloneBulkCopy.PrepareQueries => UniReportBulkCopy.ReadFiles => UniReportBulkCopy.Read
 15:06:13.3657  INFO  Прочли:0 строк;ShVCRequests_2015-11-12_12.11.35_42508.1.xls  Stack:SHCloneBulkCopy.PrepareQueries => UniReportBulkCopy.ReadFiles => UniReportBulkCopy.Read
 15:06:14.3728  INFO  DistributionHandler - через 5.15:53:45.6271185   Stack:SHCloneBulkCopy.DoWork => TaskManager.SheduleDbUpdate => TaskManager.ShouldStart
 15:06:14.4088  INFO  DistributionHandler3 - через 14:53:45.5911149   Stack:SHCloneBulkCopy.DoWork => TaskManager.SheduleDbUpdate => TaskManager.ShouldStart
 15:06:14.6969  INFO  ----->>> Добавлен таск:Обновление базы сх  Stack:TaskManager.AddDbTasks => TaskManager.AddTask => TaskManager.LogInfo
 15:06:14.7309  INFO  ----->>> Добавлен таск:Автоимпорт на солярисе  Stack:TaskManager.AddDbTasks => TaskManager.AddTask => TaskManager.LogInfo
 15:06:14.7609  INFO  ----->>> Добавлен таск:нет. Отправка новых сап кодов  Stack:TaskManager.AddDbTasks => TaskManager.AddTask => TaskManager.LogInfo
 15:06:14.8209  INFO  ----->>> Добавлен таск:asd  Stack:TaskManager.AddDbTasks => TaskManager.AddTask => TaskManager.LogInfo
 15:06:14.8449  INFO  ----->>> Добавлен таск:Какая то задача, которую леха еще не описал  Stack:TaskManager.AddDbTasks => TaskManager.AddTask => TaskManager.LogInfo
 15:06:14.8699  INFO  ----->>> Добавлен таск:Синхронизация сделанных поров  Stack:TaskManager.AddDbTasks => TaskManager.AddTask => TaskManager.LogInfo
 15:06:14.9009  INFO  ----->>> Добавлен таск:Отправка WIH запросов на САП коды  Stack:TaskManager.AddDbTasks => TaskManager.AddTask => TaskManager.LogInfo
 15:06:14.9409  INFO  ----->>> Добавлен таск:механизм Recall  Stack:TaskManager.AddDbTasks => TaskManager.AddTask => TaskManager.LogInfo
 15:06:14.9549  INFO  ----->>> Добавлен таск:Отправка ТО поров  Stack:TaskManager.AddDbTasks => TaskManager.AddTask => TaskManager.LogInfo
 15:06:14.9859  INFO  ----->>> Добавлен таск:Индексация сайтов  Stack:TaskManager.AddDbTasks => TaskManager.AddTask => TaskManager.LogInfo
 15:06:15.0099  INFO  ----->>> Добавлен таск:механизм Recall  Stack:TaskManager.AddDbTasks => TaskManager.AddTask => TaskManager.LogInfo
 15:06:15.0569  INFO  ----->>> Добавлен таск:Механизм DEL реквестов  Stack:TaskManager.AddDbTasks => TaskManager.AddTask => TaskManager.LogInfo
 15:06:15.0959  INFO  ----->>> Добавлен таск:импорт в сх последних моделей ТО  Stack:TaskManager.AddDbTasks => TaskManager.AddTask => TaskManager.LogInfo
 15:06:15.1349  INFO  ----->>> Добавлен таск:Загрузка в сх Актов  Stack:TaskManager.AddDbTasks => TaskManager.AddTask => TaskManager.LogInfo
 15:06:15.1659  INFO  ----->>> Добавлен таск:SubcontractorSyncHandler  Stack:TaskManager.AddDbTasks => TaskManager.AddTask => TaskManager.LogInfo
 15:06:15.1959  INFO  ----->>> Добавлен таск:Авторепорт солярисе  Stack:TaskManager.AddDbTasks => TaskManager.AddTask => TaskManager.LogInfo
 15:06:15.2359  INFO  ----->>> Добавлен таск:Линк актов с инвойсами  Stack:TaskManager.AddDbTasks => TaskManager.AddTask => TaskManager.LogInfo
 15:06:15.2769  INFO  ----->>> Добавлен таск:обновление планобъектов и тоталамаунтовнью  Stack:TaskManager.AddDbTasks => TaskManager.AddTask => TaskManager.LogInfo
 15:06:15.3089  INFO  ----->>> Добавлен таск:просткановка дат отчет предоставлен  Stack:TaskManager.AddDbTasks => TaskManager.AddTask => TaskManager.LogInfo
 15:06:15.4749  INFO  BackUpHandler - через 14:53:44.5250083   Stack:SHCloneBulkCopy.DoWork => TaskManager.SheduleDbFreeTasks => TaskManager.ShouldStart
 15:06:15.4939  INFO  FolderBackUpHandler - через 14:53:44.5060064   Stack:SHCloneBulkCopy.DoWork => TaskManager.SheduleDbFreeTasks => TaskManager.ShouldStart
 15:06:15.5830  INFO  DataToSH - через 14:53:44.4169975   Stack:SHCloneBulkCopy.DoWork => TaskManager.SheduleDbFreeTasks => TaskManager.ShouldStart
 15:06:15.6350  INFO  ----->>> Добавлен таск:импорт в сх последних моделей ТО  Stack:TaskManager.AddDbTasks => TaskManager.AddTask => TaskManager.LogInfo
 15:06:15.6650  INFO  ----->>> Добавлен таск:Анализ WIH запров  Stack:TaskManager.AddDbTasks => TaskManager.AddTask => TaskManager.LogInfo
 15:06:15.6960  INFO  ----->>> Добавлен таск:Чистка левых WIH запросов  Stack:TaskManager.AddDbTasks => TaskManager.AddTask => TaskManager.LogInfo
 15:06:15.6960  INFO  -------------------ShClone Update End Work:-------------------------  Stack:Service1.<.cctor>b__2 => SHCloneBulkCopy.DoWork => SHCloneBulkCopy.LogInfo
 15:06:17.7432  DEBUG  ------>>> Старт таска: ShCloneUpdate  Stack:Task.InnerInvoke => Service1.<.cctor>b__3 => TaskManager.ProcessTasks
 15:06:17.7432  DEBUG  ShCloneUpdate: DbModels.DomainModels.DbTasks.TaskLog 22  Stack:List`1.ForEach => SHCloneBulkCopyHandler.<Handle>b__2 => TaskLogger.LogDebug
 15:06:17.8542  DEBUG  ShCloneUpdate: DbModels.DomainModels.DbTasks.DbTask 27  Stack:List`1.ForEach => SHCloneBulkCopyHandler.<Handle>b__2 => TaskLogger.LogDebug
 15:06:17.8702  DEBUG  ShCloneUpdate: System.Data.Entity.DynamicProxies.ShCloneUpdateLog_BC58E27460A0EDFF6006E63FF5F206D84C1205EEE664473F0E04A26C4CA5A905 5  Stack:List`1.ForEach => SHCloneBulkCopyHandler.<Handle>b__2 => TaskLogger.LogDebug
 15:06:18.0862  DEBUG  ShCloneUpdate: Всего:57  Stack:TaskBase.Process => SHCloneBulkCopyHandler.Handle => TaskLogger.LogDebug
 15:06:18.1542  WARN  ShCloneUpdate: ..!!..!!..!!..Очищаем таблицы   Stack:TaskBase.Process => SHCloneBulkCopyHandler.Handle => TaskLogger.LogWarn
 15:06:25.3449  WARN  ShCloneUpdate: ..!!..!!..!!..Понеслась!   Stack:TaskBase.Process => SHCloneBulkCopyHandler.Handle => TaskLogger.LogWarn
 15:06:41.5986  WARN  ShCloneUpdate: ..!!..!!..!!..Успешно. Общее время обновления:23,4425496 секунд  Stack:TaskBase.Process => SHCloneBulkCopyHandler.Handle => TaskLogger.LogWarn
 15:06:42.1146  INFO  <<<-----  Удален таск:ShCloneUpdate  Stack:TaskManager.ProcessTasks => TaskManager.RemoveTask => TaskManager.LogInfo
 15:06:42.1146  INFO  <<<-----  В очереди: SOLAutoImport, SapCodeSend, TOImport, TORefresh, AVRSynchronization, SendWIHSAPCodeRequest, PORecallHandler, SendWIHPORRequests, SiteIndexerHandler, PORecallHandler, SendWIHPORDelRequests, ActToSHHandler, ActPrintToSHHandler, SubcontractorSyncHandler, SOLAutoReport, ActsInvoiceLinkingHandler, TOTotalAmmountUpdate, TOItemOtchetPredostHandler, TOToSHHandler, WIHAnalyzer, WIHTrashCleaner------>>>  Stack:TaskManager.ProcessTasks => TaskManager.RemoveTask => TaskManager.LogInfo
 15:06:47.1541  DEBUG  ------>>> Старт таска: SOLAutoImport  Stack:Task.InnerInvoke => Service1.<.cctor>b__3 => TaskManager.ProcessTasks
 15:33:56.2132  WARN  -------------------ShClone Started:---------------------------------  Stack:Service1.<.cctor>b__2 => SHCloneBulkCopy.DoWork => SHCloneBulkCopy.LogWarn
