 10:12:19.6857   ERROR  В базе отсутствует дбтаск для обновления базы схклона  Stack:Service1.<.cctor>b__2 => SHCloneBulkCopy.DoWork => TaskManager.SheduleDbUpdate
 10:17:48.6406   ERROR  Количество найденых полей не совпадает с ожидаемым!  Stack:SHCloneBulkCopy.PrepareQueries => UniReportBulkCopy.ReadFiles => UniReportProtoType.FieldMatching
 10:17:48.6406   ERROR  Ожидали:AVRItemId, FIXId, FOLId, SiteId, Description, Price, Quantity, Unit, ECRType, ECRApprove, Region, AVRFId, AVRSId, LimitCode, LimitCounted; Нашли:AVRItemId, Description, Price, Quantity, AVRSId, AVRFId, FIXId, FOLId, SiteId, Unit, ECRType, ECRApprove, Region, LimitCode  Stack:SHCloneBulkCopy.PrepareQueries => UniReportBulkCopy.ReadFiles => UniReportProtoType.FieldMatching
 10:17:48.6406   ERROR  LimitCounted  Stack:SHCloneBulkCopy.PrepareQueries => UniReportBulkCopy.ReadFiles => UniReportProtoType.FieldMatching
 10:19:28.3616   ERROR  Количество найденых полей не совпадает с ожидаемым!  Stack:SHCloneBulkCopy.PrepareQueries => UniReportBulkCopy.ReadFiles => UniReportProtoType.FieldMatching
 10:19:31.3989   ERROR  Ожидали:AVRItemId, FIXId, FOLId, SiteId, Description, Price, Quantity, Unit, ECRType, ECRApprove, Region, AVRFId, AVRSId, LimitCode, LimitCounted; Нашли:AVRItemId, Description, Price, Quantity, AVRSId, AVRFId, FIXId, FOLId, SiteId, Unit, ECRType, ECRApprove, Region, LimitCode  Stack:SHCloneBulkCopy.PrepareQueries => UniReportBulkCopy.ReadFiles => UniReportProtoType.FieldMatching
 10:19:32.1520   ERROR  LimitCounted  Stack:SHCloneBulkCopy.PrepareQueries => UniReportBulkCopy.ReadFiles => UniReportProtoType.FieldMatching
 10:26:14.3861   ERROR  Количество найденых полей не совпадает с ожидаемым!  Stack:SHCloneBulkCopy.PrepareQueries => UniReportBulkCopy.ReadFiles => UniReportProtoType.FieldMatching
 10:26:15.1302   ERROR  Ожидали:Id, ShAVRS_AVRId, CreateDate, NotificationSend, RequestSend, RequestAccept, RequestReject, OrderSend, OrderAccept, OrderReject, RejectReason; Нашли:Id, NotificationSend, RequestSend, RequestAccept, RequestReject, OrderSend, OrderAccept, OrderReject, RejectReason, CreateDate  Stack:SHCloneBulkCopy.PrepareQueries => UniReportBulkCopy.ReadFiles => UniReportProtoType.FieldMatching
 10:26:16.6013   ERROR  ShAVRS_AVRId  Stack:SHCloneBulkCopy.PrepareQueries => UniReportBulkCopy.ReadFiles => UniReportProtoType.FieldMatching
 10:31:17.3827   ERROR  ShCloneUpdate: Ошибка при заливке информации в базу. Таблица ShVCRequests Message: The given ColumnMapping does not match up with any column in the source or destination.  Stack:TaskBase.Process => SHCloneBulkCopyHandler.Handle => TaskLogger.LogError
 10:43:30.4669   ERROR  Количество найденых полей не совпадает с ожидаемым!  Stack:SHCloneBulkCopy.PrepareQueries => UniReportBulkCopy.ReadFiles => UniReportProtoType.FieldMatching
 10:56:31.9502   ERROR  ShCloneUpdate: Ошибка дропа таблицы ShAVRSs  Stack:TaskBase.Process => SHCloneBulkCopyHandler.Handle => TaskLogger.LogError
 14:34:36.8045   ERROR  Количество найденых полей не совпадает с ожидаемым!  Stack:SHCloneBulkCopy.PrepareQueries => UniReportBulkCopy.ReadFiles => UniReportProtoType.FieldMatching
 14:34:37.6755   ERROR  Ожидали:AVRItemId, FIXId, FOLId, SiteId, Description, Price, Quantity, Unit, ECRType, ECRApprove, Region, AVRFId, AVRSId, Limit_LimitCode, LimitCounted, WorkReason, StartDate, EndDate, Note; Нашли:AVRItemId, Description, Price, Quantity, AVRSId, AVRFId, FIXId, FOLId, SiteId, Unit, ECRType, ECRApprove, Region, Limit_LimitCode, LimitCounted  Stack:SHCloneBulkCopy.PrepareQueries => UniReportBulkCopy.ReadFiles => UniReportProtoType.FieldMatching
 14:37:33.3475   ERROR  Количество найденых полей не совпадает с ожидаемым!  Stack:SHCloneBulkCopy.PrepareQueries => UniReportBulkCopy.ReadFiles => UniReportProtoType.FieldMatching
 14:37:35.3297   ERROR  Ожидали:Site, SiteName, Address, Branch, City, MacroRegion, DataVvodaVeqspluatatciu, TipAMS, KolvoAMS, VidTOAMS, MarkaSKV, KolvoSKV, TipSKV, VidTOSKV, TippSKV, KolvopSKV, TipMobilnoiGU, TipStatcionarnoiGU, KolvoStacionarnihGU, KolvoMobilnihGU, TipAUGPT, KolvoAUGPT, Index; Нашли:Site, Address, Branch, City, MacroRegion, DataVvodaVeqspluatatciu, TipAMS, KolvoAMS, VidTOAMS, MarkaSKV, KolvoSKV, TipSKV, VidTOSKV, TippSKV, KolvopSKV, TipMobilnoiGU, TipStatcionarnoiGU, TipAUGPT, KolvoAUGPT, KolvoStacionarnihGU, Index, KolvoMobilnihGU  Stack:SHCloneBulkCopy.PrepareQueries => UniReportBulkCopy.ReadFiles => UniReportProtoType.FieldMatching
 14:37:36.0754   ERROR  SiteName  Stack:SHCloneBulkCopy.PrepareQueries => UniReportBulkCopy.ReadFiles => UniReportProtoType.FieldMatching
 14:48:17.9560   ERROR  ShCloneUpdate: Ошибка дропа таблицы ShAVRSs  Stack:TaskBase.Process => SHCloneBulkCopyHandler.Handle => TaskLogger.LogError
 14:48:31.3490   ERROR  ShCloneUpdate: Ошибка при заливке информации в базу. Таблица ShAVRSs Message: Violation of PRIMARY KEY constraint 'PK_dbo.ShAVRSs'. Cannot insert duplicate key in object 'dbo.ShAVRSs'. The duplicate key value is (200001).
The statement has been terminated.  Stack:TaskBase.Process => SHCloneBulkCopyHandler.Handle => TaskLogger.LogError
